{"/Users/kgrimes/Developer/src/github.com/kgrimes2/kdm-settlement-manager/src/App.css": {"path":"/Users/kgrimes/Developer/src/github.com/kgrimes2/kdm-settlement-manager/src/App.css","statementMap":{},"fnMap":{},"branchMap":{},"s":{},"f":{},"b":{},"meta":{"lastBranch":0,"lastFunction":0,"lastStatement":0,"seen":{}}}
,"/Users/kgrimes/Developer/src/github.com/kgrimes2/kdm-settlement-manager/src/App.tsx": {"path":"/Users/kgrimes/Developer/src/github.com/kgrimes2/kdm-settlement-manager/src/App.tsx","statementMap":{"0":{"start":{"line":20,"column":20},"end":{"line":20,"column":null}},"1":{"start":{"line":25,"column":44},"end":{"line":25,"column":null}},"2":{"start":{"line":26,"column":42},"end":{"line":26,"column":null}},"3":{"start":{"line":28,"column":30},"end":{"line":52,"column":null}},"4":{"start":{"line":30,"column":4},"end":{"line":47,"column":null}},"5":{"start":{"line":31,"column":25},"end":{"line":31,"column":null}},"6":{"start":{"line":32,"column":6},"end":{"line":43,"column":null}},"7":{"start":{"line":33,"column":23},"end":{"line":33,"column":null}},"8":{"start":{"line":34,"column":14},"end":{"line":34,"column":null}},"9":{"start":{"line":37,"column":8},"end":{"line":42,"column":null}},"10":{"start":{"line":38,"column":10},"end":{"line":38,"column":null}},"11":{"start":{"line":39,"column":10},"end":{"line":39,"column":null}},"12":{"start":{"line":41,"column":10},"end":{"line":41,"column":null}},"13":{"start":{"line":45,"column":6},"end":{"line":45,"column":null}},"14":{"start":{"line":50,"column":4},"end":{"line":50,"column":null}},"15":{"start":{"line":51,"column":4},"end":{"line":51,"column":null}},"16":{"start":{"line":53,"column":38},"end":{"line":53,"column":null}},"17":{"start":{"line":54,"column":46},"end":{"line":54,"column":null}},"18":{"start":{"line":55,"column":44},"end":{"line":55,"column":null}},"19":{"start":{"line":56,"column":46},"end":{"line":56,"column":null}},"20":{"start":{"line":57,"column":50},"end":{"line":57,"column":null}},"21":{"start":{"line":58,"column":52},"end":{"line":58,"column":null}},"22":{"start":{"line":59,"column":44},"end":{"line":59,"column":null}},"23":{"start":{"line":60,"column":52},"end":{"line":60,"column":null}},"24":{"start":{"line":61,"column":40},"end":{"line":61,"column":null}},"25":{"start":{"line":62,"column":8},"end":{"line":62,"column":null}},"26":{"start":{"line":63,"column":42},"end":{"line":63,"column":null}},"27":{"start":{"line":64,"column":48},"end":{"line":64,"column":null}},"28":{"start":{"line":66,"column":28},"end":{"line":66,"column":null}},"29":{"start":{"line":67,"column":42},"end":{"line":67,"column":null}},"30":{"start":{"line":68,"column":42},"end":{"line":68,"column":null}},"31":{"start":{"line":69,"column":48},"end":{"line":69,"column":null}},"32":{"start":{"line":70,"column":48},"end":{"line":70,"column":null}},"33":{"start":{"line":71,"column":50},"end":{"line":71,"column":null}},"34":{"start":{"line":72,"column":50},"end":{"line":72,"column":null}},"35":{"start":{"line":73,"column":58},"end":{"line":73,"column":null}},"36":{"start":{"line":74,"column":48},"end":{"line":74,"column":null}},"37":{"start":{"line":75,"column":62},"end":{"line":75,"column":null}},"38":{"start":{"line":76,"column":48},"end":{"line":76,"column":null}},"39":{"start":{"line":77,"column":50},"end":{"line":77,"column":null}},"40":{"start":{"line":78,"column":54},"end":{"line":78,"column":null}},"41":{"start":{"line":79,"column":38},"end":{"line":88,"column":null}},"42":{"start":{"line":81,"column":21},"end":{"line":82,"column":null}},"43":{"start":{"line":84,"column":4},"end":{"line":84,"column":null}},"44":{"start":{"line":84,"column":18},"end":{"line":84,"column":null}},"45":{"start":{"line":86,"column":22},"end":{"line":86,"column":null}},"46":{"start":{"line":87,"column":4},"end":{"line":87,"column":null}},"47":{"start":{"line":89,"column":64},"end":{"line":89,"column":null}},"48":{"start":{"line":90,"column":46},"end":{"line":90,"column":null}},"49":{"start":{"line":91,"column":54},"end":{"line":91,"column":null}},"50":{"start":{"line":92,"column":60},"end":{"line":92,"column":null}},"51":{"start":{"line":93,"column":60},"end":{"line":93,"column":null}},"52":{"start":{"line":96,"column":44},"end":{"line":96,"column":null}},"53":{"start":{"line":97,"column":46},"end":{"line":97,"column":null}},"54":{"start":{"line":98,"column":48},"end":{"line":98,"column":null}},"55":{"start":{"line":100,"column":31},"end":{"line":106,"column":null}},"56":{"start":{"line":101,"column":4},"end":{"line":105,"column":null}},"57":{"start":{"line":102,"column":19},"end":{"line":102,"column":null}},"58":{"start":{"line":103,"column":6},"end":{"line":103,"column":null}},"59":{"start":{"line":104,"column":6},"end":{"line":104,"column":null}},"60":{"start":{"line":107,"column":44},"end":{"line":107,"column":null}},"61":{"start":{"line":109,"column":26},"end":{"line":109,"column":null}},"62":{"start":{"line":110,"column":23},"end":{"line":110,"column":null}},"63":{"start":{"line":112,"column":8},"end":{"line":127,"column":null}},"64":{"start":{"line":113,"column":4},"end":{"line":113,"column":null}},"65":{"start":{"line":113,"column":36},"end":{"line":113,"column":null}},"66":{"start":{"line":114,"column":4},"end":{"line":114,"column":null}},"67":{"start":{"line":115,"column":4},"end":{"line":126,"column":null}},"68":{"start":{"line":116,"column":23},"end":{"line":116,"column":null}},"69":{"start":{"line":117,"column":6},"end":{"line":117,"column":null}},"70":{"start":{"line":117,"column":24},"end":{"line":117,"column":null}},"71":{"start":{"line":118,"column":19},"end":{"line":118,"column":null}},"72":{"start":{"line":119,"column":20},"end":{"line":119,"column":null}},"73":{"start":{"line":120,"column":6},"end":{"line":120,"column":null}},"74":{"start":{"line":120,"column":33},"end":{"line":120,"column":52}},"75":{"start":{"line":121,"column":6},"end":{"line":121,"column":null}},"76":{"start":{"line":121,"column":34},"end":{"line":121,"column":57}},"77":{"start":{"line":123,"column":6},"end":{"line":123,"column":null}},"78":{"start":{"line":125,"column":6},"end":{"line":125,"column":null}},"79":{"start":{"line":130,"column":8},"end":{"line":148,"column":null}},"80":{"start":{"line":131,"column":4},"end":{"line":131,"column":null}},"81":{"start":{"line":131,"column":23},"end":{"line":131,"column":null}},"82":{"start":{"line":132,"column":14},"end":{"line":132,"column":null}},"83":{"start":{"line":133,"column":24},"end":{"line":133,"column":null}},"84":{"start":{"line":134,"column":4},"end":{"line":144,"column":null}},"85":{"start":{"line":135,"column":6},"end":{"line":135,"column":null}},"86":{"start":{"line":135,"column":38},"end":{"line":135,"column":null}},"87":{"start":{"line":136,"column":6},"end":{"line":143,"column":null}},"88":{"start":{"line":137,"column":26},"end":{"line":137,"column":null}},"89":{"start":{"line":138,"column":25},"end":{"line":138,"column":null}},"90":{"start":{"line":139,"column":8},"end":{"line":142,"column":null}},"91":{"start":{"line":140,"column":10},"end":{"line":140,"column":null}},"92":{"start":{"line":141,"column":10},"end":{"line":141,"column":null}},"93":{"start":{"line":145,"column":4},"end":{"line":147,"column":null}},"94":{"start":{"line":146,"column":6},"end":{"line":146,"column":null}},"95":{"start":{"line":151,"column":31},"end":{"line":153,"column":null}},"96":{"start":{"line":152,"column":4},"end":{"line":152,"column":null}},"97":{"start":{"line":152,"column":42},"end":{"line":152,"column":79}},"98":{"start":{"line":155,"column":28},"end":{"line":155,"column":null}},"99":{"start":{"line":158,"column":2},"end":{"line":168,"column":null}},"100":{"start":{"line":159,"column":22},"end":{"line":165,"column":null}},"101":{"start":{"line":160,"column":6},"end":{"line":164,"column":null}},"102":{"start":{"line":161,"column":8},"end":{"line":161,"column":null}},"103":{"start":{"line":163,"column":8},"end":{"line":163,"column":null}},"104":{"start":{"line":167,"column":4},"end":{"line":167,"column":null}},"105":{"start":{"line":167,"column":17},"end":{"line":167,"column":null}},"106":{"start":{"line":171,"column":2},"end":{"line":181,"column":null}},"107":{"start":{"line":172,"column":24},"end":{"line":176,"column":null}},"108":{"start":{"line":173,"column":23},"end":{"line":174,"column":null}},"109":{"start":{"line":175,"column":6},"end":{"line":175,"column":null}},"110":{"start":{"line":178,"column":4},"end":{"line":178,"column":null}},"111":{"start":{"line":179,"column":4},"end":{"line":179,"column":null}},"112":{"start":{"line":180,"column":4},"end":{"line":180,"column":null}},"113":{"start":{"line":180,"column":17},"end":{"line":180,"column":null}},"114":{"start":{"line":184,"column":2},"end":{"line":200,"column":null}},"115":{"start":{"line":185,"column":4},"end":{"line":185,"column":null}},"116":{"start":{"line":185,"column":25},"end":{"line":185,"column":null}},"117":{"start":{"line":186,"column":21},"end":{"line":186,"column":null}},"118":{"start":{"line":187,"column":4},"end":{"line":187,"column":null}},"119":{"start":{"line":187,"column":19},"end":{"line":187,"column":null}},"120":{"start":{"line":189,"column":23},"end":{"line":189,"column":null}},"121":{"start":{"line":190,"column":21},"end":{"line":196,"column":null}},"122":{"start":{"line":191,"column":21},"end":{"line":191,"column":null}},"123":{"start":{"line":192,"column":6},"end":{"line":194,"column":null}},"124":{"start":{"line":193,"column":8},"end":{"line":193,"column":null}},"125":{"start":{"line":195,"column":6},"end":{"line":195,"column":null}},"126":{"start":{"line":198,"column":4},"end":{"line":198,"column":null}},"127":{"start":{"line":199,"column":4},"end":{"line":199,"column":null}},"128":{"start":{"line":199,"column":17},"end":{"line":199,"column":null}},"129":{"start":{"line":203,"column":2},"end":{"line":207,"column":null}},"130":{"start":{"line":204,"column":4},"end":{"line":206,"column":null}},"131":{"start":{"line":205,"column":6},"end":{"line":205,"column":null}},"132":{"start":{"line":210,"column":2},"end":{"line":212,"column":null}},"133":{"start":{"line":211,"column":4},"end":{"line":211,"column":null}},"134":{"start":{"line":215,"column":2},"end":{"line":244,"column":null}},"135":{"start":{"line":216,"column":26},"end":{"line":240,"column":null}},"136":{"start":{"line":218,"column":6},"end":{"line":220,"column":null}},"137":{"start":{"line":219,"column":8},"end":{"line":219,"column":null}},"138":{"start":{"line":222,"column":6},"end":{"line":239,"column":null}},"139":{"start":{"line":223,"column":8},"end":{"line":229,"column":null}},"140":{"start":{"line":224,"column":10},"end":{"line":224,"column":null}},"141":{"start":{"line":225,"column":8},"end":{"line":229,"column":null}},"142":{"start":{"line":226,"column":10},"end":{"line":226,"column":null}},"143":{"start":{"line":227,"column":8},"end":{"line":229,"column":null}},"144":{"start":{"line":228,"column":10},"end":{"line":228,"column":null}},"145":{"start":{"line":230,"column":6},"end":{"line":239,"column":null}},"146":{"start":{"line":231,"column":8},"end":{"line":231,"column":null}},"147":{"start":{"line":232,"column":8},"end":{"line":232,"column":null}},"148":{"start":{"line":233,"column":6},"end":{"line":239,"column":null}},"149":{"start":{"line":234,"column":8},"end":{"line":234,"column":null}},"150":{"start":{"line":235,"column":8},"end":{"line":235,"column":null}},"151":{"start":{"line":236,"column":6},"end":{"line":239,"column":null}},"152":{"start":{"line":237,"column":8},"end":{"line":237,"column":null}},"153":{"start":{"line":238,"column":8},"end":{"line":238,"column":null}},"154":{"start":{"line":242,"column":4},"end":{"line":242,"column":null}},"155":{"start":{"line":243,"column":4},"end":{"line":243,"column":null}},"156":{"start":{"line":243,"column":17},"end":{"line":243,"column":null}},"157":{"start":{"line":247,"column":2},"end":{"line":289,"column":null}},"158":{"start":{"line":248,"column":4},"end":{"line":248,"column":null}},"159":{"start":{"line":248,"column":53},"end":{"line":248,"column":null}},"160":{"start":{"line":250,"column":22},"end":{"line":250,"column":null}},"161":{"start":{"line":251,"column":22},"end":{"line":251,"column":null}},"162":{"start":{"line":252,"column":20},"end":{"line":252,"column":null}},"163":{"start":{"line":253,"column":20},"end":{"line":253,"column":null}},"164":{"start":{"line":255,"column":29},"end":{"line":258,"column":null}},"165":{"start":{"line":256,"column":6},"end":{"line":256,"column":null}},"166":{"start":{"line":257,"column":6},"end":{"line":257,"column":null}},"167":{"start":{"line":260,"column":27},"end":{"line":264,"column":null}},"168":{"start":{"line":261,"column":6},"end":{"line":261,"column":null}},"169":{"start":{"line":262,"column":6},"end":{"line":262,"column":null}},"170":{"start":{"line":263,"column":6},"end":{"line":263,"column":null}},"171":{"start":{"line":266,"column":24},"end":{"line":280,"column":null}},"172":{"start":{"line":267,"column":21},"end":{"line":267,"column":null}},"173":{"start":{"line":268,"column":21},"end":{"line":268,"column":null}},"174":{"start":{"line":271,"column":6},"end":{"line":279,"column":null}},"175":{"start":{"line":272,"column":8},"end":{"line":278,"column":null}},"176":{"start":{"line":274,"column":10},"end":{"line":274,"column":null}},"177":{"start":{"line":277,"column":10},"end":{"line":277,"column":null}},"178":{"start":{"line":282,"column":4},"end":{"line":282,"column":null}},"179":{"start":{"line":283,"column":4},"end":{"line":283,"column":null}},"180":{"start":{"line":285,"column":4},"end":{"line":288,"column":null}},"181":{"start":{"line":286,"column":6},"end":{"line":286,"column":null}},"182":{"start":{"line":287,"column":6},"end":{"line":287,"column":null}},"183":{"start":{"line":292,"column":2},"end":{"line":307,"column":null}},"184":{"start":{"line":293,"column":31},"end":{"line":298,"column":null}},"185":{"start":{"line":294,"column":21},"end":{"line":294,"column":null}},"186":{"start":{"line":295,"column":6},"end":{"line":297,"column":null}},"187":{"start":{"line":296,"column":8},"end":{"line":296,"column":null}},"188":{"start":{"line":300,"column":4},"end":{"line":302,"column":null}},"189":{"start":{"line":301,"column":6},"end":{"line":301,"column":null}},"190":{"start":{"line":304,"column":4},"end":{"line":306,"column":null}},"191":{"start":{"line":305,"column":6},"end":{"line":305,"column":null}},"192":{"start":{"line":310,"column":2},"end":{"line":325,"column":null}},"193":{"start":{"line":311,"column":31},"end":{"line":316,"column":null}},"194":{"start":{"line":312,"column":21},"end":{"line":312,"column":null}},"195":{"start":{"line":313,"column":6},"end":{"line":315,"column":null}},"196":{"start":{"line":314,"column":8},"end":{"line":314,"column":null}},"197":{"start":{"line":318,"column":4},"end":{"line":320,"column":null}},"198":{"start":{"line":319,"column":6},"end":{"line":319,"column":null}},"199":{"start":{"line":322,"column":4},"end":{"line":324,"column":null}},"200":{"start":{"line":323,"column":6},"end":{"line":323,"column":null}},"201":{"start":{"line":328,"column":2},"end":{"line":344,"column":null}},"202":{"start":{"line":329,"column":31},"end":{"line":335,"column":null}},"203":{"start":{"line":330,"column":21},"end":{"line":330,"column":null}},"204":{"start":{"line":331,"column":6},"end":{"line":334,"column":null}},"205":{"start":{"line":332,"column":8},"end":{"line":332,"column":null}},"206":{"start":{"line":333,"column":8},"end":{"line":333,"column":null}},"207":{"start":{"line":337,"column":4},"end":{"line":339,"column":null}},"208":{"start":{"line":338,"column":6},"end":{"line":338,"column":null}},"209":{"start":{"line":341,"column":4},"end":{"line":343,"column":null}},"210":{"start":{"line":342,"column":6},"end":{"line":342,"column":null}},"211":{"start":{"line":346,"column":20},"end":{"line":362,"column":null}},"212":{"start":{"line":347,"column":4},"end":{"line":347,"column":null}},"213":{"start":{"line":348,"column":4},"end":{"line":361,"column":null}},"214":{"start":{"line":349,"column":25},"end":{"line":349,"column":null}},"215":{"start":{"line":350,"column":30},"end":{"line":350,"column":null}},"216":{"start":{"line":351,"column":20},"end":{"line":351,"column":null}},"217":{"start":{"line":352,"column":17},"end":{"line":352,"column":null}},"218":{"start":{"line":354,"column":37},"end":{"line":356,"column":null}},"219":{"start":{"line":358,"column":6},"end":{"line":358,"column":null}},"220":{"start":{"line":359,"column":6},"end":{"line":359,"column":null}},"221":{"start":{"line":360,"column":6},"end":{"line":360,"column":null}},"222":{"start":{"line":364,"column":23},"end":{"line":390,"column":null}},"223":{"start":{"line":365,"column":4},"end":{"line":365,"column":null}},"224":{"start":{"line":366,"column":4},"end":{"line":389,"column":null}},"225":{"start":{"line":367,"column":25},"end":{"line":367,"column":null}},"226":{"start":{"line":368,"column":30},"end":{"line":368,"column":null}},"227":{"start":{"line":370,"column":29},"end":{"line":380,"column":null}},"228":{"start":{"line":371,"column":8},"end":{"line":371,"column":null}},"229":{"start":{"line":371,"column":36},"end":{"line":371,"column":null}},"230":{"start":{"line":374,"column":8},"end":{"line":379,"column":null}},"231":{"start":{"line":375,"column":10},"end":{"line":375,"column":null}},"232":{"start":{"line":378,"column":10},"end":{"line":378,"column":null}},"233":{"start":{"line":380,"column":41},"end":{"line":380,"column":51}},"234":{"start":{"line":382,"column":6},"end":{"line":386,"column":null}},"235":{"start":{"line":383,"column":8},"end":{"line":383,"column":null}},"236":{"start":{"line":385,"column":8},"end":{"line":385,"column":null}},"237":{"start":{"line":388,"column":6},"end":{"line":388,"column":null}},"238":{"start":{"line":392,"column":30},"end":{"line":397,"column":null}},"239":{"start":{"line":394,"column":4},"end":{"line":396,"column":null}},"240":{"start":{"line":395,"column":6},"end":{"line":395,"column":null}},"241":{"start":{"line":399,"column":31},"end":{"line":404,"column":null}},"242":{"start":{"line":401,"column":4},"end":{"line":403,"column":null}},"243":{"start":{"line":402,"column":6},"end":{"line":402,"column":null}},"244":{"start":{"line":406,"column":33},"end":{"line":412,"column":null}},"245":{"start":{"line":407,"column":10},"end":{"line":407,"column":null}},"246":{"start":{"line":408,"column":4},"end":{"line":408,"column":null}},"247":{"start":{"line":409,"column":4},"end":{"line":411,"column":null}},"248":{"start":{"line":410,"column":6},"end":{"line":410,"column":null}},"249":{"start":{"line":414,"column":29},"end":{"line":420,"column":null}},"250":{"start":{"line":415,"column":10},"end":{"line":415,"column":null}},"251":{"start":{"line":416,"column":4},"end":{"line":416,"column":null}},"252":{"start":{"line":417,"column":4},"end":{"line":419,"column":null}},"253":{"start":{"line":418,"column":6},"end":{"line":418,"column":null}},"254":{"start":{"line":423,"column":27},"end":{"line":429,"column":null}},"255":{"start":{"line":424,"column":4},"end":{"line":428,"column":null}},"256":{"start":{"line":424,"column":25},"end":{"line":428,"column":6}},"257":{"start":{"line":431,"column":27},"end":{"line":446,"column":null}},"258":{"start":{"line":432,"column":42},"end":{"line":440,"column":null}},"259":{"start":{"line":441,"column":4},"end":{"line":444,"column":null}},"260":{"start":{"line":441,"column":25},"end":{"line":444,"column":6}},"261":{"start":{"line":445,"column":4},"end":{"line":445,"column":null}},"262":{"start":{"line":448,"column":27},"end":{"line":455,"column":null}},"263":{"start":{"line":449,"column":4},"end":{"line":454,"column":null}},"264":{"start":{"line":449,"column":25},"end":{"line":454,"column":6}},"265":{"start":{"line":452,"column":8},"end":{"line":452,"column":null}},"266":{"start":{"line":457,"column":27},"end":{"line":470,"column":null}},"267":{"start":{"line":458,"column":4},"end":{"line":469,"column":null}},"268":{"start":{"line":459,"column":23},"end":{"line":459,"column":null}},"269":{"start":{"line":459,"column":52},"end":{"line":459,"column":73}},"270":{"start":{"line":461,"column":27},"end":{"line":463,"column":null}},"271":{"start":{"line":464,"column":6},"end":{"line":468,"column":null}},"272":{"start":{"line":472,"column":25},"end":{"line":487,"column":null}},"273":{"start":{"line":473,"column":4},"end":{"line":486,"column":null}},"274":{"start":{"line":473,"column":25},"end":{"line":486,"column":6}},"275":{"start":{"line":476,"column":8},"end":{"line":484,"column":null}},"276":{"start":{"line":489,"column":29},"end":{"line":492,"column":null}},"277":{"start":{"line":490,"column":4},"end":{"line":490,"column":null}},"278":{"start":{"line":491,"column":4},"end":{"line":491,"column":null}},"279":{"start":{"line":494,"column":32},"end":{"line":503,"column":null}},"280":{"start":{"line":495,"column":4},"end":{"line":502,"column":null}},"281":{"start":{"line":495,"column":25},"end":{"line":502,"column":6}},"282":{"start":{"line":498,"column":8},"end":{"line":500,"column":null}},"283":{"start":{"line":505,"column":23},"end":{"line":516,"column":null}},"284":{"start":{"line":506,"column":20},"end":{"line":506,"column":null}},"285":{"start":{"line":507,"column":21},"end":{"line":507,"column":null}},"286":{"start":{"line":508,"column":16},"end":{"line":508,"column":null}},"287":{"start":{"line":509,"column":17},"end":{"line":509,"column":null}},"288":{"start":{"line":510,"column":4},"end":{"line":510,"column":null}},"289":{"start":{"line":511,"column":4},"end":{"line":511,"column":null}},"290":{"start":{"line":512,"column":4},"end":{"line":512,"column":null}},"291":{"start":{"line":513,"column":4},"end":{"line":513,"column":null}},"292":{"start":{"line":514,"column":4},"end":{"line":514,"column":null}},"293":{"start":{"line":515,"column":4},"end":{"line":515,"column":null}},"294":{"start":{"line":518,"column":23},"end":{"line":520,"column":null}},"295":{"start":{"line":519,"column":4},"end":{"line":519,"column":null}},"296":{"start":{"line":522,"column":27},"end":{"line":525,"column":null}},"297":{"start":{"line":523,"column":4},"end":{"line":523,"column":null}},"298":{"start":{"line":524,"column":4},"end":{"line":524,"column":null}},"299":{"start":{"line":524,"column":21},"end":{"line":524,"column":44}},"300":{"start":{"line":527,"column":28},"end":{"line":534,"column":null}},"301":{"start":{"line":528,"column":4},"end":{"line":528,"column":null}},"302":{"start":{"line":528,"column":25},"end":{"line":528,"column":null}},"303":{"start":{"line":529,"column":4},"end":{"line":529,"column":null}},"304":{"start":{"line":530,"column":4},"end":{"line":533,"column":null}},"305":{"start":{"line":531,"column":6},"end":{"line":531,"column":null}},"306":{"start":{"line":532,"column":6},"end":{"line":532,"column":null}},"307":{"start":{"line":536,"column":36},"end":{"line":543,"column":null}},"308":{"start":{"line":537,"column":4},"end":{"line":537,"column":null}},"309":{"start":{"line":537,"column":35},"end":{"line":537,"column":null}},"310":{"start":{"line":538,"column":4},"end":{"line":538,"column":null}},"311":{"start":{"line":539,"column":4},"end":{"line":542,"column":null}},"312":{"start":{"line":540,"column":6},"end":{"line":540,"column":null}},"313":{"start":{"line":541,"column":6},"end":{"line":541,"column":null}},"314":{"start":{"line":545,"column":29},"end":{"line":552,"column":null}},"315":{"start":{"line":546,"column":4},"end":{"line":546,"column":null}},"316":{"start":{"line":546,"column":25},"end":{"line":546,"column":null}},"317":{"start":{"line":547,"column":4},"end":{"line":551,"column":null}},"318":{"start":{"line":548,"column":6},"end":{"line":548,"column":null}},"319":{"start":{"line":550,"column":6},"end":{"line":550,"column":null}},"320":{"start":{"line":554,"column":35},"end":{"line":583,"column":null}},"321":{"start":{"line":556,"column":4},"end":{"line":560,"column":null}},"322":{"start":{"line":557,"column":25},"end":{"line":557,"column":null}},"323":{"start":{"line":558,"column":6},"end":{"line":558,"column":null}},"324":{"start":{"line":559,"column":6},"end":{"line":559,"column":null}},"325":{"start":{"line":562,"column":4},"end":{"line":579,"column":null}},"326":{"start":{"line":562,"column":25},"end":{"line":579,"column":6}},"327":{"start":{"line":565,"column":8},"end":{"line":565,"column":null}},"328":{"start":{"line":565,"column":47},"end":{"line":565,"column":null}},"329":{"start":{"line":567,"column":25},"end":{"line":567,"column":null}},"330":{"start":{"line":568,"column":8},"end":{"line":568,"column":null}},"331":{"start":{"line":568,"column":23},"end":{"line":568,"column":null}},"332":{"start":{"line":570,"column":8},"end":{"line":577,"column":null}},"333":{"start":{"line":581,"column":4},"end":{"line":581,"column":null}},"334":{"start":{"line":582,"column":4},"end":{"line":582,"column":null}},"335":{"start":{"line":585,"column":29},"end":{"line":596,"column":null}},"336":{"start":{"line":586,"column":23},"end":{"line":586,"column":null}},"337":{"start":{"line":587,"column":4},"end":{"line":587,"column":null}},"338":{"start":{"line":587,"column":21},"end":{"line":587,"column":null}},"339":{"start":{"line":589,"column":41},"end":{"line":589,"column":null}},"340":{"start":{"line":590,"column":4},"end":{"line":594,"column":null}},"341":{"start":{"line":591,"column":6},"end":{"line":593,"column":null}},"342":{"start":{"line":592,"column":8},"end":{"line":592,"column":null}},"343":{"start":{"line":595,"column":4},"end":{"line":595,"column":null}},"344":{"start":{"line":598,"column":33},"end":{"line":630,"column":null}},"345":{"start":{"line":599,"column":27},"end":{"line":599,"column":null}},"346":{"start":{"line":600,"column":23},"end":{"line":600,"column":null}},"347":{"start":{"line":602,"column":4},"end":{"line":602,"column":null}},"348":{"start":{"line":602,"column":21},"end":{"line":602,"column":null}},"349":{"start":{"line":603,"column":4},"end":{"line":606,"column":null}},"350":{"start":{"line":604,"column":6},"end":{"line":604,"column":null}},"351":{"start":{"line":605,"column":6},"end":{"line":605,"column":null}},"352":{"start":{"line":608,"column":25},"end":{"line":608,"column":null}},"353":{"start":{"line":610,"column":4},"end":{"line":627,"column":null}},"354":{"start":{"line":610,"column":25},"end":{"line":627,"column":6}},"355":{"start":{"line":613,"column":8},"end":{"line":613,"column":null}},"356":{"start":{"line":613,"column":47},"end":{"line":613,"column":null}},"357":{"start":{"line":615,"column":25},"end":{"line":615,"column":null}},"358":{"start":{"line":616,"column":36},"end":{"line":616,"column":null}},"359":{"start":{"line":616,"column":72},"end":{"line":616,"column":83}},"360":{"start":{"line":618,"column":8},"end":{"line":625,"column":null}},"361":{"start":{"line":629,"column":4},"end":{"line":629,"column":null}},"362":{"start":{"line":632,"column":34},"end":{"line":672,"column":null}},"363":{"start":{"line":633,"column":27},"end":{"line":633,"column":null}},"364":{"start":{"line":634,"column":24},"end":{"line":637,"column":null}},"365":{"start":{"line":639,"column":4},"end":{"line":671,"column":null}},"366":{"start":{"line":641,"column":6},"end":{"line":654,"column":null}},"367":{"start":{"line":641,"column":27},"end":{"line":654,"column":8}},"368":{"start":{"line":644,"column":10},"end":{"line":652,"column":null}},"369":{"start":{"line":655,"column":6},"end":{"line":655,"column":null}},"370":{"start":{"line":658,"column":6},"end":{"line":668,"column":null}},"371":{"start":{"line":658,"column":27},"end":{"line":668,"column":8}},"372":{"start":{"line":661,"column":10},"end":{"line":666,"column":null}},"373":{"start":{"line":669,"column":6},"end":{"line":669,"column":null}},"374":{"start":{"line":670,"column":6},"end":{"line":670,"column":null}},"375":{"start":{"line":674,"column":30},"end":{"line":717,"column":null}},"376":{"start":{"line":675,"column":4},"end":{"line":675,"column":null}},"377":{"start":{"line":675,"column":34},"end":{"line":675,"column":null}},"378":{"start":{"line":676,"column":23},"end":{"line":676,"column":null}},"379":{"start":{"line":677,"column":4},"end":{"line":677,"column":null}},"380":{"start":{"line":677,"column":21},"end":{"line":677,"column":null}},"381":{"start":{"line":679,"column":21},"end":{"line":679,"column":null}},"382":{"start":{"line":680,"column":4},"end":{"line":680,"column":null}},"383":{"start":{"line":680,"column":19},"end":{"line":680,"column":null}},"384":{"start":{"line":682,"column":25},"end":{"line":682,"column":null}},"385":{"start":{"line":683,"column":21},"end":{"line":683,"column":null}},"386":{"start":{"line":685,"column":4},"end":{"line":716,"column":null}},"387":{"start":{"line":688,"column":8},"end":{"line":692,"column":null}},"388":{"start":{"line":689,"column":29},"end":{"line":689,"column":null}},"389":{"start":{"line":690,"column":10},"end":{"line":690,"column":null}},"390":{"start":{"line":691,"column":10},"end":{"line":691,"column":null}},"391":{"start":{"line":694,"column":8},"end":{"line":711,"column":null}},"392":{"start":{"line":694,"column":29},"end":{"line":711,"column":10}},"393":{"start":{"line":697,"column":12},"end":{"line":697,"column":null}},"394":{"start":{"line":697,"column":51},"end":{"line":697,"column":null}},"395":{"start":{"line":699,"column":25},"end":{"line":699,"column":null}},"396":{"start":{"line":700,"column":12},"end":{"line":700,"column":null}},"397":{"start":{"line":700,"column":23},"end":{"line":700,"column":null}},"398":{"start":{"line":702,"column":12},"end":{"line":709,"column":null}},"399":{"start":{"line":712,"column":8},"end":{"line":712,"column":null}},"400":{"start":{"line":713,"column":8},"end":{"line":713,"column":null}},"401":{"start":{"line":714,"column":8},"end":{"line":714,"column":null}},"402":{"start":{"line":719,"column":32},"end":{"line":762,"column":null}},"403":{"start":{"line":720,"column":4},"end":{"line":720,"column":null}},"404":{"start":{"line":720,"column":34},"end":{"line":720,"column":null}},"405":{"start":{"line":721,"column":23},"end":{"line":721,"column":null}},"406":{"start":{"line":722,"column":4},"end":{"line":722,"column":null}},"407":{"start":{"line":722,"column":21},"end":{"line":722,"column":null}},"408":{"start":{"line":724,"column":21},"end":{"line":724,"column":null}},"409":{"start":{"line":725,"column":4},"end":{"line":725,"column":null}},"410":{"start":{"line":725,"column":19},"end":{"line":725,"column":null}},"411":{"start":{"line":727,"column":25},"end":{"line":727,"column":null}},"412":{"start":{"line":728,"column":21},"end":{"line":728,"column":null}},"413":{"start":{"line":730,"column":4},"end":{"line":761,"column":null}},"414":{"start":{"line":733,"column":8},"end":{"line":737,"column":null}},"415":{"start":{"line":734,"column":29},"end":{"line":734,"column":null}},"416":{"start":{"line":735,"column":10},"end":{"line":735,"column":null}},"417":{"start":{"line":736,"column":10},"end":{"line":736,"column":null}},"418":{"start":{"line":739,"column":8},"end":{"line":756,"column":null}},"419":{"start":{"line":739,"column":29},"end":{"line":756,"column":10}},"420":{"start":{"line":742,"column":12},"end":{"line":742,"column":null}},"421":{"start":{"line":742,"column":51},"end":{"line":742,"column":null}},"422":{"start":{"line":744,"column":25},"end":{"line":744,"column":null}},"423":{"start":{"line":745,"column":12},"end":{"line":745,"column":null}},"424":{"start":{"line":745,"column":23},"end":{"line":745,"column":null}},"425":{"start":{"line":747,"column":12},"end":{"line":754,"column":null}},"426":{"start":{"line":757,"column":8},"end":{"line":757,"column":null}},"427":{"start":{"line":758,"column":8},"end":{"line":758,"column":null}},"428":{"start":{"line":759,"column":8},"end":{"line":759,"column":null}},"429":{"start":{"line":764,"column":31},"end":{"line":791,"column":null}},"430":{"start":{"line":765,"column":23},"end":{"line":765,"column":null}},"431":{"start":{"line":766,"column":4},"end":{"line":766,"column":null}},"432":{"start":{"line":766,"column":21},"end":{"line":766,"column":null}},"433":{"start":{"line":768,"column":25},"end":{"line":768,"column":null}},"434":{"start":{"line":770,"column":4},"end":{"line":790,"column":null}},"435":{"start":{"line":773,"column":8},"end":{"line":785,"column":null}},"436":{"start":{"line":773,"column":29},"end":{"line":785,"column":10}},"437":{"start":{"line":776,"column":12},"end":{"line":776,"column":null}},"438":{"start":{"line":776,"column":51},"end":{"line":776,"column":null}},"439":{"start":{"line":778,"column":29},"end":{"line":778,"column":null}},"440":{"start":{"line":779,"column":12},"end":{"line":783,"column":null}},"441":{"start":{"line":781,"column":68},"end":{"line":781,"column":79}},"442":{"start":{"line":786,"column":8},"end":{"line":786,"column":null}},"443":{"start":{"line":787,"column":8},"end":{"line":787,"column":null}},"444":{"start":{"line":788,"column":8},"end":{"line":788,"column":null}},"445":{"start":{"line":793,"column":29},"end":{"line":820,"column":null}},"446":{"start":{"line":794,"column":23},"end":{"line":794,"column":null}},"447":{"start":{"line":795,"column":4},"end":{"line":795,"column":null}},"448":{"start":{"line":795,"column":21},"end":{"line":795,"column":null}},"449":{"start":{"line":797,"column":25},"end":{"line":797,"column":null}},"450":{"start":{"line":799,"column":4},"end":{"line":819,"column":null}},"451":{"start":{"line":802,"column":8},"end":{"line":814,"column":null}},"452":{"start":{"line":802,"column":29},"end":{"line":814,"column":10}},"453":{"start":{"line":805,"column":12},"end":{"line":805,"column":null}},"454":{"start":{"line":805,"column":51},"end":{"line":805,"column":null}},"455":{"start":{"line":807,"column":29},"end":{"line":807,"column":null}},"456":{"start":{"line":808,"column":12},"end":{"line":812,"column":null}},"457":{"start":{"line":810,"column":68},"end":{"line":810,"column":79}},"458":{"start":{"line":815,"column":8},"end":{"line":815,"column":null}},"459":{"start":{"line":816,"column":8},"end":{"line":816,"column":null}},"460":{"start":{"line":817,"column":8},"end":{"line":817,"column":null}},"461":{"start":{"line":822,"column":30},"end":{"line":865,"column":null}},"462":{"start":{"line":823,"column":4},"end":{"line":864,"column":null}},"463":{"start":{"line":826,"column":8},"end":{"line":859,"column":null}},"464":{"start":{"line":826,"column":29},"end":{"line":859,"column":10}},"465":{"start":{"line":829,"column":12},"end":{"line":829,"column":null}},"466":{"start":{"line":829,"column":51},"end":{"line":829,"column":null}},"467":{"start":{"line":831,"column":33},"end":{"line":844,"column":null}},"468":{"start":{"line":832,"column":14},"end":{"line":832,"column":null}},"469":{"start":{"line":832,"column":29},"end":{"line":832,"column":null}},"470":{"start":{"line":833,"column":14},"end":{"line":843,"column":null}},"471":{"start":{"line":846,"column":12},"end":{"line":857,"column":null}},"472":{"start":{"line":854,"column":67},"end":{"line":854,"column":90}},"473":{"start":{"line":855,"column":67},"end":{"line":855,"column":90}},"474":{"start":{"line":856,"column":69},"end":{"line":856,"column":92}},"475":{"start":{"line":861,"column":8},"end":{"line":861,"column":null}},"476":{"start":{"line":862,"column":8},"end":{"line":862,"column":null}},"477":{"start":{"line":867,"column":31},"end":{"line":870,"column":null}},"478":{"start":{"line":868,"column":4},"end":{"line":868,"column":null}},"479":{"start":{"line":869,"column":4},"end":{"line":869,"column":null}},"480":{"start":{"line":872,"column":33},"end":{"line":915,"column":null}},"481":{"start":{"line":873,"column":4},"end":{"line":914,"column":null}},"482":{"start":{"line":876,"column":8},"end":{"line":909,"column":null}},"483":{"start":{"line":876,"column":29},"end":{"line":909,"column":10}},"484":{"start":{"line":879,"column":12},"end":{"line":879,"column":null}},"485":{"start":{"line":879,"column":51},"end":{"line":879,"column":null}},"486":{"start":{"line":881,"column":37},"end":{"line":894,"column":null}},"487":{"start":{"line":882,"column":14},"end":{"line":882,"column":null}},"488":{"start":{"line":882,"column":29},"end":{"line":882,"column":null}},"489":{"start":{"line":883,"column":14},"end":{"line":893,"column":null}},"490":{"start":{"line":896,"column":12},"end":{"line":907,"column":null}},"491":{"start":{"line":904,"column":67},"end":{"line":904,"column":94}},"492":{"start":{"line":905,"column":67},"end":{"line":905,"column":94}},"493":{"start":{"line":906,"column":69},"end":{"line":906,"column":96}},"494":{"start":{"line":911,"column":8},"end":{"line":911,"column":null}},"495":{"start":{"line":912,"column":8},"end":{"line":912,"column":null}},"496":{"start":{"line":917,"column":32},"end":{"line":956,"column":null}},"497":{"start":{"line":918,"column":18},"end":{"line":918,"column":null}},"498":{"start":{"line":919,"column":4},"end":{"line":922,"column":null}},"499":{"start":{"line":920,"column":6},"end":{"line":920,"column":null}},"500":{"start":{"line":921,"column":6},"end":{"line":921,"column":null}},"501":{"start":{"line":924,"column":4},"end":{"line":951,"column":null}},"502":{"start":{"line":924,"column":25},"end":{"line":951,"column":6}},"503":{"start":{"line":927,"column":8},"end":{"line":927,"column":null}},"504":{"start":{"line":927,"column":47},"end":{"line":927,"column":null}},"505":{"start":{"line":929,"column":36},"end":{"line":936,"column":null}},"506":{"start":{"line":930,"column":10},"end":{"line":930,"column":null}},"507":{"start":{"line":930,"column":25},"end":{"line":930,"column":null}},"508":{"start":{"line":931,"column":10},"end":{"line":935,"column":null}},"509":{"start":{"line":938,"column":8},"end":{"line":949,"column":null}},"510":{"start":{"line":946,"column":63},"end":{"line":946,"column":93}},"511":{"start":{"line":947,"column":63},"end":{"line":947,"column":93}},"512":{"start":{"line":948,"column":65},"end":{"line":948,"column":95}},"513":{"start":{"line":953,"column":4},"end":{"line":953,"column":null}},"514":{"start":{"line":954,"column":4},"end":{"line":954,"column":null}},"515":{"start":{"line":955,"column":4},"end":{"line":955,"column":null}},"516":{"start":{"line":958,"column":29},"end":{"line":996,"column":null}},"517":{"start":{"line":959,"column":4},"end":{"line":995,"column":null}},"518":{"start":{"line":963,"column":8},"end":{"line":967,"column":null}},"519":{"start":{"line":964,"column":10},"end":{"line":964,"column":null}},"520":{"start":{"line":966,"column":10},"end":{"line":966,"column":null}},"521":{"start":{"line":970,"column":20},"end":{"line":970,"column":null}},"522":{"start":{"line":971,"column":8},"end":{"line":990,"column":null}},"523":{"start":{"line":971,"column":29},"end":{"line":990,"column":10}},"524":{"start":{"line":975,"column":12},"end":{"line":975,"column":null}},"525":{"start":{"line":975,"column":51},"end":{"line":975,"column":null}},"526":{"start":{"line":977,"column":12},"end":{"line":988,"column":null}},"527":{"start":{"line":992,"column":8},"end":{"line":992,"column":null}},"528":{"start":{"line":993,"column":8},"end":{"line":993,"column":null}},"529":{"start":{"line":998,"column":27},"end":{"line":1036,"column":null}},"530":{"start":{"line":999,"column":17},"end":{"line":999,"column":null}},"531":{"start":{"line":1000,"column":4},"end":{"line":1000,"column":null}},"532":{"start":{"line":1000,"column":15},"end":{"line":1000,"column":null}},"533":{"start":{"line":1002,"column":19},"end":{"line":1002,"column":null}},"534":{"start":{"line":1003,"column":4},"end":{"line":1031,"column":null}},"535":{"start":{"line":1004,"column":6},"end":{"line":1030,"column":null}},"536":{"start":{"line":1005,"column":21},"end":{"line":1005,"column":null}},"537":{"start":{"line":1008,"column":8},"end":{"line":1010,"column":null}},"538":{"start":{"line":1009,"column":10},"end":{"line":1009,"column":null}},"539":{"start":{"line":1013,"column":14},"end":{"line":1013,"column":null}},"540":{"start":{"line":1016,"column":8},"end":{"line":1018,"column":null}},"541":{"start":{"line":1017,"column":10},"end":{"line":1017,"column":null}},"542":{"start":{"line":1021,"column":8},"end":{"line":1021,"column":null}},"543":{"start":{"line":1022,"column":28},"end":{"line":1024,"column":null}},"544":{"start":{"line":1025,"column":8},"end":{"line":1025,"column":null}},"545":{"start":{"line":1027,"column":29},"end":{"line":1027,"column":null}},"546":{"start":{"line":1028,"column":8},"end":{"line":1028,"column":null}},"547":{"start":{"line":1029,"column":8},"end":{"line":1029,"column":null}},"548":{"start":{"line":1032,"column":4},"end":{"line":1032,"column":null}},"549":{"start":{"line":1035,"column":4},"end":{"line":1035,"column":null}},"550":{"start":{"line":1038,"column":27},"end":{"line":1044,"column":null}},"551":{"start":{"line":1039,"column":22},"end":{"line":1039,"column":null}},"552":{"start":{"line":1040,"column":21},"end":{"line":1040,"column":null}},"553":{"start":{"line":1041,"column":4},"end":{"line":1041,"column":null}},"554":{"start":{"line":1041,"column":34},"end":{"line":1041,"column":null}},"555":{"start":{"line":1042,"column":4},"end":{"line":1042,"column":null}},"556":{"start":{"line":1042,"column":38},"end":{"line":1042,"column":null}},"557":{"start":{"line":1043,"column":4},"end":{"line":1043,"column":null}},"558":{"start":{"line":1046,"column":2},"end":{"line":2372,"column":null}},"559":{"start":{"line":1055,"column":56},"end":{"line":1055,"column":null}},"560":{"start":{"line":1056,"column":58},"end":{"line":1056,"column":null}},"561":{"start":{"line":1061,"column":31},"end":{"line":1061,"column":null}},"562":{"start":{"line":1078,"column":10},"end":{"line":1078,"column":null}},"563":{"start":{"line":1079,"column":10},"end":{"line":1079,"column":null}},"564":{"start":{"line":1081,"column":58},"end":{"line":1081,"column":null}},"565":{"start":{"line":1089,"column":31},"end":{"line":1089,"column":null}},"566":{"start":{"line":1093,"column":16},"end":{"line":1105,"column":null}},"567":{"start":{"line":1094,"column":18},"end":{"line":1099,"column":null}},"568":{"start":{"line":1095,"column":20},"end":{"line":1095,"column":null}},"569":{"start":{"line":1096,"column":20},"end":{"line":1096,"column":null}},"570":{"start":{"line":1097,"column":18},"end":{"line":1099,"column":null}},"571":{"start":{"line":1098,"column":20},"end":{"line":1098,"column":null}},"572":{"start":{"line":1100,"column":18},"end":{"line":1100,"column":null}},"573":{"start":{"line":1101,"column":18},"end":{"line":1101,"column":null}},"574":{"start":{"line":1102,"column":16},"end":{"line":1105,"column":null}},"575":{"start":{"line":1103,"column":18},"end":{"line":1103,"column":null}},"576":{"start":{"line":1104,"column":18},"end":{"line":1104,"column":null}},"577":{"start":{"line":1112,"column":18},"end":{"line":1112,"column":null}},"578":{"start":{"line":1113,"column":18},"end":{"line":1113,"column":null}},"579":{"start":{"line":1121,"column":18},"end":{"line":1130,"column":null}},"580":{"start":{"line":1122,"column":20},"end":{"line":1127,"column":null}},"581":{"start":{"line":1123,"column":22},"end":{"line":1123,"column":null}},"582":{"start":{"line":1124,"column":22},"end":{"line":1124,"column":null}},"583":{"start":{"line":1125,"column":20},"end":{"line":1127,"column":null}},"584":{"start":{"line":1126,"column":22},"end":{"line":1126,"column":null}},"585":{"start":{"line":1128,"column":20},"end":{"line":1128,"column":null}},"586":{"start":{"line":1129,"column":20},"end":{"line":1129,"column":null}},"587":{"start":{"line":1143,"column":10},"end":{"line":1143,"column":null}},"588":{"start":{"line":1144,"column":10},"end":{"line":1144,"column":null}},"589":{"start":{"line":1146,"column":58},"end":{"line":1146,"column":null}},"590":{"start":{"line":1154,"column":31},"end":{"line":1154,"column":null}},"591":{"start":{"line":1159,"column":16},"end":{"line":1164,"column":null}},"592":{"start":{"line":1160,"column":18},"end":{"line":1160,"column":null}},"593":{"start":{"line":1161,"column":16},"end":{"line":1164,"column":null}},"594":{"start":{"line":1162,"column":18},"end":{"line":1162,"column":null}},"595":{"start":{"line":1163,"column":18},"end":{"line":1163,"column":null}},"596":{"start":{"line":1171,"column":18},"end":{"line":1171,"column":null}},"597":{"start":{"line":1172,"column":18},"end":{"line":1172,"column":null}},"598":{"start":{"line":1192,"column":25},"end":{"line":1192,"column":null}},"599":{"start":{"line":1196,"column":28},"end":{"line":1196,"column":null}},"600":{"start":{"line":1202,"column":31},"end":{"line":1202,"column":null}},"601":{"start":{"line":1218,"column":26},"end":{"line":1218,"column":null}},"602":{"start":{"line":1219,"column":26},"end":{"line":1219,"column":null}},"603":{"start":{"line":1235,"column":22},"end":{"line":1235,"column":null}},"604":{"start":{"line":1236,"column":22},"end":{"line":1236,"column":null}},"605":{"start":{"line":1242,"column":50},"end":{"line":1242,"column":87}},"606":{"start":{"line":1249,"column":35},"end":{"line":1249,"column":72}},"607":{"start":{"line":1251,"column":24},"end":{"line":1283,"column":null}},"608":{"start":{"line":1257,"column":32},"end":{"line":1257,"column":null}},"609":{"start":{"line":1258,"column":32},"end":{"line":1258,"column":null}},"610":{"start":{"line":1266,"column":32},"end":{"line":1266,"column":null}},"611":{"start":{"line":1267,"column":32},"end":{"line":1267,"column":null}},"612":{"start":{"line":1275,"column":32},"end":{"line":1277,"column":null}},"613":{"start":{"line":1276,"column":34},"end":{"line":1276,"column":null}},"614":{"start":{"line":1293,"column":20},"end":{"line":1293,"column":null}},"615":{"start":{"line":1294,"column":20},"end":{"line":1294,"column":null}},"616":{"start":{"line":1328,"column":25},"end":{"line":1328,"column":null}},"617":{"start":{"line":1375,"column":16},"end":{"line":1375,"column":null}},"618":{"start":{"line":1376,"column":16},"end":{"line":1376,"column":null}},"619":{"start":{"line":1377,"column":16},"end":{"line":1377,"column":null}},"620":{"start":{"line":1396,"column":16},"end":{"line":1396,"column":null}},"621":{"start":{"line":1397,"column":16},"end":{"line":1397,"column":null}},"622":{"start":{"line":1398,"column":16},"end":{"line":1398,"column":null}},"623":{"start":{"line":1414,"column":18},"end":{"line":1432,"column":null}},"624":{"start":{"line":1418,"column":22},"end":{"line":1418,"column":null}},"625":{"start":{"line":1419,"column":22},"end":{"line":1419,"column":null}},"626":{"start":{"line":1441,"column":16},"end":{"line":1441,"column":null}},"627":{"start":{"line":1442,"column":16},"end":{"line":1442,"column":null}},"628":{"start":{"line":1443,"column":16},"end":{"line":1443,"column":null}},"629":{"start":{"line":1474,"column":16},"end":{"line":1474,"column":null}},"630":{"start":{"line":1475,"column":16},"end":{"line":1475,"column":null}},"631":{"start":{"line":1476,"column":16},"end":{"line":1476,"column":null}},"632":{"start":{"line":1492,"column":18},"end":{"line":1522,"column":null}},"633":{"start":{"line":1496,"column":22},"end":{"line":1496,"column":null}},"634":{"start":{"line":1497,"column":22},"end":{"line":1497,"column":null}},"635":{"start":{"line":1532,"column":29},"end":{"line":1532,"column":null}},"636":{"start":{"line":1539,"column":18},"end":{"line":1548,"column":null}},"637":{"start":{"line":1543,"column":22},"end":{"line":1543,"column":null}},"638":{"start":{"line":1544,"column":22},"end":{"line":1544,"column":null}},"639":{"start":{"line":1554,"column":20},"end":{"line":1554,"column":null}},"640":{"start":{"line":1555,"column":20},"end":{"line":1555,"column":null}},"641":{"start":{"line":1565,"column":27},"end":{"line":1565,"column":null}},"642":{"start":{"line":1573,"column":27},"end":{"line":1573,"column":null}},"643":{"start":{"line":1582,"column":29},"end":{"line":1582,"column":null}},"644":{"start":{"line":1591,"column":20},"end":{"line":1591,"column":null}},"645":{"start":{"line":1592,"column":20},"end":{"line":1592,"column":null}},"646":{"start":{"line":1600,"column":20},"end":{"line":1600,"column":null}},"647":{"start":{"line":1601,"column":20},"end":{"line":1601,"column":null}},"648":{"start":{"line":1612,"column":29},"end":{"line":1612,"column":null}},"649":{"start":{"line":1633,"column":31},"end":{"line":1633,"column":null}},"650":{"start":{"line":1653,"column":25},"end":{"line":1653,"column":null}},"651":{"start":{"line":1657,"column":28},"end":{"line":1657,"column":null}},"652":{"start":{"line":1670,"column":33},"end":{"line":1670,"column":null}},"653":{"start":{"line":1681,"column":31},"end":{"line":1681,"column":null}},"654":{"start":{"line":1713,"column":31},"end":{"line":1713,"column":null}},"655":{"start":{"line":1721,"column":47},"end":{"line":1721,"column":64}},"656":{"start":{"line":1723,"column":22},"end":{"line":1738,"column":null}},"657":{"start":{"line":1734,"column":41},"end":{"line":1734,"column":null}},"658":{"start":{"line":1747,"column":31},"end":{"line":1747,"column":null}},"659":{"start":{"line":1758,"column":22},"end":{"line":1787,"column":null}},"660":{"start":{"line":1770,"column":43},"end":{"line":1770,"column":null}},"661":{"start":{"line":1776,"column":43},"end":{"line":1776,"column":null}},"662":{"start":{"line":1782,"column":43},"end":{"line":1782,"column":null}},"663":{"start":{"line":1797,"column":31},"end":{"line":1797,"column":null}},"664":{"start":{"line":1808,"column":22},"end":{"line":1817,"column":null}},"665":{"start":{"line":1827,"column":31},"end":{"line":1827,"column":null}},"666":{"start":{"line":1838,"column":22},"end":{"line":1847,"column":null}},"667":{"start":{"line":1859,"column":34},"end":{"line":1859,"column":null}},"668":{"start":{"line":1860,"column":10},"end":{"line":1948,"column":null}},"669":{"start":{"line":1866,"column":40},"end":{"line":1866,"column":null}},"670":{"start":{"line":1878,"column":20},"end":{"line":1881,"column":null}},"671":{"start":{"line":1895,"column":18},"end":{"line":1944,"column":null}},"672":{"start":{"line":1898,"column":37},"end":{"line":1898,"column":null}},"673":{"start":{"line":1908,"column":26},"end":{"line":1940,"column":null}},"674":{"start":{"line":1912,"column":55},"end":{"line":1912,"column":null}},"675":{"start":{"line":1913,"column":54},"end":{"line":1913,"column":null}},"676":{"start":{"line":1914,"column":32},"end":{"line":1936,"column":null}},"677":{"start":{"line":1920,"column":60},"end":{"line":1920,"column":null}},"678":{"start":{"line":1921,"column":40},"end":{"line":1926,"column":null}},"679":{"start":{"line":1924,"column":44},"end":{"line":1924,"column":null}},"680":{"start":{"line":1927,"column":40},"end":{"line":1933,"column":null}},"681":{"start":{"line":1953,"column":26},"end":{"line":1953,"column":null}},"682":{"start":{"line":1956,"column":60},"end":{"line":1956,"column":null}},"683":{"start":{"line":1961,"column":31},"end":{"line":1961,"column":null}},"684":{"start":{"line":1962,"column":26},"end":{"line":1962,"column":null}},"685":{"start":{"line":1965,"column":24},"end":{"line":1965,"column":null}},"686":{"start":{"line":1966,"column":12},"end":{"line":1967,"column":null}},"687":{"start":{"line":1966,"column":27},"end":{"line":1966,"column":null}},"688":{"start":{"line":1966,"column":35},"end":{"line":1967,"column":null}},"689":{"start":{"line":1967,"column":32},"end":{"line":1967,"column":null}},"690":{"start":{"line":1970,"column":30},"end":{"line":1970,"column":null}},"691":{"start":{"line":1971,"column":25},"end":{"line":1971,"column":null}},"692":{"start":{"line":1972,"column":28},"end":{"line":1972,"column":null}},"693":{"start":{"line":1974,"column":12},"end":{"line":2004,"column":null}},"694":{"start":{"line":1975,"column":26},"end":{"line":1975,"column":null}},"695":{"start":{"line":1976,"column":26},"end":{"line":1976,"column":null}},"696":{"start":{"line":1977,"column":33},"end":{"line":1977,"column":null}},"697":{"start":{"line":1978,"column":37},"end":{"line":1978,"column":null}},"698":{"start":{"line":1979,"column":20},"end":{"line":1979,"column":null}},"699":{"start":{"line":1981,"column":14},"end":{"line":2002,"column":null}},"700":{"start":{"line":1985,"column":34},"end":{"line":1985,"column":null}},"701":{"start":{"line":2010,"column":38},"end":{"line":2010,"column":null}},"702":{"start":{"line":2018,"column":16},"end":{"line":2018,"column":null}},"703":{"start":{"line":2019,"column":16},"end":{"line":2019,"column":null}},"704":{"start":{"line":2029,"column":26},"end":{"line":2029,"column":null}},"705":{"start":{"line":2032,"column":60},"end":{"line":2032,"column":null}},"706":{"start":{"line":2037,"column":31},"end":{"line":2037,"column":null}},"707":{"start":{"line":2038,"column":26},"end":{"line":2038,"column":null}},"708":{"start":{"line":2040,"column":24},"end":{"line":2040,"column":null}},"709":{"start":{"line":2041,"column":12},"end":{"line":2042,"column":null}},"710":{"start":{"line":2041,"column":27},"end":{"line":2041,"column":null}},"711":{"start":{"line":2041,"column":35},"end":{"line":2042,"column":null}},"712":{"start":{"line":2042,"column":32},"end":{"line":2042,"column":null}},"713":{"start":{"line":2044,"column":30},"end":{"line":2044,"column":null}},"714":{"start":{"line":2045,"column":25},"end":{"line":2045,"column":null}},"715":{"start":{"line":2046,"column":28},"end":{"line":2046,"column":null}},"716":{"start":{"line":2048,"column":12},"end":{"line":2078,"column":null}},"717":{"start":{"line":2049,"column":26},"end":{"line":2049,"column":null}},"718":{"start":{"line":2050,"column":26},"end":{"line":2050,"column":null}},"719":{"start":{"line":2051,"column":33},"end":{"line":2051,"column":null}},"720":{"start":{"line":2052,"column":37},"end":{"line":2052,"column":null}},"721":{"start":{"line":2053,"column":20},"end":{"line":2053,"column":null}},"722":{"start":{"line":2055,"column":14},"end":{"line":2076,"column":null}},"723":{"start":{"line":2059,"column":34},"end":{"line":2059,"column":null}},"724":{"start":{"line":2084,"column":38},"end":{"line":2084,"column":null}},"725":{"start":{"line":2092,"column":16},"end":{"line":2092,"column":null}},"726":{"start":{"line":2093,"column":16},"end":{"line":2093,"column":null}},"727":{"start":{"line":2103,"column":26},"end":{"line":2103,"column":null}},"728":{"start":{"line":2106,"column":60},"end":{"line":2106,"column":null}},"729":{"start":{"line":2111,"column":31},"end":{"line":2111,"column":null}},"730":{"start":{"line":2112,"column":26},"end":{"line":2112,"column":null}},"731":{"start":{"line":2114,"column":24},"end":{"line":2114,"column":null}},"732":{"start":{"line":2115,"column":12},"end":{"line":2116,"column":null}},"733":{"start":{"line":2115,"column":27},"end":{"line":2115,"column":null}},"734":{"start":{"line":2115,"column":35},"end":{"line":2116,"column":null}},"735":{"start":{"line":2116,"column":32},"end":{"line":2116,"column":null}},"736":{"start":{"line":2118,"column":30},"end":{"line":2118,"column":null}},"737":{"start":{"line":2119,"column":25},"end":{"line":2119,"column":null}},"738":{"start":{"line":2120,"column":28},"end":{"line":2120,"column":null}},"739":{"start":{"line":2122,"column":12},"end":{"line":2152,"column":null}},"740":{"start":{"line":2123,"column":26},"end":{"line":2123,"column":null}},"741":{"start":{"line":2124,"column":26},"end":{"line":2124,"column":null}},"742":{"start":{"line":2125,"column":33},"end":{"line":2125,"column":null}},"743":{"start":{"line":2126,"column":37},"end":{"line":2126,"column":null}},"744":{"start":{"line":2127,"column":20},"end":{"line":2127,"column":null}},"745":{"start":{"line":2129,"column":14},"end":{"line":2150,"column":null}},"746":{"start":{"line":2133,"column":34},"end":{"line":2133,"column":null}},"747":{"start":{"line":2158,"column":38},"end":{"line":2158,"column":null}},"748":{"start":{"line":2166,"column":16},"end":{"line":2166,"column":null}},"749":{"start":{"line":2167,"column":16},"end":{"line":2167,"column":null}},"750":{"start":{"line":2177,"column":26},"end":{"line":2177,"column":null}},"751":{"start":{"line":2180,"column":60},"end":{"line":2180,"column":null}},"752":{"start":{"line":2185,"column":31},"end":{"line":2185,"column":null}},"753":{"start":{"line":2186,"column":26},"end":{"line":2186,"column":null}},"754":{"start":{"line":2188,"column":24},"end":{"line":2188,"column":null}},"755":{"start":{"line":2189,"column":12},"end":{"line":2190,"column":null}},"756":{"start":{"line":2189,"column":27},"end":{"line":2189,"column":null}},"757":{"start":{"line":2189,"column":35},"end":{"line":2190,"column":null}},"758":{"start":{"line":2190,"column":32},"end":{"line":2190,"column":null}},"759":{"start":{"line":2192,"column":30},"end":{"line":2192,"column":null}},"760":{"start":{"line":2193,"column":25},"end":{"line":2193,"column":null}},"761":{"start":{"line":2194,"column":28},"end":{"line":2194,"column":null}},"762":{"start":{"line":2196,"column":12},"end":{"line":2226,"column":null}},"763":{"start":{"line":2197,"column":26},"end":{"line":2197,"column":null}},"764":{"start":{"line":2198,"column":26},"end":{"line":2198,"column":null}},"765":{"start":{"line":2199,"column":33},"end":{"line":2199,"column":null}},"766":{"start":{"line":2200,"column":37},"end":{"line":2200,"column":null}},"767":{"start":{"line":2201,"column":20},"end":{"line":2201,"column":null}},"768":{"start":{"line":2203,"column":14},"end":{"line":2224,"column":null}},"769":{"start":{"line":2207,"column":34},"end":{"line":2207,"column":null}},"770":{"start":{"line":2232,"column":38},"end":{"line":2232,"column":null}},"771":{"start":{"line":2240,"column":16},"end":{"line":2240,"column":null}},"772":{"start":{"line":2241,"column":16},"end":{"line":2241,"column":null}},"773":{"start":{"line":2251,"column":32},"end":{"line":2251,"column":null}},"774":{"start":{"line":2252,"column":8},"end":{"line":2329,"column":null}},"775":{"start":{"line":2260,"column":18},"end":{"line":2263,"column":null}},"776":{"start":{"line":2277,"column":16},"end":{"line":2326,"column":null}},"777":{"start":{"line":2280,"column":35},"end":{"line":2280,"column":null}},"778":{"start":{"line":2290,"column":24},"end":{"line":2322,"column":null}},"779":{"start":{"line":2294,"column":53},"end":{"line":2294,"column":null}},"780":{"start":{"line":2295,"column":52},"end":{"line":2295,"column":null}},"781":{"start":{"line":2296,"column":30},"end":{"line":2318,"column":null}},"782":{"start":{"line":2302,"column":58},"end":{"line":2302,"column":null}},"783":{"start":{"line":2303,"column":38},"end":{"line":2308,"column":null}},"784":{"start":{"line":2306,"column":42},"end":{"line":2306,"column":null}},"785":{"start":{"line":2309,"column":38},"end":{"line":2315,"column":null}},"786":{"start":{"line":2340,"column":10},"end":{"line":2340,"column":null}},"787":{"start":{"line":2341,"column":10},"end":{"line":2341,"column":null}},"788":{"start":{"line":2355,"column":23},"end":{"line":2355,"column":null}},"789":{"start":{"line":2368,"column":25},"end":{"line":2368,"column":null}}},"fnMap":{"0":{"name":"App","decl":{"start":{"line":24,"column":9},"end":{"line":24,"column":15}},"loc":{"start":{"line":24,"column":15},"end":{"line":2374,"column":null}},"line":24},"1":{"name":"(anonymous_1)","decl":{"start":{"line":28,"column":53},"end":{"line":28,"column":59}},"loc":{"start":{"line":28,"column":59},"end":{"line":52,"column":3}},"line":28},"2":{"name":"(anonymous_2)","decl":{"start":{"line":79,"column":51},"end":{"line":79,"column":57}},"loc":{"start":{"line":79,"column":57},"end":{"line":88,"column":3}},"line":79},"3":{"name":"(anonymous_3)","decl":{"start":{"line":100,"column":31},"end":{"line":100,"column":32}},"loc":{"start":{"line":100,"column":53},"end":{"line":106,"column":null}},"line":100},"4":{"name":"(anonymous_4)","decl":{"start":{"line":101,"column":25},"end":{"line":101,"column":33}},"loc":{"start":{"line":101,"column":33},"end":{"line":105,"column":5}},"line":101},"5":{"name":"(anonymous_5)","decl":{"start":{"line":112,"column":41},"end":{"line":112,"column":48}},"loc":{"start":{"line":112,"column":65},"end":{"line":127,"column":5}},"line":112},"6":{"name":"(anonymous_6)","decl":{"start":{"line":120,"column":25},"end":{"line":120,"column":33}},"loc":{"start":{"line":120,"column":33},"end":{"line":120,"column":52}},"line":120},"7":{"name":"(anonymous_7)","decl":{"start":{"line":121,"column":26},"end":{"line":121,"column":34}},"loc":{"start":{"line":121,"column":34},"end":{"line":121,"column":57}},"line":121},"8":{"name":"(anonymous_8)","decl":{"start":{"line":130,"column":45},"end":{"line":130,"column":52}},"loc":{"start":{"line":130,"column":70},"end":{"line":148,"column":5}},"line":130},"9":{"name":"(anonymous_9)","decl":{"start":{"line":151,"column":31},"end":{"line":151,"column":65}},"loc":{"start":{"line":151,"column":65},"end":{"line":153,"column":null}},"line":151},"10":{"name":"(anonymous_10)","decl":{"start":{"line":152,"column":37},"end":{"line":152,"column":42}},"loc":{"start":{"line":152,"column":42},"end":{"line":152,"column":79}},"line":152},"11":{"name":"(anonymous_11)","decl":{"start":{"line":158,"column":12},"end":{"line":158,"column":18}},"loc":{"start":{"line":158,"column":18},"end":{"line":168,"column":5}},"line":158},"12":{"name":"(anonymous_12)","decl":{"start":{"line":159,"column":33},"end":{"line":159,"column":39}},"loc":{"start":{"line":159,"column":39},"end":{"line":165,"column":7}},"line":159},"13":{"name":"(anonymous_13)","decl":{"start":{"line":167,"column":11},"end":{"line":167,"column":17}},"loc":{"start":{"line":167,"column":17},"end":{"line":167,"column":null}},"line":167},"14":{"name":"(anonymous_14)","decl":{"start":{"line":171,"column":12},"end":{"line":171,"column":18}},"loc":{"start":{"line":171,"column":18},"end":{"line":181,"column":5}},"line":171},"15":{"name":"(anonymous_15)","decl":{"start":{"line":172,"column":24},"end":{"line":172,"column":30}},"loc":{"start":{"line":172,"column":30},"end":{"line":176,"column":null}},"line":172},"16":{"name":"(anonymous_16)","decl":{"start":{"line":180,"column":11},"end":{"line":180,"column":17}},"loc":{"start":{"line":180,"column":17},"end":{"line":180,"column":null}},"line":180},"17":{"name":"(anonymous_17)","decl":{"start":{"line":184,"column":12},"end":{"line":184,"column":18}},"loc":{"start":{"line":184,"column":18},"end":{"line":200,"column":5}},"line":184},"18":{"name":"(anonymous_18)","decl":{"start":{"line":190,"column":21},"end":{"line":190,"column":27}},"loc":{"start":{"line":190,"column":27},"end":{"line":196,"column":null}},"line":190},"19":{"name":"(anonymous_19)","decl":{"start":{"line":199,"column":11},"end":{"line":199,"column":17}},"loc":{"start":{"line":199,"column":17},"end":{"line":199,"column":null}},"line":199},"20":{"name":"(anonymous_20)","decl":{"start":{"line":203,"column":12},"end":{"line":203,"column":18}},"loc":{"start":{"line":203,"column":18},"end":{"line":207,"column":5}},"line":203},"21":{"name":"(anonymous_21)","decl":{"start":{"line":210,"column":12},"end":{"line":210,"column":18}},"loc":{"start":{"line":210,"column":18},"end":{"line":212,"column":5}},"line":210},"22":{"name":"(anonymous_22)","decl":{"start":{"line":215,"column":12},"end":{"line":215,"column":18}},"loc":{"start":{"line":215,"column":18},"end":{"line":244,"column":5}},"line":215},"23":{"name":"(anonymous_23)","decl":{"start":{"line":216,"column":26},"end":{"line":216,"column":27}},"loc":{"start":{"line":216,"column":48},"end":{"line":240,"column":null}},"line":216},"24":{"name":"(anonymous_24)","decl":{"start":{"line":243,"column":11},"end":{"line":243,"column":17}},"loc":{"start":{"line":243,"column":17},"end":{"line":243,"column":null}},"line":243},"25":{"name":"(anonymous_25)","decl":{"start":{"line":247,"column":12},"end":{"line":247,"column":18}},"loc":{"start":{"line":247,"column":18},"end":{"line":289,"column":5}},"line":247},"26":{"name":"(anonymous_26)","decl":{"start":{"line":255,"column":29},"end":{"line":255,"column":30}},"loc":{"start":{"line":255,"column":48},"end":{"line":258,"column":null}},"line":255},"27":{"name":"(anonymous_27)","decl":{"start":{"line":260,"column":27},"end":{"line":260,"column":28}},"loc":{"start":{"line":260,"column":46},"end":{"line":264,"column":null}},"line":260},"28":{"name":"(anonymous_28)","decl":{"start":{"line":266,"column":24},"end":{"line":266,"column":30}},"loc":{"start":{"line":266,"column":30},"end":{"line":280,"column":null}},"line":266},"29":{"name":"(anonymous_29)","decl":{"start":{"line":285,"column":11},"end":{"line":285,"column":17}},"loc":{"start":{"line":285,"column":17},"end":{"line":288,"column":null}},"line":285},"30":{"name":"(anonymous_30)","decl":{"start":{"line":292,"column":12},"end":{"line":292,"column":18}},"loc":{"start":{"line":292,"column":18},"end":{"line":307,"column":5}},"line":292},"31":{"name":"(anonymous_31)","decl":{"start":{"line":293,"column":31},"end":{"line":293,"column":32}},"loc":{"start":{"line":293,"column":50},"end":{"line":298,"column":null}},"line":293},"32":{"name":"(anonymous_32)","decl":{"start":{"line":304,"column":11},"end":{"line":304,"column":17}},"loc":{"start":{"line":304,"column":17},"end":{"line":306,"column":null}},"line":304},"33":{"name":"(anonymous_33)","decl":{"start":{"line":310,"column":12},"end":{"line":310,"column":18}},"loc":{"start":{"line":310,"column":18},"end":{"line":325,"column":5}},"line":310},"34":{"name":"(anonymous_34)","decl":{"start":{"line":311,"column":31},"end":{"line":311,"column":32}},"loc":{"start":{"line":311,"column":50},"end":{"line":316,"column":null}},"line":311},"35":{"name":"(anonymous_35)","decl":{"start":{"line":322,"column":11},"end":{"line":322,"column":17}},"loc":{"start":{"line":322,"column":17},"end":{"line":324,"column":null}},"line":322},"36":{"name":"(anonymous_36)","decl":{"start":{"line":328,"column":12},"end":{"line":328,"column":18}},"loc":{"start":{"line":328,"column":18},"end":{"line":344,"column":5}},"line":328},"37":{"name":"(anonymous_37)","decl":{"start":{"line":329,"column":31},"end":{"line":329,"column":32}},"loc":{"start":{"line":329,"column":54},"end":{"line":335,"column":null}},"line":329},"38":{"name":"(anonymous_38)","decl":{"start":{"line":341,"column":11},"end":{"line":341,"column":17}},"loc":{"start":{"line":341,"column":17},"end":{"line":343,"column":null}},"line":341},"39":{"name":"(anonymous_39)","decl":{"start":{"line":346,"column":20},"end":{"line":346,"column":21}},"loc":{"start":{"line":346,"column":70},"end":{"line":362,"column":null}},"line":346},"40":{"name":"(anonymous_40)","decl":{"start":{"line":348,"column":15},"end":{"line":348,"column":23}},"loc":{"start":{"line":348,"column":23},"end":{"line":361,"column":5}},"line":348},"41":{"name":"(anonymous_41)","decl":{"start":{"line":364,"column":23},"end":{"line":364,"column":24}},"loc":{"start":{"line":364,"column":91},"end":{"line":390,"column":null}},"line":364},"42":{"name":"(anonymous_42)","decl":{"start":{"line":366,"column":15},"end":{"line":366,"column":23}},"loc":{"start":{"line":366,"column":23},"end":{"line":389,"column":5}},"line":366},"43":{"name":"(anonymous_43)","decl":{"start":{"line":370,"column":49},"end":{"line":370,"column":59}},"loc":{"start":{"line":370,"column":59},"end":{"line":380,"column":7}},"line":370},"44":{"name":"(anonymous_44)","decl":{"start":{"line":380,"column":16},"end":{"line":380,"column":17}},"loc":{"start":{"line":380,"column":41},"end":{"line":380,"column":51}},"line":380},"45":{"name":"(anonymous_45)","decl":{"start":{"line":392,"column":30},"end":{"line":392,"column":31}},"loc":{"start":{"line":392,"column":77},"end":{"line":397,"column":null}},"line":392},"46":{"name":"(anonymous_46)","decl":{"start":{"line":399,"column":31},"end":{"line":399,"column":32}},"loc":{"start":{"line":399,"column":56},"end":{"line":404,"column":null}},"line":399},"47":{"name":"(anonymous_47)","decl":{"start":{"line":406,"column":33},"end":{"line":406,"column":39}},"loc":{"start":{"line":406,"column":39},"end":{"line":412,"column":null}},"line":406},"48":{"name":"(anonymous_48)","decl":{"start":{"line":414,"column":29},"end":{"line":414,"column":35}},"loc":{"start":{"line":414,"column":35},"end":{"line":420,"column":null}},"line":414},"49":{"name":"(anonymous_49)","decl":{"start":{"line":423,"column":27},"end":{"line":423,"column":28}},"loc":{"start":{"line":423,"column":53},"end":{"line":429,"column":null}},"line":423},"50":{"name":"(anonymous_50)","decl":{"start":{"line":424,"column":16},"end":{"line":424,"column":25}},"loc":{"start":{"line":424,"column":25},"end":{"line":428,"column":6}},"line":424},"51":{"name":"(anonymous_51)","decl":{"start":{"line":431,"column":27},"end":{"line":431,"column":28}},"loc":{"start":{"line":431,"column":45},"end":{"line":446,"column":null}},"line":431},"52":{"name":"(anonymous_52)","decl":{"start":{"line":441,"column":16},"end":{"line":441,"column":25}},"loc":{"start":{"line":441,"column":25},"end":{"line":444,"column":6}},"line":441},"53":{"name":"(anonymous_53)","decl":{"start":{"line":448,"column":27},"end":{"line":448,"column":28}},"loc":{"start":{"line":448,"column":70},"end":{"line":455,"column":null}},"line":448},"54":{"name":"(anonymous_54)","decl":{"start":{"line":449,"column":16},"end":{"line":449,"column":25}},"loc":{"start":{"line":449,"column":25},"end":{"line":454,"column":6}},"line":449},"55":{"name":"(anonymous_55)","decl":{"start":{"line":451,"column":40},"end":{"line":451,"column":null}},"loc":{"start":{"line":452,"column":8},"end":{"line":452,"column":null}},"line":452},"56":{"name":"(anonymous_56)","decl":{"start":{"line":457,"column":27},"end":{"line":457,"column":28}},"loc":{"start":{"line":457,"column":53},"end":{"line":470,"column":null}},"line":457},"57":{"name":"(anonymous_57)","decl":{"start":{"line":458,"column":16},"end":{"line":458,"column":24}},"loc":{"start":{"line":458,"column":24},"end":{"line":469,"column":5}},"line":458},"58":{"name":"(anonymous_58)","decl":{"start":{"line":459,"column":47},"end":{"line":459,"column":52}},"loc":{"start":{"line":459,"column":52},"end":{"line":459,"column":73}},"line":459},"59":{"name":"(anonymous_59)","decl":{"start":{"line":472,"column":25},"end":{"line":472,"column":26}},"loc":{"start":{"line":472,"column":78},"end":{"line":487,"column":null}},"line":472},"60":{"name":"(anonymous_60)","decl":{"start":{"line":473,"column":16},"end":{"line":473,"column":25}},"loc":{"start":{"line":473,"column":25},"end":{"line":486,"column":6}},"line":473},"61":{"name":"(anonymous_61)","decl":{"start":{"line":475,"column":40},"end":{"line":475,"column":null}},"loc":{"start":{"line":476,"column":8},"end":{"line":484,"column":null}},"line":476},"62":{"name":"(anonymous_62)","decl":{"start":{"line":489,"column":29},"end":{"line":489,"column":30}},"loc":{"start":{"line":489,"column":54},"end":{"line":492,"column":null}},"line":489},"63":{"name":"(anonymous_63)","decl":{"start":{"line":494,"column":32},"end":{"line":494,"column":33}},"loc":{"start":{"line":494,"column":68},"end":{"line":503,"column":null}},"line":494},"64":{"name":"(anonymous_64)","decl":{"start":{"line":495,"column":16},"end":{"line":495,"column":25}},"loc":{"start":{"line":495,"column":25},"end":{"line":502,"column":6}},"line":495},"65":{"name":"(anonymous_65)","decl":{"start":{"line":497,"column":40},"end":{"line":497,"column":null}},"loc":{"start":{"line":498,"column":8},"end":{"line":500,"column":null}},"line":498},"66":{"name":"(anonymous_66)","decl":{"start":{"line":505,"column":23},"end":{"line":505,"column":29}},"loc":{"start":{"line":505,"column":29},"end":{"line":516,"column":null}},"line":505},"67":{"name":"(anonymous_67)","decl":{"start":{"line":518,"column":23},"end":{"line":518,"column":29}},"loc":{"start":{"line":518,"column":29},"end":{"line":520,"column":null}},"line":518},"68":{"name":"(anonymous_68)","decl":{"start":{"line":522,"column":27},"end":{"line":522,"column":28}},"loc":{"start":{"line":522,"column":75},"end":{"line":525,"column":null}},"line":522},"69":{"name":"(anonymous_69)","decl":{"start":{"line":524,"column":15},"end":{"line":524,"column":21}},"loc":{"start":{"line":524,"column":21},"end":{"line":524,"column":44}},"line":524},"70":{"name":"(anonymous_70)","decl":{"start":{"line":527,"column":28},"end":{"line":527,"column":34}},"loc":{"start":{"line":527,"column":34},"end":{"line":534,"column":null}},"line":527},"71":{"name":"(anonymous_71)","decl":{"start":{"line":530,"column":15},"end":{"line":530,"column":21}},"loc":{"start":{"line":530,"column":21},"end":{"line":533,"column":7}},"line":530},"72":{"name":"(anonymous_72)","decl":{"start":{"line":536,"column":36},"end":{"line":536,"column":42}},"loc":{"start":{"line":536,"column":42},"end":{"line":543,"column":null}},"line":536},"73":{"name":"(anonymous_73)","decl":{"start":{"line":539,"column":15},"end":{"line":539,"column":21}},"loc":{"start":{"line":539,"column":21},"end":{"line":542,"column":7}},"line":539},"74":{"name":"(anonymous_74)","decl":{"start":{"line":545,"column":29},"end":{"line":545,"column":35}},"loc":{"start":{"line":545,"column":35},"end":{"line":552,"column":null}},"line":545},"75":{"name":"(anonymous_75)","decl":{"start":{"line":554,"column":35},"end":{"line":554,"column":36}},"loc":{"start":{"line":554,"column":64},"end":{"line":583,"column":null}},"line":554},"76":{"name":"(anonymous_76)","decl":{"start":{"line":556,"column":15},"end":{"line":556,"column":23}},"loc":{"start":{"line":556,"column":23},"end":{"line":560,"column":5}},"line":556},"77":{"name":"(anonymous_77)","decl":{"start":{"line":562,"column":16},"end":{"line":562,"column":25}},"loc":{"start":{"line":562,"column":25},"end":{"line":579,"column":6}},"line":562},"78":{"name":"(anonymous_78)","decl":{"start":{"line":564,"column":40},"end":{"line":564,"column":45}},"loc":{"start":{"line":564,"column":45},"end":{"line":578,"column":7}},"line":564},"79":{"name":"(anonymous_79)","decl":{"start":{"line":585,"column":29},"end":{"line":585,"column":57}},"loc":{"start":{"line":585,"column":57},"end":{"line":596,"column":null}},"line":585},"80":{"name":"(anonymous_80)","decl":{"start":{"line":598,"column":33},"end":{"line":598,"column":34}},"loc":{"start":{"line":598,"column":52},"end":{"line":630,"column":null}},"line":598},"81":{"name":"(anonymous_81)","decl":{"start":{"line":610,"column":16},"end":{"line":610,"column":25}},"loc":{"start":{"line":610,"column":25},"end":{"line":627,"column":6}},"line":610},"82":{"name":"(anonymous_82)","decl":{"start":{"line":612,"column":40},"end":{"line":612,"column":45}},"loc":{"start":{"line":612,"column":45},"end":{"line":626,"column":7}},"line":612},"83":{"name":"(anonymous_83)","decl":{"start":{"line":616,"column":62},"end":{"line":616,"column":63}},"loc":{"start":{"line":616,"column":72},"end":{"line":616,"column":83}},"line":616},"84":{"name":"(anonymous_84)","decl":{"start":{"line":632,"column":34},"end":{"line":632,"column":40}},"loc":{"start":{"line":632,"column":40},"end":{"line":672,"column":null}},"line":632},"85":{"name":"(anonymous_85)","decl":{"start":{"line":641,"column":18},"end":{"line":641,"column":27}},"loc":{"start":{"line":641,"column":27},"end":{"line":654,"column":8}},"line":641},"86":{"name":"(anonymous_86)","decl":{"start":{"line":643,"column":42},"end":{"line":643,"column":null}},"loc":{"start":{"line":644,"column":10},"end":{"line":652,"column":null}},"line":644},"87":{"name":"(anonymous_87)","decl":{"start":{"line":658,"column":18},"end":{"line":658,"column":27}},"loc":{"start":{"line":658,"column":27},"end":{"line":668,"column":8}},"line":658},"88":{"name":"(anonymous_88)","decl":{"start":{"line":660,"column":42},"end":{"line":660,"column":null}},"loc":{"start":{"line":661,"column":10},"end":{"line":666,"column":null}},"line":661},"89":{"name":"(anonymous_89)","decl":{"start":{"line":674,"column":30},"end":{"line":674,"column":36}},"loc":{"start":{"line":674,"column":36},"end":{"line":717,"column":null}},"line":674},"90":{"name":"(anonymous_90)","decl":{"start":{"line":687,"column":17},"end":{"line":687,"column":23}},"loc":{"start":{"line":687,"column":23},"end":{"line":715,"column":null}},"line":687},"91":{"name":"(anonymous_91)","decl":{"start":{"line":688,"column":19},"end":{"line":688,"column":27}},"loc":{"start":{"line":688,"column":27},"end":{"line":692,"column":9}},"line":688},"92":{"name":"(anonymous_92)","decl":{"start":{"line":694,"column":20},"end":{"line":694,"column":29}},"loc":{"start":{"line":694,"column":29},"end":{"line":711,"column":10}},"line":694},"93":{"name":"(anonymous_93)","decl":{"start":{"line":696,"column":44},"end":{"line":696,"column":49}},"loc":{"start":{"line":696,"column":49},"end":{"line":710,"column":11}},"line":696},"94":{"name":"(anonymous_94)","decl":{"start":{"line":719,"column":32},"end":{"line":719,"column":38}},"loc":{"start":{"line":719,"column":38},"end":{"line":762,"column":null}},"line":719},"95":{"name":"(anonymous_95)","decl":{"start":{"line":732,"column":17},"end":{"line":732,"column":23}},"loc":{"start":{"line":732,"column":23},"end":{"line":760,"column":null}},"line":732},"96":{"name":"(anonymous_96)","decl":{"start":{"line":733,"column":19},"end":{"line":733,"column":27}},"loc":{"start":{"line":733,"column":27},"end":{"line":737,"column":9}},"line":733},"97":{"name":"(anonymous_97)","decl":{"start":{"line":739,"column":20},"end":{"line":739,"column":29}},"loc":{"start":{"line":739,"column":29},"end":{"line":756,"column":10}},"line":739},"98":{"name":"(anonymous_98)","decl":{"start":{"line":741,"column":44},"end":{"line":741,"column":49}},"loc":{"start":{"line":741,"column":49},"end":{"line":755,"column":11}},"line":741},"99":{"name":"(anonymous_99)","decl":{"start":{"line":764,"column":31},"end":{"line":764,"column":32}},"loc":{"start":{"line":764,"column":50},"end":{"line":791,"column":null}},"line":764},"100":{"name":"(anonymous_100)","decl":{"start":{"line":772,"column":17},"end":{"line":772,"column":23}},"loc":{"start":{"line":772,"column":23},"end":{"line":789,"column":null}},"line":772},"101":{"name":"(anonymous_101)","decl":{"start":{"line":773,"column":20},"end":{"line":773,"column":29}},"loc":{"start":{"line":773,"column":29},"end":{"line":785,"column":10}},"line":773},"102":{"name":"(anonymous_102)","decl":{"start":{"line":775,"column":44},"end":{"line":775,"column":49}},"loc":{"start":{"line":775,"column":49},"end":{"line":784,"column":11}},"line":775},"103":{"name":"(anonymous_103)","decl":{"start":{"line":781,"column":58},"end":{"line":781,"column":59}},"loc":{"start":{"line":781,"column":68},"end":{"line":781,"column":79}},"line":781},"104":{"name":"(anonymous_104)","decl":{"start":{"line":793,"column":29},"end":{"line":793,"column":30}},"loc":{"start":{"line":793,"column":48},"end":{"line":820,"column":null}},"line":793},"105":{"name":"(anonymous_105)","decl":{"start":{"line":801,"column":17},"end":{"line":801,"column":23}},"loc":{"start":{"line":801,"column":23},"end":{"line":818,"column":null}},"line":801},"106":{"name":"(anonymous_106)","decl":{"start":{"line":802,"column":20},"end":{"line":802,"column":29}},"loc":{"start":{"line":802,"column":29},"end":{"line":814,"column":10}},"line":802},"107":{"name":"(anonymous_107)","decl":{"start":{"line":804,"column":44},"end":{"line":804,"column":49}},"loc":{"start":{"line":804,"column":49},"end":{"line":813,"column":11}},"line":804},"108":{"name":"(anonymous_108)","decl":{"start":{"line":810,"column":58},"end":{"line":810,"column":59}},"loc":{"start":{"line":810,"column":68},"end":{"line":810,"column":79}},"line":810},"109":{"name":"(anonymous_109)","decl":{"start":{"line":822,"column":30},"end":{"line":822,"column":36}},"loc":{"start":{"line":822,"column":36},"end":{"line":865,"column":null}},"line":822},"110":{"name":"(anonymous_110)","decl":{"start":{"line":825,"column":17},"end":{"line":825,"column":23}},"loc":{"start":{"line":825,"column":23},"end":{"line":863,"column":null}},"line":825},"111":{"name":"(anonymous_111)","decl":{"start":{"line":826,"column":20},"end":{"line":826,"column":29}},"loc":{"start":{"line":826,"column":29},"end":{"line":859,"column":10}},"line":826},"112":{"name":"(anonymous_112)","decl":{"start":{"line"
[...]
undefined:undefined":10,"s:161:4:172:Infinity":44,"s:162:26:168:Infinity":45,"f:162:26:162:27":12,"s:163:23:163:Infinity":46,"b:165:8:167:Infinity:undefined:undefined:undefined:undefined":11,"s:165:8:167:Infinity":47,"b:165:12:165:48:165:48:165:94":12,"s:166:10:166:Infinity":48,"s:170:6:170:Infinity":49,"s:171:6:171:Infinity":50,"f:171:13:171:19":13,"s:171:19:171:Infinity":51,"s:175:2:236:Infinity":52,"f:175:12:175:18":14,"b:176:4:176:Infinity:undefined:undefined:undefined:undefined":13,"s:176:4:176:Infinity":53,"s:176:17:176:Infinity":54,"s:178:36:221:Infinity":55,"f:178:36:178:42":15,"b:180:6:220:Infinity:218:13:220:Infinity":14,"s:180:6:220:Infinity":56,"s:182:42:182:Infinity":57,"b:184:8:209:Infinity:190:15:209:Infinity":15,"s:184:8:209:Infinity":58,"s:185:23:185:Infinity":59,"b:186:10:189:Infinity:undefined:undefined:undefined:undefined":16,"s:186:10:189:Infinity":60,"s:187:28:187:Infinity":61,"s:188:12:188:Infinity":62,"b:188:22:188:93:188:93:188:Infinity":17,"f:188:35:188:42":16,"s:188:42:188:73":63,"s:192:27:192:Infinity":64,"s:195:10:203:Infinity":65,"b:195:20:203:16:203:16:203:Infinity":18,"f:195:34:195:40":17,"s:196:25:196:Infinity":66,"s:197:26:197:Infinity":67,"s:198:12:202:Infinity":68,"b:198:19:198:Infinity:199:19:199:Infinity:200:19:200:Infinity:201:19:201:Infinity:202:19:202:Infinity":19,"b:205:10:208:Infinity:undefined:undefined:undefined:undefined":20,"s:205:10:208:Infinity":69,"b:205:14:205:26:205:26:205:47":21,"s:207:12:207:Infinity":70,"b:211:8:217:Infinity:215:15:217:Infinity":22,"s:211:8:217:Infinity":71,"s:212:10:212:Infinity":72,"s:214:10:214:Infinity":73,"s:216:10:216:Infinity":74,"s:219:8:219:Infinity":75,"s:224:4:224:Infinity":76,"s:227:22:227:Infinity":77,"s:230:23:230:Infinity":78,"s:232:4:235:Infinity":79,"f:232:11:232:17":18,"s:233:6:233:Infinity":80,"s:234:6:234:Infinity":81,"s:238:21:250:Infinity":82,"f:238:21:238:27":19,"s:240:32:240:Infinity":83,"b:240:32:240:53:240:53:240:Infinity":23,"b:241:4:243:Infinity:undefined:undefined:undefined:undefined":24,"s:241:4:243:Infinity":84,"b:241:8:241:31:241:31:241:47":25,"s:242:6:242:Infinity":85,"b:245:4:249:Infinity:247:11:249:Infinity":26,"s:245:4:249:Infinity":86,"s:246:6:246:Infinity":87,"s:248:6:248:Infinity":88,"f:248:21:248:29":20,"s:248:29:248:37":89,"s:252:25:256:Infinity":90,"f:252:25:252:31":21,"b:253:4:255:Infinity:undefined:undefined:undefined:undefined":27,"s:253:4:255:Infinity":91,"s:254:6:254:Infinity":92,"f:254:21:254:29":22,"s:254:29:254:37":93,"s:258:22:262:Infinity":94,"f:258:22:258:28":23,"s:260:4:260:Infinity":95,"s:261:4:261:Infinity":96,"s:264:21:266:Infinity":97,"f:264:21:264:27":24,"s:265:4:265:Infinity":98,"b:268:2:268:Infinity:undefined:undefined:undefined:undefined":28,"s:268:2:268:Infinity":99,"s:268:15:268:Infinity":100,"s:271:26:311:Infinity":101,"f:271:26:271:53":25,"b:272:4:278:Infinity:undefined:undefined:undefined:undefined":29,"s:272:4:278:Infinity":102,"b:272:8:272:31:272:31:272:59":30,"s:273:6:277:Infinity":103,"s:280:17:280:Infinity":104,"s:281:39:281:Infinity":105,"b:284:6:288:Infinity:289:6:293:Infinity:294:6:298:Infinity:299:6:303:Infinity:304:6:307:Infinity":31,"s:283:4:308:Infinity":106,"s:285:8:285:Infinity":107,"s:286:8:286:Infinity":108,"s:287:8:287:Infinity":109,"s:288:8:288:Infinity":110,"s:290:8:290:Infinity":111,"s:291:8:291:Infinity":112,"s:292:8:292:Infinity":113,"s:293:8:293:Infinity":114,"s:295:8:295:Infinity":115,"s:296:8:296:Infinity":116,"s:297:8:297:Infinity":117,"s:298:8:298:Infinity":118,"s:300:8:300:Infinity":119,"s:301:8:301:Infinity":120,"s:302:8:302:Infinity":121,"s:303:8:303:Infinity":122,"s:305:8:305:Infinity":123,"s:306:8:306:Infinity":124,"s:307:8:307:Infinity":125,"s:310:4:310:Infinity":126,"s:313:2:359:Infinity":127,"b:314:62:314:79:314:79:314:81":32,"b:315:7:315:29:315:29:315:Infinity:316:8:324:Infinity":33,"b:344:13:344:29:344:29:344:Infinity:345:14:347:Infinity":34,"b:352:25:352:46:352:46:352:68:352:68:352:Infinity":35,"b:354:28:354:39:354:39:354:Infinity":36}}}
,"/Users/kgrimes/Developer/src/github.com/kgrimes2/kdm-settlement-manager/src/data/glossary.json": {"path":"/Users/kgrimes/Developer/src/github.com/kgrimes2/kdm-settlement-manager/src/data/glossary.json","statementMap":{},"fnMap":{},"branchMap":{},"s":{},"f":{},"b":{},"meta":{"lastBranch":0,"lastFunction":0,"lastStatement":0,"seen":{}}}
,"/Users/kgrimes/Developer/src/github.com/kgrimes2/kdm-settlement-manager/src/data/wiki-index.json": {"path":"/Users/kgrimes/Developer/src/github.com/kgrimes2/kdm-settlement-manager/src/data/wiki-index.json","statementMap":{},"fnMap":{},"branchMap":{},"s":{},"f":{},"b":{},"meta":{"lastBranch":0,"lastFunction":0,"lastStatement":0,"seen":{}}}
,"/Users/kgrimes/Developer/src/github.com/kgrimes2/kdm-settlement-manager/src/utils/glossarySearch.ts": {"path":"/Users/kgrimes/Developer/src/github.com/kgrimes2/kdm-settlement-manager/src/utils/glossarySearch.ts","statementMap":{"0":{"start":{"line":22,"column":2},"end":{"line":24,"column":null}},"1":{"start":{"line":23,"column":4},"end":{"line":23,"column":null}},"2":{"start":{"line":26,"column":26},"end":{"line":26,"column":null}},"3":{"start":{"line":27,"column":34},"end":{"line":27,"column":null}},"4":{"start":{"line":29,"column":2},"end":{"line":34,"column":null}},"5":{"start":{"line":30,"column":18},"end":{"line":30,"column":null}},"6":{"start":{"line":31,"column":4},"end":{"line":33,"column":null}},"7":{"start":{"line":32,"column":6},"end":{"line":32,"column":null}},"8":{"start":{"line":37,"column":2},"end":{"line":37,"column":null}},"9":{"start":{"line":37,"column":25},"end":{"line":37,"column":42}},"10":{"start":{"line":39,"column":2},"end":{"line":39,"column":null}},"11":{"start":{"line":49,"column":2},"end":{"line":49,"column":null}},"12":{"start":{"line":49,"column":21},"end":{"line":49,"column":null}},"13":{"start":{"line":51,"column":26},"end":{"line":51,"column":null}},"14":{"start":{"line":52,"column":42},"end":{"line":52,"column":null}},"15":{"start":{"line":54,"column":2},"end":{"line":64,"column":null}},"16":{"start":{"line":55,"column":21},"end":{"line":55,"column":null}},"17":{"start":{"line":57,"column":4},"end":{"line":63,"column":null}},"18":{"start":{"line":58,"column":6},"end":{"line":58,"column":null}},"19":{"start":{"line":59,"column":4},"end":{"line":63,"column":null}},"20":{"start":{"line":60,"column":6},"end":{"line":60,"column":null}},"21":{"start":{"line":61,"column":4},"end":{"line":63,"column":null}},"22":{"start":{"line":62,"column":6},"end":{"line":62,"column":null}},"23":{"start":{"line":66,"column":2},"end":{"line":66,"column":null}},"24":{"start":{"line":66,"column":25},"end":{"line":66,"column":42}},"25":{"start":{"line":67,"column":2},"end":{"line":67,"column":null}},"26":{"start":{"line":71,"column":20},"end":{"line":71,"column":null}},"27":{"start":{"line":73,"column":19},"end":{"line":73,"column":null}},"28":{"start":{"line":76,"column":2},"end":{"line":78,"column":null}},"29":{"start":{"line":77,"column":4},"end":{"line":77,"column":null}},"30":{"start":{"line":81,"column":2},"end":{"line":83,"column":null}},"31":{"start":{"line":82,"column":4},"end":{"line":82,"column":null}},"32":{"start":{"line":86,"column":2},"end":{"line":88,"column":null}},"33":{"start":{"line":87,"column":4},"end":{"line":87,"column":null}},"34":{"start":{"line":91,"column":30},"end":{"line":91,"column":null}},"35":{"start":{"line":92,"column":2},"end":{"line":94,"column":null}},"36":{"start":{"line":93,"column":4},"end":{"line":93,"column":null}},"37":{"start":{"line":97,"column":2},"end":{"line":99,"column":null}},"38":{"start":{"line":98,"column":4},"end":{"line":98,"column":null}},"39":{"start":{"line":102,"column":2},"end":{"line":104,"column":null}},"40":{"start":{"line":103,"column":4},"end":{"line":103,"column":null}},"41":{"start":{"line":107,"column":20},"end":{"line":107,"column":null}},"42":{"start":{"line":108,"column":2},"end":{"line":110,"column":null}},"43":{"start":{"line":109,"column":4},"end":{"line":109,"column":null}},"44":{"start":{"line":113,"column":21},"end":{"line":113,"column":null}},"45":{"start":{"line":114,"column":2},"end":{"line":116,"column":null}},"46":{"start":{"line":115,"column":4},"end":{"line":115,"column":null}},"47":{"start":{"line":119,"column":19},"end":{"line":119,"column":null}},"48":{"start":{"line":120,"column":2},"end":{"line":122,"column":null}},"49":{"start":{"line":121,"column":4},"end":{"line":121,"column":null}},"50":{"start":{"line":124,"column":2},"end":{"line":124,"column":null}},"51":{"start":{"line":128,"column":17},"end":{"line":128,"column":null}},"52":{"start":{"line":129,"column":19},"end":{"line":129,"column":null}},"53":{"start":{"line":130,"column":16},"end":{"line":130,"column":null}},"54":{"start":{"line":132,"column":2},"end":{"line":138,"column":null}},"55":{"start":{"line":133,"column":4},"end":{"line":136,"column":null}},"56":{"start":{"line":134,"column":6},"end":{"line":134,"column":null}},"57":{"start":{"line":135,"column":6},"end":{"line":135,"column":null}},"58":{"start":{"line":137,"column":4},"end":{"line":137,"column":null}},"59":{"start":{"line":140,"column":2},"end":{"line":140,"column":null}},"60":{"start":{"line":144,"column":2},"end":{"line":144,"column":null}},"61":{"start":{"line":151,"column":22},"end":{"line":151,"column":null}},"62":{"start":{"line":153,"column":2},"end":{"line":159,"column":null}},"63":{"start":{"line":154,"column":21},"end":{"line":154,"column":null}},"64":{"start":{"line":155,"column":4},"end":{"line":157,"column":null}},"65":{"start":{"line":156,"column":6},"end":{"line":156,"column":null}},"66":{"start":{"line":158,"column":4},"end":{"line":158,"column":null}},"67":{"start":{"line":161,"column":2},"end":{"line":161,"column":null}}},"fnMap":{"0":{"name":"searchGlossary","decl":{"start":{"line":17,"column":16},"end":{"line":17,"column":null}},"loc":{"start":{"line":21,"column":18},"end":{"line":40,"column":null}},"line":21},"1":{"name":"(anonymous_1)","decl":{"start":{"line":37,"column":15},"end":{"line":37,"column":16}},"loc":{"start":{"line":37,"column":25},"end":{"line":37,"column":42}},"line":37},"2":{"name":"searchCategories","decl":{"start":{"line":45,"column":16},"end":{"line":45,"column":null}},"loc":{"start":{"line":48,"column":26},"end":{"line":68,"column":null}},"line":48},"3":{"name":"(anonymous_3)","decl":{"start":{"line":66,"column":15},"end":{"line":66,"column":16}},"loc":{"start":{"line":66,"column":25},"end":{"line":66,"column":42}},"line":66},"4":{"name":"calculateScore","decl":{"start":{"line":70,"column":9},"end":{"line":70,"column":24}},"loc":{"start":{"line":70,"column":67},"end":{"line":125,"column":null}},"line":70},"5":{"name":"fuzzyMatch","decl":{"start":{"line":127,"column":9},"end":{"line":127,"column":20}},"loc":{"start":{"line":127,"column":56},"end":{"line":141,"column":null}},"line":127},"6":{"name":"escapeRegex","decl":{"start":{"line":143,"column":9},"end":{"line":143,"column":21}},"loc":{"start":{"line":143,"column":42},"end":{"line":145,"column":null}},"line":143},"7":{"name":"getTermsByCategory","decl":{"start":{"line":150,"column":16},"end":{"line":150,"column":35}},"loc":{"start":{"line":150,"column":87},"end":{"line":162,"column":null}},"line":150}},"branchMap":{"0":{"loc":{"start":{"line":20,"column":2},"end":{"line":20,"column":null}},"type":"default-arg","locations":[{"start":{"line":20,"column":23},"end":{"line":20,"column":null}}],"line":20},"1":{"loc":{"start":{"line":22,"column":2},"end":{"line":24,"column":null}},"type":"if","locations":[{"start":{"line":22,"column":2},"end":{"line":24,"column":null}},{"start":{},"end":{}}],"line":22},"2":{"loc":{"start":{"line":31,"column":4},"end":{"line":33,"column":null}},"type":"if","locations":[{"start":{"line":31,"column":4},"end":{"line":33,"column":null}},{"start":{},"end":{}}],"line":31},"3":{"loc":{"start":{"line":49,"column":2},"end":{"line":49,"column":null}},"type":"if","locations":[{"start":{"line":49,"column":2},"end":{"line":49,"column":null}},{"start":{},"end":{}}],"line":49},"4":{"loc":{"start":{"line":57,"column":4},"end":{"line":63,"column":null}},"type":"if","locations":[{"start":{"line":57,"column":4},"end":{"line":63,"column":null}},{"start":{"line":59,"column":4},"end":{"line":63,"column":null}}],"line":57},"5":{"loc":{"start":{"line":59,"column":4},"end":{"line":63,"column":null}},"type":"if","locations":[{"start":{"line":59,"column":4},"end":{"line":63,"column":null}},{"start":{"line":61,"column":4},"end":{"line":63,"column":null}}],"line":59},"6":{"loc":{"start":{"line":61,"column":4},"end":{"line":63,"column":null}},"type":"if","locations":[{"start":{"line":61,"column":4},"end":{"line":63,"column":null}},{"start":{},"end":{}}],"line":61},"7":{"loc":{"start":{"line":76,"column":2},"end":{"line":78,"column":null}},"type":"if","locations":[{"start":{"line":76,"column":2},"end":{"line":78,"column":null}},{"start":{},"end":{}}],"line":76},"8":{"loc":{"start":{"line":76,"column":6},"end":{"line":76,"column":49}},"type":"binary-expr","locations":[{"start":{"line":76,"column":6},"end":{"line":76,"column":29}},{"start":{"line":76,"column":29},"end":{"line":76,"column":49}}],"line":76},"9":{"loc":{"start":{"line":81,"column":2},"end":{"line":83,"column":null}},"type":"if","locations":[{"start":{"line":81,"column":2},"end":{"line":83,"column":null}},{"start":{},"end":{}}],"line":81},"10":{"loc":{"start":{"line":86,"column":2},"end":{"line":88,"column":null}},"type":"if","locations":[{"start":{"line":86,"column":2},"end":{"line":88,"column":null}},{"start":{},"end":{}}],"line":86},"11":{"loc":{"start":{"line":92,"column":2},"end":{"line":94,"column":null}},"type":"if","locations":[{"start":{"line":92,"column":2},"end":{"line":94,"column":null}},{"start":{},"end":{}}],"line":92},"12":{"loc":{"start":{"line":97,"column":2},"end":{"line":99,"column":null}},"type":"if","locations":[{"start":{"line":97,"column":2},"end":{"line":99,"column":null}},{"start":{},"end":{}}],"line":97},"13":{"loc":{"start":{"line":102,"column":2},"end":{"line":104,"column":null}},"type":"if","locations":[{"start":{"line":102,"column":2},"end":{"line":104,"column":null}},{"start":{},"end":{}}],"line":102},"14":{"loc":{"start":{"line":108,"column":2},"end":{"line":110,"column":null}},"type":"if","locations":[{"start":{"line":108,"column":2},"end":{"line":110,"column":null}},{"start":{},"end":{}}],"line":108},"15":{"loc":{"start":{"line":114,"column":2},"end":{"line":116,"column":null}},"type":"if","locations":[{"start":{"line":114,"column":2},"end":{"line":116,"column":null}},{"start":{},"end":{}}],"line":114},"16":{"loc":{"start":{"line":120,"column":2},"end":{"line":122,"column":null}},"type":"if","locations":[{"start":{"line":120,"column":2},"end":{"line":122,"column":null}},{"start":{},"end":{}}],"line":120},"17":{"loc":{"start":{"line":132,"column":9},"end":{"line":132,"column":61}},"type":"binary-expr","locations":[{"start":{"line":132,"column":9},"end":{"line":132,"column":34}},{"start":{"line":132,"column":34},"end":{"line":132,"column":61}}],"line":132},"18":{"loc":{"start":{"line":133,"column":4},"end":{"line":136,"column":null}},"type":"if","locations":[{"start":{"line":133,"column":4},"end":{"line":136,"column":null}},{"start":{},"end":{}}],"line":133},"19":{"loc":{"start":{"line":140,"column":9},"end":{"line":140,"column":null}},"type":"cond-expr","locations":[{"start":{"line":140,"column":39},"end":{"line":140,"column":64}},{"start":{"line":140,"column":64},"end":{"line":140,"column":null}}],"line":140},"20":{"loc":{"start":{"line":154,"column":21},"end":{"line":154,"column":null}},"type":"binary-expr","locations":[{"start":{"line":154,"column":21},"end":{"line":154,"column":38}},{"start":{"line":154,"column":38},"end":{"line":154,"column":null}}],"line":154},"21":{"loc":{"start":{"line":155,"column":4},"end":{"line":157,"column":null}},"type":"if","locations":[{"start":{"line":155,"column":4},"end":{"line":157,"column":null}},{"start":{},"end":{}}],"line":155}},"s":{"0":74,"1":2,"2":72,"3":72,"4":72,"5":243,"6":243,"7":71,"8":72,"9":34,"10":72,"11":139,"12":1,"13":138,"14":138,"15":138,"16":418,"17":418,"18":3,"19":415,"20":15,"21":400,"22":7,"23":138,"24":0,"25":138,"26":243,"27":243,"28":243,"29":7,"30":236,"31":43,"32":193,"33":0,"34":193,"35":193,"36":0,"37":193,"38":0,"39":193,"40":11,"41":182,"42":182,"43":2,"44":180,"45":180,"46":5,"47":175,"48":175,"49":3,"50":172,"51":362,"52":362,"53":362,"54":362,"55":3743,"56":308,"57":308,"58":3743,"59":362,"60":193,"61":0,"62":0,"63":0,"64":0,"65":0,"66":0,"67":0},"f":{"0":74,"1":34,"2":139,"3":0,"4":243,"5":362,"6":193,"7":0},"b":{"0":[74],"1":[2,72],"2":[71,172],"3":[1,138],"4":[3,415],"5":[15,400],"6":[7,393],"7":[7,236],"8":[243,239],"9":[43,193],"10":[0,193],"11":[0,193],"12":[0,193],"13":[11,182],"14":[2,180],"15":[5,175],"16":[3,172],"17":[362,3750],"18":[308,3435],"19":[7,355],"20":[0,0],"21":[0,0]},"meta":{"lastBranch":22,"lastFunction":8,"lastStatement":68,"seen":{"f:17:16:17:Infinity":0,"b:20:23:20:Infinity":0,"b:22:2:24:Infinity:undefined:undefined:undefined:undefined":1,"s:22:2:24:Infinity":0,"s:23:4:23:Infinity":1,"s:26:26:26:Infinity":2,"s:27:34:27:Infinity":3,"s:29:2:34:Infinity":4,"s:30:18:30:Infinity":5,"b:31:4:33:Infinity:undefined:undefined:undefined:undefined":2,"s:31:4:33:Infinity":6,"s:32:6:32:Infinity":7,"s:37:2:37:Infinity":8,"f:37:15:37:16":1,"s:37:25:37:42":9,"s:39:2:39:Infinity":10,"f:45:16:45:Infinity":2,"b:49:2:49:Infinity:undefined:undefined:undefined:undefined":3,"s:49:2:49:Infinity":11,"s:49:21:49:Infinity":12,"s:51:26:51:Infinity":13,"s:52:42:52:Infinity":14,"s:54:2:64:Infinity":15,"s:55:21:55:Infinity":16,"b:57:4:63:Infinity:59:4:63:Infinity":4,"s:57:4:63:Infinity":17,"s:58:6:58:Infinity":18,"b:59:4:63:Infinity:61:4:63:Infinity":5,"s:59:4:63:Infinity":19,"s:60:6:60:Infinity":20,"b:61:4:63:Infinity:undefined:undefined:undefined:undefined":6,"s:61:4:63:Infinity":21,"s:62:6:62:Infinity":22,"s:66:2:66:Infinity":23,"f:66:15:66:16":3,"s:66:25:66:42":24,"s:67:2:67:Infinity":25,"f:70:9:70:24":4,"s:71:20:71:Infinity":26,"s:73:19:73:Infinity":27,"b:76:2:78:Infinity:undefined:undefined:undefined:undefined":7,"s:76:2:78:Infinity":28,"b:76:6:76:29:76:29:76:49":8,"s:77:4:77:Infinity":29,"b:81:2:83:Infinity:undefined:undefined:undefined:undefined":9,"s:81:2:83:Infinity":30,"s:82:4:82:Infinity":31,"b:86:2:88:Infinity:undefined:undefined:undefined:undefined":10,"s:86:2:88:Infinity":32,"s:87:4:87:Infinity":33,"s:91:30:91:Infinity":34,"b:92:2:94:Infinity:undefined:undefined:undefined:undefined":11,"s:92:2:94:Infinity":35,"s:93:4:93:Infinity":36,"b:97:2:99:Infinity:undefined:undefined:undefined:undefined":12,"s:97:2:99:Infinity":37,"s:98:4:98:Infinity":38,"b:102:2:104:Infinity:undefined:undefined:undefined:undefined":13,"s:102:2:104:Infinity":39,"s:103:4:103:Infinity":40,"s:107:20:107:Infinity":41,"b:108:2:110:Infinity:undefined:undefined:undefined:undefined":14,"s:108:2:110:Infinity":42,"s:109:4:109:Infinity":43,"s:113:21:113:Infinity":44,"b:114:2:116:Infinity:undefined:undefined:undefined:undefined":15,"s:114:2:116:Infinity":45,"s:115:4:115:Infinity":46,"s:119:19:119:Infinity":47,"b:120:2:122:Infinity:undefined:undefined:undefined:undefined":16,"s:120:2:122:Infinity":48,"s:121:4:121:Infinity":49,"s:124:2:124:Infinity":50,"f:127:9:127:20":5,"s:128:17:128:Infinity":51,"s:129:19:129:Infinity":52,"s:130:16:130:Infinity":53,"s:132:2:138:Infinity":54,"b:132:9:132:34:132:34:132:61":17,"b:133:4:136:Infinity:undefined:undefined:undefined:undefined":18,"s:133:4:136:Infinity":55,"s:134:6:134:Infinity":56,"s:135:6:135:Infinity":57,"s:137:4:137:Infinity":58,"s:140:2:140:Infinity":59,"b:140:39:140:64:140:64:140:Infinity":19,"f:143:9:143:21":6,"s:144:2:144:Infinity":60,"f:150:16:150:35":7,"s:151:22:151:Infinity":61,"s:153:2:159:Infinity":62,"s:154:21:154:Infinity":63,"b:154:21:154:38:154:38:154:Infinity":20,"b:155:4:157:Infinity:undefined:undefined:undefined:undefined":21,"s:155:4:157:Infinity":64,"s:156:6:156:Infinity":65,"s:158:4:158:Infinity":66,"s:161:2:161:Infinity":67}}}
}
