TN:
SF:src/App.css
FNF:0
FNH:0
LF:0
LH:0
BRF:0
BRH:0
end_of_record
TN:
SF:src/App.tsx
FN:24,App
FN:28,(anonymous_1)
FN:79,(anonymous_2)
FN:100,(anonymous_3)
FN:101,(anonymous_4)
FN:112,(anonymous_5)
FN:120,(anonymous_6)
FN:121,(anonymous_7)
FN:130,(anonymous_8)
FN:151,(anonymous_9)
FN:152,(anonymous_10)
FN:158,(anonymous_11)
FN:159,(anonymous_12)
FN:167,(anonymous_13)
FN:171,(anonymous_14)
FN:172,(anonymous_15)
FN:180,(anonymous_16)
FN:184,(anonymous_17)
FN:190,(anonymous_18)
FN:199,(anonymous_19)
FN:203,(anonymous_20)
FN:210,(anonymous_21)
FN:215,(anonymous_22)
FN:216,(anonymous_23)
FN:243,(anonymous_24)
FN:247,(anonymous_25)
FN:255,(anonymous_26)
FN:260,(anonymous_27)
FN:266,(anonymous_28)
FN:285,(anonymous_29)
FN:292,(anonymous_30)
FN:293,(anonymous_31)
FN:304,(anonymous_32)
FN:310,(anonymous_33)
FN:311,(anonymous_34)
FN:322,(anonymous_35)
FN:328,(anonymous_36)
FN:329,(anonymous_37)
FN:341,(anonymous_38)
FN:346,(anonymous_39)
FN:348,(anonymous_40)
FN:364,(anonymous_41)
FN:366,(anonymous_42)
FN:370,(anonymous_43)
FN:380,(anonymous_44)
FN:392,(anonymous_45)
FN:399,(anonymous_46)
FN:406,(anonymous_47)
FN:414,(anonymous_48)
FN:423,(anonymous_49)
FN:424,(anonymous_50)
FN:431,(anonymous_51)
FN:441,(anonymous_52)
FN:448,(anonymous_53)
FN:449,(anonymous_54)
FN:451,(anonymous_55)
FN:457,(anonymous_56)
FN:458,(anonymous_57)
FN:459,(anonymous_58)
FN:472,(anonymous_59)
FN:473,(anonymous_60)
FN:475,(anonymous_61)
FN:489,(anonymous_62)
FN:494,(anonymous_63)
FN:495,(anonymous_64)
FN:497,(anonymous_65)
FN:505,(anonymous_66)
FN:518,(anonymous_67)
FN:522,(anonymous_68)
FN:524,(anonymous_69)
FN:527,(anonymous_70)
FN:530,(anonymous_71)
FN:536,(anonymous_72)
FN:539,(anonymous_73)
FN:545,(anonymous_74)
FN:554,(anonymous_75)
FN:556,(anonymous_76)
FN:562,(anonymous_77)
FN:564,(anonymous_78)
FN:585,(anonymous_79)
FN:598,(anonymous_80)
FN:610,(anonymous_81)
FN:612,(anonymous_82)
FN:616,(anonymous_83)
FN:632,(anonymous_84)
FN:641,(anonymous_85)
FN:643,(anonymous_86)
FN:658,(anonymous_87)
FN:660,(anonymous_88)
FN:674,(anonymous_89)
FN:687,(anonymous_90)
FN:688,(anonymous_91)
FN:694,(anonymous_92)
FN:696,(anonymous_93)
FN:719,(anonymous_94)
FN:732,(anonymous_95)
FN:733,(anonymous_96)
FN:739,(anonymous_97)
FN:741,(anonymous_98)
FN:764,(anonymous_99)
FN:772,(anonymous_100)
FN:773,(anonymous_101)
FN:775,(anonymous_102)
FN:781,(anonymous_103)
FN:793,(anonymous_104)
FN:801,(anonymous_105)
FN:802,(anonymous_106)
FN:804,(anonymous_107)
FN:810,(anonymous_108)
FN:822,(anonymous_109)
FN:825,(anonymous_110)
FN:826,(anonymous_111)
FN:828,(anonymous_112)
FN:831,(anonymous_113)
FN:854,(anonymous_114)
FN:855,(anonymous_115)
FN:856,(anonymous_116)
FN:867,(anonymous_117)
FN:872,(anonymous_118)
FN:875,(anonymous_119)
FN:876,(anonymous_120)
FN:878,(anonymous_121)
FN:881,(anonymous_122)
FN:904,(anonymous_123)
FN:905,(anonymous_124)
FN:906,(anonymous_125)
FN:917,(anonymous_126)
FN:924,(anonymous_127)
FN:926,(anonymous_128)
FN:929,(anonymous_129)
FN:946,(anonymous_130)
FN:947,(anonymous_131)
FN:948,(anonymous_132)
FN:958,(anonymous_133)
FN:961,(anonymous_134)
FN:971,(anonymous_135)
FN:974,(anonymous_136)
FN:998,(anonymous_137)
FN:1003,(anonymous_138)
FN:1038,(anonymous_139)
FN:1055,(anonymous_140)
FN:1056,(anonymous_141)
FN:1061,(anonymous_142)
FN:1077,(anonymous_143)
FN:1081,(anonymous_144)
FN:1089,(anonymous_145)
FN:1092,(anonymous_146)
FN:1111,(anonymous_147)
FN:1120,(anonymous_148)
FN:1142,(anonymous_149)
FN:1146,(anonymous_150)
FN:1154,(anonymous_151)
FN:1158,(anonymous_152)
FN:1170,(anonymous_153)
FN:1192,(anonymous_154)
FN:1196,(anonymous_155)
FN:1202,(anonymous_156)
FN:1217,(anonymous_157)
FN:1234,(anonymous_158)
FN:1242,(anonymous_159)
FN:1249,(anonymous_160)
FN:1250,(anonymous_161)
FN:1256,(anonymous_162)
FN:1265,(anonymous_163)
FN:1274,(anonymous_164)
FN:1292,(anonymous_165)
FN:1328,(anonymous_166)
FN:1374,(anonymous_167)
FN:1395,(anonymous_168)
FN:1413,(anonymous_169)
FN:1417,(anonymous_170)
FN:1440,(anonymous_171)
FN:1473,(anonymous_172)
FN:1491,(anonymous_173)
FN:1495,(anonymous_174)
FN:1532,(anonymous_175)
FN:1538,(anonymous_176)
FN:1542,(anonymous_177)
FN:1553,(anonymous_178)
FN:1565,(anonymous_179)
FN:1573,(anonymous_180)
FN:1582,(anonymous_181)
FN:1590,(anonymous_182)
FN:1599,(anonymous_183)
FN:1612,(anonymous_184)
FN:1633,(anonymous_185)
FN:1653,(anonymous_186)
FN:1657,(anonymous_187)
FN:1670,(anonymous_188)
FN:1681,(anonymous_189)
FN:1713,(anonymous_190)
FN:1721,(anonymous_191)
FN:1722,(anonymous_192)
FN:1734,(anonymous_193)
FN:1747,(anonymous_194)
FN:1757,(anonymous_195)
FN:1770,(anonymous_196)
FN:1776,(anonymous_197)
FN:1782,(anonymous_198)
FN:1797,(anonymous_199)
FN:1807,(anonymous_200)
FN:1827,(anonymous_201)
FN:1837,(anonymous_202)
FN:1858,(anonymous_203)
FN:1866,(anonymous_204)
FN:1877,(anonymous_205)
FN:1894,(anonymous_206)
FN:1898,(anonymous_207)
FN:1907,(anonymous_208)
FN:1911,(anonymous_209)
FN:1919,(anonymous_210)
FN:1923,(anonymous_211)
FN:1953,(anonymous_212)
FN:1956,(anonymous_213)
FN:1960,(anonymous_214)
FN:1974,(anonymous_215)
FN:1985,(anonymous_216)
FN:2010,(anonymous_217)
FN:2017,(anonymous_218)
FN:2029,(anonymous_219)
FN:2032,(anonymous_220)
FN:2036,(anonymous_221)
FN:2048,(anonymous_222)
FN:2059,(anonymous_223)
FN:2084,(anonymous_224)
FN:2091,(anonymous_225)
FN:2103,(anonymous_226)
FN:2106,(anonymous_227)
FN:2110,(anonymous_228)
FN:2122,(anonymous_229)
FN:2133,(anonymous_230)
FN:2158,(anonymous_231)
FN:2165,(anonymous_232)
FN:2177,(anonymous_233)
FN:2180,(anonymous_234)
FN:2184,(anonymous_235)
FN:2196,(anonymous_236)
FN:2207,(anonymous_237)
FN:2232,(anonymous_238)
FN:2239,(anonymous_239)
FN:2250,(anonymous_240)
FN:2259,(anonymous_241)
FN:2276,(anonymous_242)
FN:2280,(anonymous_243)
FN:2289,(anonymous_244)
FN:2293,(anonymous_245)
FN:2301,(anonymous_246)
FN:2305,(anonymous_247)
FN:2339,(anonymous_248)
FN:2355,(anonymous_249)
FN:2368,(anonymous_250)
FNF:251
FNH:108
FNDA:152,App
FNDA:41,(anonymous_1)
FNDA:41,(anonymous_2)
FNDA:2,(anonymous_3)
FNDA:2,(anonymous_4)
FNDA:4,(anonymous_5)
FNDA:0,(anonymous_6)
FNDA:0,(anonymous_7)
FNDA:0,(anonymous_8)
FNDA:161,(anonymous_9)
FNDA:161,(anonymous_10)
FNDA:62,(anonymous_11)
FNDA:3,(anonymous_12)
FNDA:62,(anonymous_13)
FNDA:41,(anonymous_14)
FNDA:41,(anonymous_15)
FNDA:41,(anonymous_16)
FNDA:48,(anonymous_17)
FNDA:2,(anonymous_18)
FNDA:7,(anonymous_19)
FNDA:59,(anonymous_20)
FNDA:52,(anonymous_21)
FNDA:71,(anonymous_22)
FNDA:10,(anonymous_23)
FNDA:71,(anonymous_24)
FNDA:59,(anonymous_25)
FNDA:0,(anonymous_26)
FNDA:0,(anonymous_27)
FNDA:0,(anonymous_28)
FNDA:8,(anonymous_29)
FNDA:43,(anonymous_30)
FNDA:1,(anonymous_31)
FNDA:43,(anonymous_32)
FNDA:44,(anonymous_33)
FNDA:1,(anonymous_34)
FNDA:44,(anonymous_35)
FNDA:41,(anonymous_36)
FNDA:0,(anonymous_37)
FNDA:41,(anonymous_38)
FNDA:0,(anonymous_39)
FNDA:0,(anonymous_40)
FNDA:0,(anonymous_41)
FNDA:0,(anonymous_42)
FNDA:0,(anonymous_43)
FNDA:0,(anonymous_44)
FNDA:6,(anonymous_45)
FNDA:8,(anonymous_46)
FNDA:0,(anonymous_47)
FNDA:0,(anonymous_48)
FNDA:0,(anonymous_49)
FNDA:0,(anonymous_50)
FNDA:0,(anonymous_51)
FNDA:0,(anonymous_52)
FNDA:0,(anonymous_53)
FNDA:0,(anonymous_54)
FNDA:0,(anonymous_55)
FNDA:0,(anonymous_56)
FNDA:0,(anonymous_57)
FNDA:0,(anonymous_58)
FNDA:8,(anonymous_59)
FNDA:8,(anonymous_60)
FNDA:8,(anonymous_61)
FNDA:0,(anonymous_62)
FNDA:0,(anonymous_63)
FNDA:0,(anonymous_64)
FNDA:0,(anonymous_65)
FNDA:1,(anonymous_66)
FNDA:0,(anonymous_67)
FNDA:16,(anonymous_68)
FNDA:15,(anonymous_69)
FNDA:2,(anonymous_70)
FNDA:2,(anonymous_71)
FNDA:0,(anonymous_72)
FNDA:0,(anonymous_73)
FNDA:15,(anonymous_74)
FNDA:5,(anonymous_75)
FNDA:5,(anonymous_76)
FNDA:5,(anonymous_77)
FNDA:5,(anonymous_78)
FNDA:4,(anonymous_79)
FNDA:2,(anonymous_80)
FNDA:1,(anonymous_81)
FNDA:1,(anonymous_82)
FNDA:1,(anonymous_83)
FNDA:2,(anonymous_84)
FNDA:0,(anonymous_85)
FNDA:0,(anonymous_86)
FNDA:2,(anonymous_87)
FNDA:2,(anonymous_88)
FNDA:0,(anonymous_89)
FNDA:0,(anonymous_90)
FNDA:0,(anonymous_91)
FNDA:0,(anonymous_92)
FNDA:0,(anonymous_93)
FNDA:0,(anonymous_94)
FNDA:0,(anonymous_95)
FNDA:0,(anonymous_96)
FNDA:0,(anonymous_97)
FNDA:0,(anonymous_98)
FNDA:2,(anonymous_99)
FNDA:1,(anonymous_100)
FNDA:1,(anonymous_101)
FNDA:1,(anonymous_102)
FNDA:1,(anonymous_103)
FNDA:1,(anonymous_104)
FNDA:1,(anonymous_105)
FNDA:1,(anonymous_106)
FNDA:1,(anonymous_107)
FNDA:1,(anonymous_108)
FNDA:0,(anonymous_109)
FNDA:0,(anonymous_110)
FNDA:0,(anonymous_111)
FNDA:0,(anonymous_112)
FNDA:0,(anonymous_113)
FNDA:0,(anonymous_114)
FNDA:0,(anonymous_115)
FNDA:0,(anonymous_116)
FNDA:0,(anonymous_117)
FNDA:0,(anonymous_118)
FNDA:0,(anonymous_119)
FNDA:0,(anonymous_120)
FNDA:0,(anonymous_121)
FNDA:0,(anonymous_122)
FNDA:0,(anonymous_123)
FNDA:0,(anonymous_124)
FNDA:0,(anonymous_125)
FNDA:0,(anonymous_126)
FNDA:0,(anonymous_127)
FNDA:0,(anonymous_128)
FNDA:0,(anonymous_129)
FNDA:0,(anonymous_130)
FNDA:0,(anonymous_131)
FNDA:0,(anonymous_132)
FNDA:1,(anonymous_133)
FNDA:1,(anonymous_134)
FNDA:1,(anonymous_135)
FNDA:1,(anonymous_136)
FNDA:4,(anonymous_137)
FNDA:4,(anonymous_138)
FNDA:608,(anonymous_139)
FNDA:0,(anonymous_140)
FNDA:4,(anonymous_141)
FNDA:1,(anonymous_142)
FNDA:0,(anonymous_143)
FNDA:0,(anonymous_144)
FNDA:0,(anonymous_145)
FNDA:0,(anonymous_146)
FNDA:0,(anonymous_147)
FNDA:0,(anonymous_148)
FNDA:0,(anonymous_149)
FNDA:0,(anonymous_150)
FNDA:0,(anonymous_151)
FNDA:0,(anonymous_152)
FNDA:0,(anonymous_153)
FNDA:0,(anonymous_154)
FNDA:1,(anonymous_155)
FNDA:0,(anonymous_156)
FNDA:0,(anonymous_157)
FNDA:0,(anonymous_158)
FNDA:3,(anonymous_159)
FNDA:0,(anonymous_160)
FNDA:0,(anonymous_161)
FNDA:0,(anonymous_162)
FNDA:0,(anonymous_163)
FNDA:0,(anonymous_164)
FNDA:0,(anonymous_165)
FNDA:0,(anonymous_166)
FNDA:0,(anonymous_167)
FNDA:0,(anonymous_168)
FNDA:0,(anonymous_169)
FNDA:0,(anonymous_170)
FNDA:0,(anonymous_171)
FNDA:0,(anonymous_172)
FNDA:0,(anonymous_173)
FNDA:0,(anonymous_174)
FNDA:1,(anonymous_175)
FNDA:2,(anonymous_176)
FNDA:0,(anonymous_177)
FNDA:1,(anonymous_178)
FNDA:0,(anonymous_179)
FNDA:1,(anonymous_180)
FNDA:2,(anonymous_181)
FNDA:1,(anonymous_182)
FNDA:0,(anonymous_183)
FNDA:0,(anonymous_184)
FNDA:0,(anonymous_185)
FNDA:0,(anonymous_186)
FNDA:17,(anonymous_187)
FNDA:1,(anonymous_188)
FNDA:0,(anonymous_189)
FNDA:0,(anonymous_190)
FNDA:212,(anonymous_191)
FNDA:190,(anonymous_192)
FNDA:5,(anonymous_193)
FNDA:2,(anonymous_194)
FNDA:14,(anonymous_195)
FNDA:2,(anonymous_196)
FNDA:2,(anonymous_197)
FNDA:1,(anonymous_198)
FNDA:1,(anonymous_199)
FNDA:1,(anonymous_200)
FNDA:1,(anonymous_201)
FNDA:1,(anonymous_202)
FNDA:6,(anonymous_203)
FNDA:0,(anonymous_204)
FNDA:0,(anonymous_205)
FNDA:30,(anonymous_206)
FNDA:2,(anonymous_207)
FNDA:104,(anonymous_208)
FNDA:229,(anonymous_209)
FNDA:0,(anonymous_210)
FNDA:0,(anonymous_211)
FNDA:6,(anonymous_212)
FNDA:0,(anonymous_213)
FNDA:0,(anonymous_214)
FNDA:0,(anonymous_215)
FNDA:0,(anonymous_216)
FNDA:8,(anonymous_217)
FNDA:1,(anonymous_218)
FNDA:0,(anonymous_219)
FNDA:0,(anonymous_220)
FNDA:0,(anonymous_221)
FNDA:0,(anonymous_222)
FNDA:0,(anonymous_223)
FNDA:0,(anonymous_224)
FNDA:0,(anonymous_225)
FNDA:0,(anonymous_226)
FNDA:0,(anonymous_227)
FNDA:0,(anonymous_228)
FNDA:0,(anonymous_229)
FNDA:0,(anonymous_230)
FNDA:0,(anonymous_231)
FNDA:0,(anonymous_232)
FNDA:0,(anonymous_233)
FNDA:0,(anonymous_234)
FNDA:0,(anonymous_235)
FNDA:0,(anonymous_236)
FNDA:0,(anonymous_237)
FNDA:0,(anonymous_238)
FNDA:0,(anonymous_239)
FNDA:19,(anonymous_240)
FNDA:0,(anonymous_241)
FNDA:95,(anonymous_242)
FNDA:0,(anonymous_243)
FNDA:342,(anonymous_244)
FNDA:741,(anonymous_245)
FNDA:0,(anonymous_246)
FNDA:0,(anonymous_247)
FNDA:0,(anonymous_248)
FNDA:0,(anonymous_249)
FNDA:0,(anonymous_250)
DA:20,1
DA:25,152
DA:26,152
DA:28,152
DA:30,41
DA:31,41
DA:32,41
DA:33,6
DA:34,6
DA:37,6
DA:38,5
DA:39,5
DA:41,0
DA:45,1
DA:50,36
DA:51,36
DA:53,152
DA:54,152
DA:55,152
DA:56,152
DA:57,152
DA:58,152
DA:59,152
DA:60,152
DA:61,152
DA:62,152
DA:63,152
DA:64,152
DA:66,152
DA:67,152
DA:68,152
DA:69,152
DA:70,152
DA:71,152
DA:72,152
DA:73,152
DA:74,152
DA:75,152
DA:76,152
DA:77,152
DA:78,152
DA:79,152
DA:81,41
DA:84,41
DA:86,34
DA:87,34
DA:89,152
DA:90,152
DA:91,152
DA:92,152
DA:93,152
DA:96,152
DA:97,152
DA:98,152
DA:100,152
DA:101,2
DA:102,2
DA:103,2
DA:104,2
DA:107,152
DA:109,152
DA:110,152
DA:112,152
DA:113,4
DA:114,4
DA:115,4
DA:116,4
DA:117,0
DA:118,0
DA:119,0
DA:120,4
DA:121,4
DA:123,4
DA:125,4
DA:130,152
DA:131,0
DA:132,0
DA:133,0
DA:134,0
DA:135,0
DA:136,0
DA:137,0
DA:138,0
DA:139,0
DA:140,0
DA:141,0
DA:145,0
DA:146,0
DA:151,152
DA:152,161
DA:155,152
DA:158,152
DA:159,62
DA:160,3
DA:161,3
DA:163,0
DA:167,62
DA:171,152
DA:172,41
DA:173,41
DA:175,41
DA:178,41
DA:179,41
DA:180,41
DA:184,152
DA:185,48
DA:186,7
DA:187,7
DA:189,7
DA:190,7
DA:191,2
DA:192,2
DA:193,1
DA:195,2
DA:198,7
DA:199,7
DA:203,152
DA:204,59
DA:205,8
DA:210,152
DA:211,52
DA:215,152
DA:216,71
DA:218,10
DA:219,9
DA:222,1
DA:223,1
DA:224,0
DA:225,1
DA:226,1
DA:227,0
DA:228,0
DA:230,0
DA:231,0
DA:232,0
DA:233,0
DA:234,0
DA:235,0
DA:236,0
DA:237,0
DA:238,0
DA:242,71
DA:243,71
DA:247,152
DA:248,59
DA:250,8
DA:251,8
DA:252,8
DA:253,8
DA:255,8
DA:256,0
DA:257,0
DA:260,8
DA:261,0
DA:262,0
DA:263,0
DA:266,8
DA:267,0
DA:268,0
DA:271,0
DA:272,0
DA:274,0
DA:277,0
DA:282,8
DA:283,8
DA:285,8
DA:286,8
DA:287,8
DA:292,152
DA:293,43
DA:294,1
DA:295,1
DA:296,0
DA:300,43
DA:301,1
DA:304,43
DA:305,43
DA:310,152
DA:311,44
DA:312,1
DA:313,1
DA:314,0
DA:318,44
DA:319,2
DA:322,44
DA:323,44
DA:328,152
DA:329,41
DA:330,0
DA:331,0
DA:332,0
DA:333,0
DA:337,41
DA:338,0
DA:341,41
DA:342,41
DA:346,152
DA:347,0
DA:348,0
DA:349,0
DA:350,0
DA:351,0
DA:352,0
DA:354,0
DA:358,0
DA:359,0
DA:360,0
DA:364,152
DA:365,0
DA:366,0
DA:367,0
DA:368,0
DA:370,0
DA:371,0
DA:374,0
DA:375,0
DA:378,0
DA:380,0
DA:382,0
DA:383,0
DA:385,0
DA:388,0
DA:392,152
DA:394,6
DA:395,3
DA:399,152
DA:401,8
DA:402,0
DA:406,152
DA:407,0
DA:408,0
DA:409,0
DA:410,0
DA:414,152
DA:415,0
DA:416,0
DA:417,0
DA:418,0
DA:423,152
DA:424,0
DA:431,152
DA:432,0
DA:441,0
DA:445,0
DA:448,152
DA:449,0
DA:452,0
DA:457,152
DA:458,0
DA:459,0
DA:461,0
DA:464,0
DA:472,152
DA:473,8
DA:476,8
DA:489,152
DA:490,0
DA:491,0
DA:494,152
DA:495,0
DA:498,0
DA:505,152
DA:506,1
DA:507,1
DA:508,1
DA:509,1
DA:510,1
DA:511,1
DA:512,1
DA:513,1
DA:514,1
DA:515,1
DA:518,152
DA:519,0
DA:522,152
DA:523,16
DA:524,16
DA:527,152
DA:528,2
DA:529,2
DA:530,2
DA:531,2
DA:532,2
DA:536,152
DA:537,0
DA:538,0
DA:539,0
DA:540,0
DA:541,0
DA:545,152
DA:546,15
DA:547,15
DA:548,0
DA:550,15
DA:554,152
DA:556,5
DA:557,5
DA:558,5
DA:559,5
DA:562,5
DA:565,5
DA:567,5
DA:568,5
DA:570,5
DA:581,5
DA:582,5
DA:585,152
DA:586,4
DA:587,4
DA:589,4
DA:590,4
DA:591,13
DA:592,1
DA:595,3
DA:598,152
DA:599,2
DA:600,2
DA:602,2
DA:603,2
DA:604,1
DA:605,1
DA:608,1
DA:610,2
DA:613,1
DA:615,1
DA:616,1
DA:618,1
DA:629,2
DA:632,152
DA:633,2
DA:634,2
DA:639,2
DA:641,0
DA:644,0
DA:655,0
DA:658,2
DA:661,2
DA:669,2
DA:670,2
DA:674,152
DA:675,0
DA:676,0
DA:677,0
DA:679,0
DA:680,0
DA:682,0
DA:683,0
DA:685,0
DA:688,0
DA:689,0
DA:690,0
DA:691,0
DA:694,0
DA:697,0
DA:699,0
DA:700,0
DA:702,0
DA:712,0
DA:713,0
DA:714,0
DA:719,152
DA:720,0
DA:721,0
DA:722,0
DA:724,0
DA:725,0
DA:727,0
DA:728,0
DA:730,0
DA:733,0
DA:734,0
DA:735,0
DA:736,0
DA:739,0
DA:742,0
DA:744,0
DA:745,0
DA:747,0
DA:757,0
DA:758,0
DA:759,0
DA:764,152
DA:765,2
DA:766,2
DA:768,2
DA:770,2
DA:773,1
DA:776,1
DA:778,1
DA:779,1
DA:781,1
DA:786,1
DA:787,1
DA:788,1
DA:793,152
DA:794,1
DA:795,1
DA:797,1
DA:799,1
DA:802,1
DA:805,1
DA:807,1
DA:808,1
DA:810,1
DA:815,1
DA:816,1
DA:817,1
DA:822,152
DA:823,0
DA:826,0
DA:829,0
DA:831,0
DA:832,0
DA:833,0
DA:846,0
DA:854,0
DA:855,0
DA:856,0
DA:861,0
DA:862,0
DA:867,152
DA:868,0
DA:869,0
DA:872,152
DA:873,0
DA:876,0
DA:879,0
DA:881,0
DA:882,0
DA:883,0
DA:896,0
DA:904,0
DA:905,0
DA:906,0
DA:911,0
DA:912,0
DA:917,152
DA:918,0
DA:919,0
DA:920,0
DA:921,0
DA:924,0
DA:927,0
DA:929,0
DA:930,0
DA:931,0
DA:938,0
DA:946,0
DA:947,0
DA:948,0
DA:953,0
DA:954,0
DA:955,0
DA:958,152
DA:959,1
DA:963,1
DA:964,1
DA:966,0
DA:970,1
DA:971,1
DA:975,1
DA:977,1
DA:992,1
DA:993,1
DA:998,152
DA:999,4
DA:1000,4
DA:1002,4
DA:1003,4
DA:1004,4
DA:1005,4
DA:1008,4
DA:1009,1
DA:1013,2
DA:1016,2
DA:1017,0
DA:1021,2
DA:1022,2
DA:1025,4
DA:1027,2
DA:1028,2
DA:1029,2
DA:1032,4
DA:1035,4
DA:1038,152
DA:1039,608
DA:1040,608
DA:1041,608
DA:1042,100
DA:1043,75
DA:1046,152
DA:1055,0
DA:1056,4
DA:1061,1
DA:1078,0
DA:1079,0
DA:1081,0
DA:1089,0
DA:1093,0
DA:1094,0
DA:1095,0
DA:1096,0
DA:1097,0
DA:1098,0
DA:1100,0
DA:1101,0
DA:1102,0
DA:1103,0
DA:1104,0
DA:1112,0
DA:1113,0
DA:1121,0
DA:1122,0
DA:1123,0
DA:1124,0
DA:1125,0
DA:1126,0
DA:1128,0
DA:1129,0
DA:1143,0
DA:1144,0
DA:1146,0
DA:1154,0
DA:1159,0
DA:1160,0
DA:1161,0
DA:1162,0
DA:1163,0
DA:1171,0
DA:1172,0
DA:1192,0
DA:1196,1
DA:1202,0
DA:1218,0
DA:1219,0
DA:1235,0
DA:1236,0
DA:1242,3
DA:1249,0
DA:1251,0
DA:1257,0
DA:1258,0
DA:1266,0
DA:1267,0
DA:1275,0
DA:1276,0
DA:1293,0
DA:1294,0
DA:1328,0
DA:1375,0
DA:1376,0
DA:1377,0
DA:1396,0
DA:1397,0
DA:1398,0
DA:1414,0
DA:1418,0
DA:1419,0
DA:1441,0
DA:1442,0
DA:1443,0
DA:1474,0
DA:1475,0
DA:1476,0
DA:1492,0
DA:1496,0
DA:1497,0
DA:1532,1
DA:1539,2
DA:1543,0
DA:1544,0
DA:1554,1
DA:1555,1
DA:1565,0
DA:1573,1
DA:1582,2
DA:1591,1
DA:1592,1
DA:1600,0
DA:1601,0
DA:1612,0
DA:1633,0
DA:1653,0
DA:1657,17
DA:1670,1
DA:1681,0
DA:1713,0
DA:1721,212
DA:1723,190
DA:1734,5
DA:1747,2
DA:1758,14
DA:1770,2
DA:1776,2
DA:1782,1
DA:1797,1
DA:1808,1
DA:1827,1
DA:1838,1
DA:1859,6
DA:1860,6
DA:1866,0
DA:1878,0
DA:1895,30
DA:1898,2
DA:1908,104
DA:1912,229
DA:1913,229
DA:1914,229
DA:1920,0
DA:1921,0
DA:1924,0
DA:1927,0
DA:1953,6
DA:1956,0
DA:1961,0
DA:1962,0
DA:1965,0
DA:1966,0
DA:1967,0
DA:1970,0
DA:1971,0
DA:1972,0
DA:1974,0
DA:1975,0
DA:1976,0
DA:1977,0
DA:1978,0
DA:1979,0
DA:1981,0
DA:1985,0
DA:2010,8
DA:2018,1
DA:2019,1
DA:2029,0
DA:2032,0
DA:2037,0
DA:2038,0
DA:2040,0
DA:2041,0
DA:2042,0
DA:2044,0
DA:2045,0
DA:2046,0
DA:2048,0
DA:2049,0
DA:2050,0
DA:2051,0
DA:2052,0
DA:2053,0
DA:2055,0
DA:2059,0
DA:2084,0
DA:2092,0
DA:2093,0
DA:2103,0
DA:2106,0
DA:2111,0
DA:2112,0
DA:2114,0
DA:2115,0
DA:2116,0
DA:2118,0
DA:2119,0
DA:2120,0
DA:2122,0
DA:2123,0
DA:2124,0
DA:2125,0
DA:2126,0
DA:2127,0
DA:2129,0
DA:2133,0
DA:2158,0
DA:2166,0
DA:2167,0
DA:2177,0
DA:2180,0
DA:2185,0
DA:2186,0
DA:2188,0
DA:2189,0
DA:2190,0
DA:2192,0
DA:2193,0
DA:2194,0
DA:2196,0
DA:2197,0
DA:2198,0
DA:2199,0
DA:2200,0
DA:2201,0
DA:2203,0
DA:2207,0
DA:2232,0
DA:2240,0
DA:2241,0
DA:2251,19
DA:2252,19
DA:2260,0
DA:2277,95
DA:2280,0
DA:2290,342
DA:2294,741
DA:2295,741
DA:2296,741
DA:2302,0
DA:2303,0
DA:2306,0
DA:2309,0
DA:2340,0
DA:2341,0
DA:2355,0
DA:2368,0
LF:714
LH:347
BRDA:32,0,0,6
BRDA:32,0,1,35
BRDA:37,1,0,5
BRDA:37,1,1,0
BRDA:81,2,0,41
BRDA:81,2,1,41
BRDA:84,3,0,7
BRDA:84,3,1,34
BRDA:103,4,0,1
BRDA:103,4,1,1
BRDA:109,5,0,152
BRDA:109,5,1,0
BRDA:110,6,0,152
BRDA:110,6,1,0
BRDA:113,7,0,0
BRDA:113,7,1,4
BRDA:117,8,0,0
BRDA:117,8,1,0
BRDA:119,9,0,0
BRDA:119,9,1,0
BRDA:131,10,0,0
BRDA:131,10,1,0
BRDA:135,11,0,0
BRDA:135,11,1,0
BRDA:139,12,0,0
BRDA:139,12,1,0
BRDA:139,13,0,0
BRDA:139,13,1,0
BRDA:139,13,2,0
BRDA:139,13,3,0
BRDA:173,14,0,41
BRDA:173,14,1,41
BRDA:185,15,0,41
BRDA:185,15,1,7
BRDA:187,16,0,0
BRDA:187,16,1,7
BRDA:192,17,0,1
BRDA:192,17,1,1
BRDA:192,18,0,2
BRDA:192,18,1,1
BRDA:204,19,0,8
BRDA:204,19,1,51
BRDA:204,20,0,59
BRDA:204,20,1,16
BRDA:218,21,0,9
BRDA:218,21,1,1
BRDA:218,22,0,10
BRDA:218,22,1,1
BRDA:222,23,0,1
BRDA:222,23,1,0
BRDA:223,24,0,0
BRDA:223,24,1,1
BRDA:225,25,0,1
BRDA:225,25,1,0
BRDA:227,26,0,0
BRDA:227,26,1,0
BRDA:230,27,0,0
BRDA:230,27,1,0
BRDA:233,28,0,0
BRDA:233,28,1,0
BRDA:236,29,0,0
BRDA:236,29,1,0
BRDA:236,30,0,0
BRDA:236,30,1,0
BRDA:236,30,2,0
BRDA:248,31,0,51
BRDA:248,31,1,8
BRDA:248,32,0,59
BRDA:248,32,1,16
BRDA:271,33,0,0
BRDA:271,33,1,0
BRDA:271,34,0,0
BRDA:271,34,1,0
BRDA:272,35,0,0
BRDA:272,35,1,0
BRDA:295,36,0,0
BRDA:295,36,1,1
BRDA:300,37,0,1
BRDA:300,37,1,42
BRDA:313,38,0,0
BRDA:313,38,1,1
BRDA:318,39,0,2
BRDA:318,39,1,42
BRDA:331,40,0,0
BRDA:331,40,1,0
BRDA:337,41,0,0
BRDA:337,41,1,41
BRDA:337,42,0,41
BRDA:337,42,1,41
BRDA:350,43,0,0
BRDA:350,43,1,0
BRDA:351,44,0,0
BRDA:351,44,1,0
BRDA:354,45,0,0
BRDA:354,45,1,0
BRDA:368,46,0,0
BRDA:368,46,1,0
BRDA:371,47,0,0
BRDA:371,47,1,0
BRDA:374,48,0,0
BRDA:374,48,1,0
BRDA:382,49,0,0
BRDA:382,49,1,0
BRDA:394,50,0,3
BRDA:394,50,1,3
BRDA:395,51,0,1
BRDA:395,51,1,2
BRDA:401,52,0,0
BRDA:401,52,1,8
BRDA:401,53,0,8
BRDA:401,53,1,0
BRDA:407,54,0,0
BRDA:407,54,1,0
BRDA:407,55,0,0
BRDA:407,55,1,0
BRDA:407,56,0,0
BRDA:407,56,1,0
BRDA:409,57,0,0
BRDA:409,57,1,0
BRDA:415,58,0,0
BRDA:415,58,1,0
BRDA:415,59,0,0
BRDA:415,59,1,0
BRDA:415,60,0,0
BRDA:415,60,1,0
BRDA:417,61,0,0
BRDA:417,61,1,0
BRDA:452,62,0,0
BRDA:452,62,1,0
BRDA:461,63,0,0
BRDA:461,63,1,0
BRDA:462,64,0,0
BRDA:462,64,1,0
BRDA:476,65,0,8
BRDA:476,65,1,0
BRDA:498,66,0,0
BRDA:498,66,1,0
BRDA:528,67,0,0
BRDA:528,67,1,2
BRDA:537,68,0,0
BRDA:537,68,1,0
BRDA:546,69,0,0
BRDA:546,69,1,15
BRDA:547,70,0,0
BRDA:547,70,1,15
BRDA:565,71,0,0
BRDA:565,71,1,5
BRDA:568,72,0,0
BRDA:568,72,1,5
BRDA:587,73,0,0
BRDA:587,73,1,4
BRDA:591,74,0,1
BRDA:591,74,1,12
BRDA:602,75,0,0
BRDA:602,75,1,2
BRDA:603,76,0,1
BRDA:603,76,1,1
BRDA:608,77,0,1
BRDA:608,77,1,0
BRDA:613,78,0,0
BRDA:613,78,1,1
BRDA:639,79,0,0
BRDA:639,79,1,2
BRDA:644,80,0,0
BRDA:644,80,1,0
BRDA:661,81,0,2
BRDA:661,81,1,0
BRDA:675,82,0,0
BRDA:675,82,1,0
BRDA:677,83,0,0
BRDA:677,83,1,0
BRDA:680,84,0,0
BRDA:680,84,1,0
BRDA:682,85,0,0
BRDA:682,85,1,0
BRDA:697,86,0,0
BRDA:697,86,1,0
BRDA:700,87,0,0
BRDA:700,87,1,0
BRDA:720,88,0,0
BRDA:720,88,1,0
BRDA:722,89,0,0
BRDA:722,89,1,0
BRDA:725,90,0,0
BRDA:725,90,1,0
BRDA:727,91,0,0
BRDA:727,91,1,0
BRDA:742,92,0,0
BRDA:742,92,1,0
BRDA:745,93,0,0
BRDA:745,93,1,0
BRDA:766,94,0,0
BRDA:766,94,1,2
BRDA:768,95,0,2
BRDA:768,95,1,0
BRDA:776,96,0,0
BRDA:776,96,1,1
BRDA:795,97,0,0
BRDA:795,97,1,1
BRDA:797,98,0,1
BRDA:797,98,1,0
BRDA:805,99,0,0
BRDA:805,99,1,1
BRDA:829,100,0,0
BRDA:829,100,1,0
BRDA:832,101,0,0
BRDA:832,101,1,0
BRDA:879,102,0,0
BRDA:879,102,1,0
BRDA:882,103,0,0
BRDA:882,103,1,0
BRDA:919,104,0,0
BRDA:919,104,1,0
BRDA:919,105,0,0
BRDA:919,105,1,0
BRDA:927,106,0,0
BRDA:927,106,1,0
BRDA:930,107,0,0
BRDA:930,107,1,0
BRDA:975,108,0,0
BRDA:975,108,1,1
BRDA:1000,109,0,0
BRDA:1000,109,1,4
BRDA:1008,110,0,1
BRDA:1008,110,1,3
BRDA:1008,111,0,4
BRDA:1008,111,1,1
BRDA:1016,112,0,0
BRDA:1016,112,1,2
BRDA:1022,113,0,2
BRDA:1022,113,1,0
BRDA:1024,114,0,0
BRDA:1024,114,1,0
BRDA:1027,115,0,2
BRDA:1027,115,1,0
BRDA:1040,116,0,152
BRDA:1040,116,1,456
BRDA:1041,117,0,508
BRDA:1041,117,1,100
BRDA:1042,118,0,25
BRDA:1042,118,1,75
BRDA:1048,119,0,152
BRDA:1048,119,1,21
BRDA:1054,120,0,152
BRDA:1054,120,1,4
BRDA:1076,121,0,152
BRDA:1076,121,1,0
BRDA:1083,122,0,0
BRDA:1083,122,1,0
BRDA:1093,123,0,0
BRDA:1093,123,1,0
BRDA:1093,124,0,0
BRDA:1093,124,1,0
BRDA:1094,125,0,0
BRDA:1094,125,1,0
BRDA:1097,126,0,0
BRDA:1097,126,1,0
BRDA:1102,127,0,0
BRDA:1102,127,1,0
BRDA:1121,128,0,0
BRDA:1121,128,1,0
BRDA:1122,129,0,0
BRDA:1122,129,1,0
BRDA:1125,130,0,0
BRDA:1125,130,1,0
BRDA:1134,131,0,0
BRDA:1134,131,1,0
BRDA:1141,132,0,152
BRDA:1141,132,1,0
BRDA:1159,133,0,0
BRDA:1159,133,1,0
BRDA:1159,134,0,0
BRDA:1159,134,1,0
BRDA:1161,135,0,0
BRDA:1161,135,1,0
BRDA:1189,136,0,152
BRDA:1189,136,1,3
BRDA:1191,137,0,0
BRDA:1191,137,1,3
BRDA:1195,138,0,0
BRDA:1195,138,1,3
BRDA:1211,139,0,3
BRDA:1211,139,1,3
BRDA:1242,140,0,3
BRDA:1242,140,1,0
BRDA:1275,141,0,0
BRDA:1275,141,1,0
BRDA:1327,142,0,25
BRDA:1327,142,1,127
BRDA:1333,143,0,25
BRDA:1333,143,1,127
BRDA:1334,144,0,25
BRDA:1334,144,1,127
BRDA:1343,145,0,152
BRDA:1343,145,1,127
BRDA:1353,146,0,25
BRDA:1353,146,1,127
BRDA:1353,147,0,0
BRDA:1353,147,1,152
BRDA:1371,148,0,0
BRDA:1371,148,1,152
BRDA:1371,149,0,152
BRDA:1371,149,1,0
BRDA:1376,150,0,0
BRDA:1376,150,1,0
BRDA:1404,151,0,152
BRDA:1404,151,1,0
BRDA:1437,152,0,0
BRDA:1437,152,1,152
BRDA:1437,153,0,152
BRDA:1437,153,1,0
BRDA:1442,154,0,0
BRDA:1442,154,1,0
BRDA:1482,155,0,152
BRDA:1482,155,1,0
BRDA:1534,156,0,152
BRDA:1534,156,1,0
BRDA:1536,157,0,152
BRDA:1536,157,1,2
BRDA:1541,158,0,2
BRDA:1541,158,1,0
BRDA:1586,159,0,152
BRDA:1586,159,1,4
BRDA:1609,160,0,152
BRDA:1609,160,1,25
BRDA:1609,160,2,6
BRDA:1626,161,0,152
BRDA:1626,161,1,25
BRDA:1630,162,0,25
BRDA:1630,162,1,6
BRDA:1650,163,0,152
BRDA:1650,163,1,53
BRDA:1652,164,0,2
BRDA:1652,164,1,51
BRDA:1656,165,0,2
BRDA:1656,165,1,51
BRDA:1660,166,0,53
BRDA:1660,166,1,0
BRDA:1684,167,0,0
BRDA:1684,167,1,53
BRDA:1686,168,0,53
BRDA:1686,168,1,0
BRDA:1715,169,0,53
BRDA:1715,169,1,53
BRDA:1715,169,2,2
BRDA:1716,170,0,53
BRDA:1716,170,1,0
BRDA:1718,171,0,53
BRDA:1718,171,1,53
BRDA:1720,172,0,53
BRDA:1720,172,1,53
BRDA:1726,173,0,190
BRDA:1726,173,1,0
BRDA:1749,174,0,53
BRDA:1749,174,1,36
BRDA:1750,175,0,18
BRDA:1750,175,1,35
BRDA:1752,176,0,53
BRDA:1752,176,1,18
BRDA:1752,176,2,18
BRDA:1754,177,0,4
BRDA:1754,177,1,14
BRDA:1761,178,0,14
BRDA:1761,178,1,3
BRDA:1799,179,0,53
BRDA:1799,179,1,52
BRDA:1800,180,0,2
BRDA:1800,180,1,51
BRDA:1802,181,0,53
BRDA:1802,181,1,2
BRDA:1802,181,2,2
BRDA:1804,182,0,1
BRDA:1804,182,1,1
BRDA:1811,183,0,1
BRDA:1811,183,1,0
BRDA:1829,184,0,53
BRDA:1829,184,1,52
BRDA:1830,185,0,2
BRDA:1830,185,1,51
BRDA:1832,186,0,53
BRDA:1832,186,1,2
BRDA:1832,186,2,2
BRDA:1834,187,0,1
BRDA:1834,187,1,1
BRDA:1841,188,0,1
BRDA:1841,188,1,0
BRDA:1858,189,0,152
BRDA:1858,189,1,25
BRDA:1858,189,2,6
BRDA:1858,189,3,6
BRDA:1901,190,0,1
BRDA:1901,190,1,29
BRDA:1903,191,0,30
BRDA:1903,191,1,29
BRDA:1904,192,0,0
BRDA:1904,192,1,29
BRDA:1913,193,0,229
BRDA:1913,193,1,104
BRDA:1913,193,2,99
BRDA:1915,194,0,11
BRDA:1915,194,1,218
BRDA:1924,195,0,0
BRDA:1924,195,1,0
BRDA:1955,196,0,152
BRDA:1955,196,1,0
BRDA:1955,196,2,0
BRDA:1960,197,0,152
BRDA:1960,197,1,0
BRDA:1966,198,0,0
BRDA:1966,198,1,0
BRDA:1966,199,0,0
BRDA:1966,199,1,0
BRDA:1984,200,0,0
BRDA:1984,200,1,0
BRDA:1997,201,0,0
BRDA:1997,201,1,0
BRDA:1999,202,0,0
BRDA:1999,202,1,0
BRDA:2000,203,0,0
BRDA:2000,203,1,0
BRDA:2006,204,0,137
BRDA:2006,204,1,15
BRDA:2031,205,0,152
BRDA:2031,205,1,0
BRDA:2031,205,2,0
BRDA:2036,206,0,152
BRDA:2036,206,1,0
BRDA:2041,207,0,0
BRDA:2041,207,1,0
BRDA:2041,208,0,0
BRDA:2041,208,1,0
BRDA:2058,209,0,0
BRDA:2058,209,1,0
BRDA:2071,210,0,0
BRDA:2071,210,1,0
BRDA:2073,211,0,0
BRDA:2073,211,1,0
BRDA:2074,212,0,0
BRDA:2074,212,1,0
BRDA:2080,213,0,143
BRDA:2080,213,1,9
BRDA:2105,214,0,152
BRDA:2105,214,1,0
BRDA:2105,214,2,0
BRDA:2110,215,0,152
BRDA:2110,215,1,0
BRDA:2115,216,0,0
BRDA:2115,216,1,0
BRDA:2115,217,0,0
BRDA:2115,217,1,0
BRDA:2132,218,0,0
BRDA:2132,218,1,0
BRDA:2145,219,0,0
BRDA:2145,219,1,0
BRDA:2147,220,0,0
BRDA:2147,220,1,0
BRDA:2148,221,0,0
BRDA:2148,221,1,0
BRDA:2154,222,0,143
BRDA:2154,222,1,9
BRDA:2179,223,0,152
BRDA:2179,223,1,0
BRDA:2179,223,2,0
BRDA:2184,224,0,152
BRDA:2184,224,1,0
BRDA:2189,225,0,0
BRDA:2189,225,1,0
BRDA:2189,226,0,0
BRDA:2189,226,1,0
BRDA:2206,227,0,0
BRDA:2206,227,1,0
BRDA:2219,228,0,0
BRDA:2219,228,1,0
BRDA:2221,229,0,0
BRDA:2221,229,1,0
BRDA:2222,230,0,0
BRDA:2222,230,1,0
BRDA:2228,231,0,143
BRDA:2228,231,1,9
BRDA:2250,232,0,152
BRDA:2250,232,1,25
BRDA:2250,232,2,19
BRDA:2250,232,3,19
BRDA:2283,233,0,0
BRDA:2283,233,1,95
BRDA:2285,234,0,95
BRDA:2285,234,1,95
BRDA:2286,235,0,0
BRDA:2286,235,1,95
BRDA:2295,236,0,741
BRDA:2295,236,1,342
BRDA:2295,236,2,323
BRDA:2297,237,0,38
BRDA:2297,237,1,703
BRDA:2306,238,0,0
BRDA:2306,238,1,0
BRDA:2356,239,0,152
BRDA:2356,239,1,0
BRDA:2357,240,0,152
BRDA:2357,240,1,0
BRDA:2365,241,0,152
BRDA:2365,241,1,125
BRF:502
BRH:227
end_of_record
TN:
SF:src/NumericInput.css
FNF:0
FNH:0
LF:0
LH:0
BRF:0
BRH:0
end_of_record
TN:
SF:src/NumericInput.tsx
FN:13,NumericInput
FN:20,(anonymous_1)
FN:30,(anonymous_2)
FN:37,(anonymous_3)
FN:43,(anonymous_4)
FN:49,(anonymous_5)
FN:57,(anonymous_6)
FN:65,(anonymous_7)
FN:102,(anonymous_8)
FN:113,(anonymous_9)
FNF:10
FNH:7
FNDA:9685,NumericInput
FNDA:8,(anonymous_1)
FNDA:4277,(anonymous_2)
FNDA:4277,(anonymous_3)
FNDA:0,(anonymous_4)
FNDA:3,(anonymous_5)
FNDA:1,(anonymous_6)
FNDA:8,(anonymous_7)
FNDA:0,(anonymous_8)
FNDA:0,(anonymous_9)
DA:14,9685
DA:15,9685
DA:16,9685
DA:17,9685
DA:18,9685
DA:20,9685
DA:21,8
DA:22,8
DA:23,8
DA:30,9685
DA:31,4277
DA:32,8
DA:33,8
DA:34,8
DA:37,4277
DA:38,4277
DA:39,4277
DA:43,9685
DA:44,0
DA:45,0
DA:46,0
DA:49,9685
DA:50,3
DA:51,3
DA:52,3
DA:53,3
DA:57,9685
DA:58,1
DA:59,1
DA:60,1
DA:61,1
DA:65,9685
DA:66,8
DA:67,8
DA:70,9685
DA:103,0
DA:104,0
DA:114,0
DA:115,0
LF:39
LH:32
BRDA:13,0,0,9685
BRDA:21,1,0,8
BRDA:21,1,1,0
BRDA:31,2,0,8
BRDA:31,2,1,4269
BRDA:52,3,0,3
BRDA:52,3,1,0
BRDA:52,4,0,3
BRDA:52,4,1,1
BRDA:60,5,0,1
BRDA:60,5,1,0
BRDA:60,6,0,1
BRDA:60,6,1,0
BRDA:82,7,0,9685
BRDA:82,7,1,16
BRDA:106,8,0,16
BRDA:106,8,1,6
BRDA:117,9,0,16
BRDA:117,9,1,6
BRF:19
BRH:15
end_of_record
TN:
SF:src/SurvivorSheet.css
FNF:0
FNH:0
LF:0
LH:0
BRF:0
BRH:0
end_of_record
TN:
SF:src/SurvivorSheet.tsx
FN:184,SurvivorSheet
FN:193,(anonymous_1)
FN:205,(anonymous_2)
FN:209,(anonymous_3)
FN:214,(anonymous_4)
FN:216,(anonymous_5)
FN:248,(anonymous_6)
FN:249,(anonymous_7)
FN:253,(anonymous_8)
FN:255,(anonymous_9)
FN:262,(anonymous_10)
FN:267,(anonymous_11)
FN:272,(anonymous_12)
FN:276,(anonymous_13)
FN:287,(anonymous_14)
FN:290,(anonymous_15)
FN:294,(anonymous_16)
FN:296,(anonymous_17)
FN:311,(anonymous_18)
FN:312,(anonymous_19)
FN:316,(anonymous_20)
FN:322,(anonymous_21)
FN:329,(anonymous_22)
FN:333,(anonymous_23)
FN:337,(anonymous_24)
FN:346,(anonymous_25)
FN:356,(anonymous_26)
FN:366,(anonymous_27)
FN:372,(anonymous_28)
FN:378,(anonymous_29)
FN:384,(anonymous_30)
FN:388,(anonymous_31)
FN:398,(anonymous_32)
FN:403,(anonymous_33)
FN:404,(anonymous_34)
FN:405,(anonymous_35)
FN:424,(anonymous_36)
FN:427,(anonymous_37)
FN:459,(anonymous_38)
FN:470,(anonymous_39)
FN:474,(anonymous_40)
FN:478,(anonymous_41)
FN:489,(anonymous_42)
FN:497,(anonymous_43)
FN:511,(anonymous_44)
FN:520,(anonymous_45)
FN:531,(anonymous_46)
FN:540,(anonymous_47)
FN:555,(anonymous_48)
FN:563,(anonymous_49)
FN:577,(anonymous_50)
FN:583,(anonymous_51)
FN:590,(anonymous_52)
FN:604,(anonymous_53)
FN:608,(anonymous_54)
FN:614,(anonymous_55)
FN:625,(anonymous_56)
FN:626,(anonymous_57)
FN:643,(anonymous_58)
FN:650,(anonymous_59)
FN:664,(anonymous_60)
FN:671,(anonymous_61)
FN:686,(anonymous_62)
FN:696,(anonymous_63)
FN:706,(anonymous_64)
FN:718,(anonymous_65)
FN:725,(anonymous_66)
FN:740,(anonymous_67)
FN:750,(anonymous_68)
FN:760,(anonymous_69)
FN:777,(anonymous_70)
FN:783,(anonymous_71)
FN:783,(anonymous_72)
FN:787,(anonymous_73)
FN:793,(anonymous_74)
FN:800,(anonymous_75)
FN:803,(anonymous_76)
FN:822,(anonymous_77)
FN:822,(anonymous_78)
FN:826,(anonymous_79)
FN:832,(anonymous_80)
FN:839,(anonymous_81)
FN:842,(anonymous_82)
FN:863,(anonymous_83)
FN:869,(anonymous_84)
FN:869,(anonymous_85)
FN:873,(anonymous_86)
FN:879,(anonymous_87)
FN:888,(anonymous_88)
FN:908,(anonymous_89)
FN:914,(anonymous_90)
FN:914,(anonymous_91)
FN:918,(anonymous_92)
FN:924,(anonymous_93)
FN:933,(anonymous_94)
FNF:95
FNH:48
FNDA:564,SurvivorSheet
FNDA:223,(anonymous_1)
FNDA:223,(anonymous_2)
FNDA:0,(anonymous_3)
FNDA:0,(anonymous_4)
FNDA:0,(anonymous_5)
FNDA:213,(anonymous_6)
FNDA:148144,(anonymous_7)
FNDA:213,(anonymous_8)
FNDA:148144,(anonymous_9)
FNDA:0,(anonymous_10)
FNDA:3,(anonymous_11)
FNDA:23,(anonymous_12)
FNDA:1,(anonymous_13)
FNDA:0,(anonymous_14)
FNDA:0,(anonymous_15)
FNDA:2,(anonymous_16)
FNDA:2,(anonymous_17)
FNDA:0,(anonymous_18)
FNDA:0,(anonymous_19)
FNDA:1,(anonymous_20)
FNDA:1,(anonymous_21)
FNDA:1,(anonymous_22)
FNDA:0,(anonymous_23)
FNDA:0,(anonymous_24)
FNDA:0,(anonymous_25)
FNDA:0,(anonymous_26)
FNDA:0,(anonymous_27)
FNDA:1,(anonymous_28)
FNDA:1,(anonymous_29)
FNDA:0,(anonymous_30)
FNDA:0,(anonymous_31)
FNDA:5,(anonymous_32)
FNDA:9,(anonymous_33)
FNDA:0,(anonymous_34)
FNDA:10,(anonymous_35)
FNDA:1,(anonymous_36)
FNDA:0,(anonymous_37)
FNDA:1,(anonymous_38)
FNDA:1,(anonymous_39)
FNDA:2820,(anonymous_40)
FNDA:1,(anonymous_41)
FNDA:2820,(anonymous_42)
FNDA:0,(anonymous_43)
FNDA:0,(anonymous_44)
FNDA:0,(anonymous_45)
FNDA:0,(anonymous_46)
FNDA:0,(anonymous_47)
FNDA:9024,(anonymous_48)
FNDA:1,(anonymous_49)
FNDA:3384,(anonymous_50)
FNDA:1,(anonymous_51)
FNDA:0,(anonymous_52)
FNDA:0,(anonymous_53)
FNDA:0,(anonymous_54)
FNDA:0,(anonymous_55)
FNDA:5,(anonymous_56)
FNDA:6,(anonymous_57)
FNDA:4512,(anonymous_58)
FNDA:0,(anonymous_59)
FNDA:5076,(anonymous_60)
FNDA:1,(anonymous_61)
FNDA:0,(anonymous_62)
FNDA:0,(anonymous_63)
FNDA:0,(anonymous_64)
FNDA:5076,(anonymous_65)
FNDA:1,(anonymous_66)
FNDA:0,(anonymous_67)
FNDA:0,(anonymous_68)
FNDA:0,(anonymous_69)
FNDA:1,(anonymous_70)
FNDA:564,(anonymous_71)
FNDA:0,(anonymous_72)
FNDA:0,(anonymous_73)
FNDA:0,(anonymous_74)
FNDA:564,(anonymous_75)
FNDA:10,(anonymous_76)
FNDA:564,(anonymous_77)
FNDA:0,(anonymous_78)
FNDA:0,(anonymous_79)
FNDA:0,(anonymous_80)
FNDA:564,(anonymous_81)
FNDA:8,(anonymous_82)
FNDA:1,(anonymous_83)
FNDA:1128,(anonymous_84)
FNDA:0,(anonymous_85)
FNDA:0,(anonymous_86)
FNDA:0,(anonymous_87)
FNDA:0,(anonymous_88)
FNDA:1,(anonymous_89)
FNDA:564,(anonymous_90)
FNDA:0,(anonymous_91)
FNDA:0,(anonymous_92)
FNDA:0,(anonymous_93)
FNDA:0,(anonymous_94)
DA:87,3
DA:186,564
DA:187,564
DA:188,564
DA:189,564
DA:190,564
DA:191,564
DA:193,564
DA:194,223
DA:195,223
DA:196,215
DA:197,215
DA:198,215
DA:199,0
DA:200,0
DA:202,215
DA:205,564
DA:206,223
DA:209,564
DA:210,0
DA:211,0
DA:213,0
DA:214,0
DA:215,0
DA:216,0
DA:217,0
DA:218,0
DA:219,0
DA:222,0
DA:223,0
DA:224,0
DA:225,0
DA:228,0
DA:229,0
DA:230,0
DA:234,0
DA:235,0
DA:236,0
DA:237,0
DA:239,0
DA:240,0
DA:242,0
DA:244,0
DA:248,564
DA:249,148144
DA:253,564
DA:254,213
DA:255,213
DA:256,148144
DA:258,213
DA:262,564
DA:263,0
DA:267,564
DA:268,3
DA:269,3
DA:272,564
DA:273,23
DA:276,564
DA:277,1
DA:278,1
DA:279,1
DA:283,1
DA:287,564
DA:288,0
DA:290,0
DA:294,564
DA:295,2
DA:296,2
DA:297,2
DA:304,2
DA:305,2
DA:306,2
DA:311,564
DA:312,0
DA:313,0
DA:316,564
DA:317,1
DA:318,1
DA:319,1
DA:322,564
DA:323,1
DA:329,564
DA:330,1
DA:333,564
DA:334,0
DA:337,564
DA:339,0
DA:340,0
DA:342,0
DA:346,564
DA:347,0
DA:356,564
DA:357,0
DA:366,564
DA:367,0
DA:368,0
DA:369,0
DA:372,564
DA:373,1
DA:374,1
DA:375,1
DA:378,564
DA:379,1
DA:380,1
DA:381,1
DA:384,564
DA:385,0
DA:388,564
DA:389,0
DA:392,564
DA:398,5
DA:403,9
DA:404,0
DA:405,10
DA:424,1
DA:427,0
DA:459,1
DA:470,1
DA:475,2820
DA:478,1
DA:490,2820
DA:497,0
DA:511,0
DA:520,0
DA:531,0
DA:540,0
DA:556,9024
DA:557,9024
DA:558,9024
DA:563,1
DA:578,3384
DA:583,1
DA:590,0
DA:605,0
DA:608,0
DA:614,0
DA:625,5
DA:627,6
DA:628,1
DA:629,1
DA:644,4512
DA:645,4512
DA:650,0
DA:665,5076
DA:666,5076
DA:671,1
DA:686,0
DA:696,0
DA:706,0
DA:719,5076
DA:720,5076
DA:725,1
DA:740,0
DA:750,0
DA:760,0
DA:777,1
DA:783,564
DA:784,0
DA:787,0
DA:793,0
DA:800,564
DA:804,10
DA:805,1
DA:806,1
DA:807,1
DA:822,564
DA:823,0
DA:826,0
DA:832,0
DA:839,564
DA:843,8
DA:844,1
DA:845,1
DA:846,1
DA:863,1
DA:869,1128
DA:870,0
DA:873,0
DA:879,0
DA:889,0
DA:890,0
DA:891,0
DA:892,0
DA:908,1
DA:914,564
DA:915,0
DA:918,0
DA:924,0
DA:934,0
DA:935,0
DA:936,0
DA:937,0
LF:192
LH:112
BRDA:195,0,0,8
BRDA:195,0,1,215
BRDA:198,1,0,215
BRDA:198,1,1,0
BRDA:211,2,0,0
BRDA:211,2,1,0
BRDA:222,3,0,0
BRDA:222,3,1,0
BRDA:223,4,0,0
BRDA:223,4,1,0
BRDA:228,5,0,0
BRDA:228,5,1,0
BRDA:269,6,0,3
BRDA:269,6,1,3
BRDA:277,7,0,1
BRDA:277,7,1,0
BRDA:277,8,0,1
BRDA:277,8,1,1
BRDA:295,9,0,2
BRDA:295,9,1,0
BRDA:304,10,0,2
BRDA:304,10,1,0
BRDA:313,11,0,0
BRDA:313,11,1,0
BRDA:339,12,0,0
BRDA:339,12,1,0
BRDA:385,13,0,0
BRDA:385,13,1,0
BRDA:389,14,0,0
BRDA:389,14,1,0
BRDA:399,15,0,14
BRDA:399,15,1,550
BRDA:405,16,0,0
BRDA:405,16,1,10
BRDA:423,17,0,281
BRDA:423,17,1,283
BRDA:424,18,0,1
BRDA:424,18,1,0
BRDA:425,19,0,259
BRDA:425,19,1,305
BRDA:428,20,0,0
BRDA:428,20,1,564
BRDA:477,21,0,0
BRDA:477,21,1,2820
BRDA:491,22,0,2820
BRDA:491,22,1,564
BRDA:494,23,0,0
BRDA:494,23,1,564
BRDA:525,24,0,2820
BRDA:525,24,1,564
BRDA:526,25,0,2820
BRDA:526,25,1,2256
BRDA:555,26,0,0
BRDA:555,26,1,564
BRDA:559,27,0,2256
BRDA:559,27,1,6768
BRDA:559,28,0,564
BRDA:559,28,1,8460
BRDA:605,29,0,0
BRDA:605,29,1,0
BRDA:621,30,0,564
BRDA:621,30,1,564
BRDA:627,31,0,1
BRDA:627,31,1,5
BRDA:644,32,0,4512
BRDA:644,32,1,3948
BRDA:646,33,0,1128
BRDA:646,33,1,3384
BRDA:665,34,0,5076
BRDA:665,34,1,4512
BRDA:667,35,0,1128
BRDA:667,35,1,3948
BRDA:719,36,0,5076
BRDA:719,36,1,4512
BRDA:721,37,0,1128
BRDA:721,37,1,3948
BRDA:784,38,0,0
BRDA:784,38,1,0
BRDA:800,39,0,564
BRDA:800,39,1,564
BRDA:804,40,0,1
BRDA:804,40,1,9
BRDA:823,41,0,0
BRDA:823,41,1,0
BRDA:839,42,0,564
BRDA:839,42,1,564
BRDA:843,43,0,1
BRDA:843,43,1,7
BRDA:870,44,0,0
BRDA:870,44,1,0
BRDA:889,45,0,0
BRDA:889,45,1,0
BRDA:915,46,0,0
BRDA:915,46,1,0
BRDA:934,47,0,0
BRDA:934,47,1,0
BRF:96
BRH:56
end_of_record
TN:
SF:src/migrations.ts
FN:34,createDefaultSettlement
FN:55,createDefaultAppState
FN:66,migrateSurvivor
FN:134,(anonymous_3)
FN:137,(anonymous_4)
FN:140,(anonymous_5)
FN:143,(anonymous_6)
FN:149,(anonymous_7)
FN:153,(anonymous_8)
FN:156,(anonymous_9)
FN:159,(anonymous_10)
FN:162,(anonymous_11)
FN:167,(anonymous_12)
FN:170,(anonymous_13)
FN:173,(anonymous_14)
FN:178,(anonymous_15)
FN:181,(anonymous_16)
FN:184,(anonymous_17)
FN:187,(anonymous_18)
FN:192,(anonymous_19)
FN:195,(anonymous_20)
FN:198,(anonymous_21)
FN:219,migrateSettlement
FN:239,migrateData
FN:284,validateAppState
FNF:25
FNH:25
FNDA:41,createDefaultSettlement
FNDA:41,createDefaultAppState
FNDA:79,migrateSurvivor
FNDA:23,(anonymous_3)
FNDA:46,(anonymous_4)
FNDA:69,(anonymous_5)
FNDA:92,(anonymous_6)
FNDA:69,(anonymous_7)
FNDA:23,(anonymous_8)
FNDA:46,(anonymous_9)
FNDA:69,(anonymous_10)
FNDA:92,(anonymous_11)
FNDA:23,(anonymous_12)
FNDA:46,(anonymous_13)
FNDA:69,(anonymous_14)
FNDA:23,(anonymous_15)
FNDA:46,(anonymous_16)
FNDA:69,(anonymous_17)
FNDA:92,(anonymous_18)
FNDA:23,(anonymous_19)
FNDA:46,(anonymous_20)
FNDA:69,(anonymous_21)
FNDA:19,migrateSettlement
FNDA:20,migrateData
FNDA:11,validateAppState
DA:3,2
DA:35,41
DA:36,41
DA:56,41
DA:67,79
DA:70,23
DA:73,23
DA:74,1
DA:78,23
DA:79,23
DA:86,23
DA:87,11
DA:91,23
DA:92,0
DA:103,23
DA:104,0
DA:105,0
DA:110,23
DA:111,0
DA:115,23
DA:116,0
DA:127,23
DA:128,23
DA:129,23
DA:130,23
DA:131,23
DA:134,23
DA:135,0
DA:137,46
DA:138,0
DA:140,69
DA:141,0
DA:143,92
DA:144,0
DA:148,23
DA:149,69
DA:153,23
DA:154,0
DA:156,46
DA:157,0
DA:159,69
DA:160,0
DA:162,92
DA:163,0
DA:167,23
DA:168,0
DA:170,46
DA:171,0
DA:173,69
DA:174,0
DA:178,23
DA:179,0
DA:181,46
DA:182,0
DA:184,69
DA:185,0
DA:187,92
DA:188,0
DA:192,23
DA:193,0
DA:195,46
DA:196,0
DA:198,69
DA:199,0
DA:204,23
DA:205,12
DA:206,12
DA:210,12
DA:213,23
DA:220,19
DA:241,20
DA:242,1
DA:250,19
DA:251,17
DA:260,17
DA:268,2
DA:269,1
DA:277,1
DA:278,1
DA:285,11
DA:286,0
DA:287,0
DA:290,11
DA:291,0
DA:292,0
DA:295,11
DA:296,0
DA:297,0
DA:300,11
DA:301,0
DA:302,0
DA:306,11
DA:307,9
DA:308,0
DA:309,0
DA:312,9
DA:313,0
DA:314,0
DA:318,9
DA:319,36
DA:320,0
DA:321,0
DA:325,9
DA:326,0
DA:327,0
DA:330,9
DA:331,0
DA:332,0
DA:335,9
DA:336,0
DA:337,0
DA:341,11
LF:112
LH:69
BRDA:67,0,0,56
BRDA:67,0,1,23
BRDA:73,1,0,1
BRDA:73,1,1,22
BRDA:78,2,0,23
BRDA:78,2,1,0
BRDA:86,3,0,11
BRDA:86,3,1,12
BRDA:86,4,0,23
BRDA:86,4,1,23
BRDA:91,5,0,0
BRDA:91,5,1,23
BRDA:103,6,0,0
BRDA:103,6,1,23
BRDA:103,7,0,23
BRDA:103,7,1,23
BRDA:110,8,0,0
BRDA:110,8,1,23
BRDA:115,9,0,0
BRDA:115,9,1,23
BRDA:127,10,0,0
BRDA:127,10,1,23
BRDA:128,11,0,0
BRDA:128,11,1,23
BRDA:129,12,0,0
BRDA:129,12,1,23
BRDA:130,13,0,0
BRDA:130,13,1,23
BRDA:131,14,0,0
BRDA:131,14,1,23
BRDA:134,15,0,0
BRDA:134,15,1,23
BRDA:137,16,0,0
BRDA:137,16,1,23
BRDA:140,17,0,0
BRDA:140,17,1,23
BRDA:143,18,0,0
BRDA:143,18,1,23
BRDA:153,19,0,0
BRDA:153,19,1,23
BRDA:156,20,0,0
BRDA:156,20,1,23
BRDA:159,21,0,0
BRDA:159,21,1,23
BRDA:162,22,0,0
BRDA:162,22,1,23
BRDA:167,23,0,0
BRDA:167,23,1,23
BRDA:170,24,0,0
BRDA:170,24,1,23
BRDA:173,25,0,0
BRDA:173,25,1,23
BRDA:178,26,0,0
BRDA:178,26,1,23
BRDA:181,27,0,0
BRDA:181,27,1,23
BRDA:184,28,0,0
BRDA:184,28,1,23
BRDA:187,29,0,0
BRDA:187,29,1,23
BRDA:192,30,0,0
BRDA:192,30,1,23
BRDA:195,31,0,0
BRDA:195,31,1,23
BRDA:198,32,0,0
BRDA:198,32,1,23
BRDA:204,33,0,12
BRDA:204,33,1,11
BRDA:204,34,0,23
BRDA:204,34,1,23
BRDA:208,35,0,1
BRDA:208,35,1,11
BRDA:221,36,0,19
BRDA:221,36,1,0
BRDA:222,37,0,19
BRDA:222,37,1,0
BRDA:224,38,0,19
BRDA:224,38,1,3
BRDA:225,39,0,19
BRDA:225,39,1,18
BRDA:226,40,0,19
BRDA:226,40,1,18
BRDA:227,41,0,19
BRDA:227,41,1,17
BRDA:229,42,0,19
BRDA:229,42,1,0
BRDA:229,42,2,0
BRDA:230,43,0,19
BRDA:230,43,1,0
BRDA:231,44,0,19
BRDA:231,44,1,0
BRDA:232,45,0,19
BRDA:232,45,1,19
BRDA:241,46,0,1
BRDA:241,46,1,19
BRDA:241,47,0,20
BRDA:241,47,1,2
BRDA:241,47,2,1
BRDA:250,48,0,17
BRDA:250,48,1,2
BRDA:250,49,0,19
BRDA:250,49,1,17
BRDA:255,50,0,17
BRDA:255,50,1,10
BRDA:255,50,2,8
BRDA:256,51,0,17
BRDA:256,51,1,10
BRDA:257,52,0,17
BRDA:257,52,1,10
BRDA:268,53,0,1
BRDA:268,53,1,1
BRDA:272,54,0,1
BRDA:272,54,1,0
BRDA:272,54,2,0
BRDA:285,55,0,0
BRDA:285,55,1,11
BRDA:285,56,0,11
BRDA:285,56,1,11
BRDA:290,57,0,0
BRDA:290,57,1,11
BRDA:295,58,0,0
BRDA:295,58,1,11
BRDA:300,59,0,0
BRDA:300,59,1,11
BRDA:307,60,0,0
BRDA:307,60,1,9
BRDA:307,61,0,9
BRDA:307,61,1,9
BRDA:312,62,0,0
BRDA:312,62,1,9
BRDA:312,63,0,9
BRDA:312,63,1,9
BRDA:319,64,0,0
BRDA:319,64,1,36
BRDA:325,65,0,0
BRDA:325,65,1,9
BRDA:330,66,0,0
BRDA:330,66,1,9
BRDA:335,67,0,0
BRDA:335,67,1,9
BRF:140
BRH:94
end_of_record
TN:
SF:src/components/GlossaryModal.css
FNF:0
FNH:0
LF:0
LH:0
BRF:0
BRH:0
end_of_record
TN:
SF:src/components/GlossaryModal.tsx
FN:23,GlossaryModal
FN:49,(anonymous_1)
FN:51,(anonymous_2)
FN:57,(anonymous_3)
FN:85,(anonymous_4)
FN:115,(anonymous_5)
FN:128,(anonymous_6)
FN:129,(anonymous_7)
FN:140,(anonymous_8)
FN:151,(anonymous_9)
FN:160,(anonymous_10)
FN:168,(anonymous_11)
FN:175,(anonymous_12)
FN:176,(anonymous_13)
FN:179,(anonymous_14)
FN:191,(anonymous_15)
FN:198,(anonymous_16)
FN:210,(anonymous_17)
FN:212,(anonymous_18)
FN:215,(anonymous_19)
FN:221,(anonymous_20)
FN:237,(anonymous_21)
FN:240,(anonymous_22)
FN:247,(anonymous_23)
FN:253,(anonymous_24)
FN:259,(anonymous_25)
FN:260,(anonymous_26)
FN:263,(anonymous_27)
FN:264,(anonymous_28)
FN:278,(anonymous_29)
FN:284,(anonymous_30)
FN:290,(anonymous_31)
FN:310,(anonymous_32)
FN:320,(anonymous_33)
FN:324,(anonymous_34)
FN:341,(anonymous_35)
FN:345,(anonymous_36)
FN:346,(anonymous_37)
FN:369,(anonymous_38)
FN:382,(anonymous_39)
FN:386,(anonymous_40)
FN:390,(anonymous_41)
FN:405,(anonymous_42)
FN:423,(anonymous_43)
FN:431,(anonymous_44)
FN:435,(anonymous_45)
FN:474,(anonymous_46)
FN:491,(anonymous_47)
FN:507,(anonymous_48)
FN:541,(anonymous_49)
FN:545,(anonymous_50)
FN:569,(anonymous_51)
FN:587,(anonymous_52)
FN:621,renderTermContent
FN:643,(anonymous_54)
FN:647,(anonymous_55)
FN:648,(anonymous_56)
FNF:57
FNH:27
FNDA:328,GlossaryModal
FNDA:117,(anonymous_1)
FNDA:0,(anonymous_2)
FNDA:0,(anonymous_3)
FNDA:0,(anonymous_4)
FNDA:0,(anonymous_5)
FNDA:0,(anonymous_6)
FNDA:0,(anonymous_7)
FNDA:0,(anonymous_8)
FNDA:0,(anonymous_9)
FNDA:0,(anonymous_10)
FNDA:60,(anonymous_11)
FNDA:57,(anonymous_12)
FNDA:57,(anonymous_13)
FNDA:57,(anonymous_14)
FNDA:10,(anonymous_15)
FNDA:123,(anonymous_16)
FNDA:123,(anonymous_17)
FNDA:1,(anonymous_18)
FNDA:59,(anonymous_19)
FNDA:66,(anonymous_20)
FNDA:0,(anonymous_21)
FNDA:0,(anonymous_22)
FNDA:13,(anonymous_23)
FNDA:1,(anonymous_24)
FNDA:4,(anonymous_25)
FNDA:0,(anonymous_26)
FNDA:232,(anonymous_27)
FNDA:420,(anonymous_28)
FNDA:0,(anonymous_29)
FNDA:2,(anonymous_30)
FNDA:0,(anonymous_31)
FNDA:65,(anonymous_32)
FNDA:22,(anonymous_33)
FNDA:0,(anonymous_34)
FNDA:115,(anonymous_35)
FNDA:1,(anonymous_36)
FNDA:1,(anonymous_37)
FNDA:0,(anonymous_38)
FNDA:12,(anonymous_39)
FNDA:12,(anonymous_40)
FNDA:1,(anonymous_41)
FNDA:0,(anonymous_42)
FNDA:0,(anonymous_43)
FNDA:0,(anonymous_44)
FNDA:0,(anonymous_45)
FNDA:0,(anonymous_46)
FNDA:0,(anonymous_47)
FNDA:0,(anonymous_48)
FNDA:0,(anonymous_49)
FNDA:0,(anonymous_50)
FNDA:0,(anonymous_51)
FNDA:0,(anonymous_52)
FNDA:1,renderTermContent
FNDA:0,(anonymous_54)
FNDA:0,(anonymous_55)
FNDA:0,(anonymous_56)
DA:28,328
DA:29,328
DA:30,328
DA:31,328
DA:32,328
DA:33,328
DA:34,328
DA:35,328
DA:36,328
DA:37,328
DA:38,328
DA:40,328
DA:41,328
DA:42,328
DA:43,328
DA:44,328
DA:47,328
DA:49,328
DA:50,117
DA:51,0
DA:52,0
DA:54,117
DA:57,328
DA:58,0
DA:59,0
DA:61,0
DA:64,0
DA:65,0
DA:67,0
DA:68,0
DA:69,0
DA:70,0
DA:71,0
DA:72,0
DA:73,0
DA:74,0
DA:75,0
DA:76,0
DA:77,0
DA:79,0
DA:81,0
DA:85,328
DA:86,0
DA:87,0
DA:88,0
DA:90,0
DA:91,0
DA:93,0
DA:94,0
DA:97,0
DA:100,0
DA:101,0
DA:102,0
DA:103,0
DA:105,0
DA:106,0
DA:107,0
DA:108,0
DA:110,0
DA:112,0
DA:115,328
DA:116,0
DA:117,0
DA:118,0
DA:120,0
DA:121,0
DA:122,0
DA:123,0
DA:125,0
DA:127,0
DA:128,0
DA:129,0
DA:132,0
DA:133,0
DA:134,0
DA:135,0
DA:136,0
DA:137,0
DA:140,0
DA:141,0
DA:144,0
DA:146,0
DA:147,0
DA:151,328
DA:152,0
DA:153,0
DA:155,0
DA:156,0
DA:160,328
DA:161,0
DA:162,0
DA:163,0
DA:168,328
DA:169,60
DA:170,60
DA:175,328
DA:176,57
DA:179,328
DA:180,57
DA:181,15
DA:182,15
DA:183,15
DA:184,15
DA:185,15
DA:186,15
DA:187,15
DA:188,15
DA:189,15
DA:190,15
DA:191,15
DA:192,15
DA:193,1
DA:198,328
DA:199,123
DA:200,66
DA:201,66
DA:202,66
DA:204,57
DA:205,57
DA:210,328
DA:211,123
DA:212,59
DA:213,1
DA:215,59
DA:219,328
DA:221,328
DA:222,66
DA:223,1
DA:224,0
DA:225,1
DA:226,0
DA:227,1
DA:228,0
DA:229,0
DA:230,1
DA:231,0
DA:233,1
DA:235,65
DA:236,0
DA:237,0
DA:238,65
DA:239,0
DA:240,0
DA:241,65
DA:242,0
DA:243,0
DA:247,328
DA:248,13
DA:249,1
DA:253,328
DA:254,1
DA:255,1
DA:256,1
DA:259,328
DA:260,4
DA:263,328
DA:264,420
DA:267,328
DA:269,169
DA:278,0
DA:284,2
DA:290,0
DA:310,65
DA:321,22
DA:324,0
DA:342,115
DA:345,1
DA:346,1
DA:369,0
DA:382,12
DA:387,12
DA:390,1
DA:405,0
DA:423,0
DA:432,0
DA:435,0
DA:474,0
DA:491,0
DA:507,0
DA:542,0
DA:545,0
DA:570,0
DA:571,0
DA:572,0
DA:573,0
DA:587,0
DA:627,1
DA:644,0
DA:648,0
DA:649,0
LF:190
LH:91
BRDA:50,0,0,0
BRDA:50,0,1,117
BRDA:67,1,0,0
BRDA:67,1,1,0
BRDA:68,2,0,0
BRDA:68,2,1,0
BRDA:70,3,0,0
BRDA:70,3,1,0
BRDA:70,4,0,0
BRDA:70,4,1,0
BRDA:72,5,0,0
BRDA:72,5,1,0
BRDA:72,6,0,0
BRDA:72,6,1,0
BRDA:74,7,0,0
BRDA:74,7,1,0
BRDA:74,8,0,0
BRDA:74,8,1,0
BRDA:76,9,0,0
BRDA:76,9,1,0
BRDA:88,10,0,0
BRDA:88,10,1,0
BRDA:88,11,0,0
BRDA:88,11,1,0
BRDA:91,12,0,0
BRDA:91,12,1,0
BRDA:125,13,0,0
BRDA:125,13,1,0
BRDA:135,14,0,0
BRDA:135,14,1,0
BRDA:153,15,0,0
BRDA:153,15,1,0
BRDA:162,16,0,0
BRDA:162,16,1,0
BRDA:162,17,0,0
BRDA:162,17,1,0
BRDA:169,18,0,60
BRDA:169,18,1,0
BRDA:169,19,0,60
BRDA:169,19,1,18
BRDA:180,20,0,15
BRDA:180,20,1,42
BRDA:181,21,0,15
BRDA:181,21,1,14
BRDA:192,22,0,1
BRDA:192,22,1,14
BRDA:199,23,0,66
BRDA:199,23,1,57
BRDA:211,24,0,64
BRDA:211,24,1,59
BRDA:211,25,0,123
BRDA:211,25,1,66
BRDA:219,26,0,134
BRDA:219,26,1,194
BRDA:222,27,0,1
BRDA:222,27,1,65
BRDA:223,28,0,0
BRDA:223,28,1,1
BRDA:225,29,0,0
BRDA:225,29,1,1
BRDA:227,30,0,0
BRDA:227,30,1,1
BRDA:230,31,0,0
BRDA:230,31,1,1
BRDA:235,32,0,0
BRDA:235,32,1,65
BRDA:238,33,0,0
BRDA:238,33,1,65
BRDA:241,34,0,0
BRDA:241,34,1,65
BRDA:241,35,0,65
BRDA:241,35,1,0
BRDA:248,36,0,1
BRDA:248,36,1,12
BRDA:264,37,0,198
BRDA:264,37,1,34
BRDA:267,38,0,159
BRDA:267,38,1,169
BRDA:277,39,0,163
BRDA:277,39,1,6
BRDA:283,40,0,6
BRDA:283,40,1,163
BRDA:283,41,0,328
BRDA:283,41,1,165
BRDA:289,42,0,0
BRDA:289,42,1,169
BRDA:303,43,0,328
BRDA:303,43,1,163
BRDA:303,43,2,162
BRDA:318,44,0,162
BRDA:318,44,1,22
BRDA:333,45,0,162
BRDA:333,45,1,133
BRDA:333,45,2,58
BRDA:333,45,3,41
BRDA:339,46,0,162
BRDA:339,46,1,75
BRDA:344,47,0,75
BRDA:344,47,1,40
BRDA:351,48,0,98
BRDA:351,48,1,17
BRDA:356,49,0,0
BRDA:356,49,1,115
BRDA:363,50,0,162
BRDA:363,50,1,29
BRDA:366,51,0,29
BRDA:366,51,1,2
BRDA:377,52,0,328
BRDA:377,52,1,4
BRDA:401,53,0,328
BRDA:401,53,1,2
BRDA:401,53,2,2
BRDA:414,54,0,0
BRDA:414,54,1,2
BRDA:419,55,0,0
BRDA:419,55,1,2
BRDA:440,56,0,0
BRDA:440,56,1,0
BRDA:444,57,0,2
BRDA:444,57,1,2
BRDA:444,57,2,2
BRDA:455,58,0,328
BRDA:455,58,1,0
BRDA:455,58,2,0
BRDA:465,59,0,0
BRDA:465,59,1,0
BRDA:465,59,2,0
BRDA:465,59,3,0
BRDA:482,60,0,0
BRDA:482,60,1,0
BRDA:482,60,2,0
BRDA:499,61,0,0
BRDA:499,61,1,0
BRDA:516,62,0,0
BRDA:516,62,1,0
BRDA:525,63,0,0
BRDA:525,63,1,0
BRDA:532,64,0,0
BRDA:532,64,1,0
BRDA:532,64,2,0
BRDA:538,65,0,0
BRDA:538,65,1,0
BRDA:550,66,0,0
BRDA:550,66,1,0
BRDA:555,67,0,0
BRDA:555,67,1,0
BRDA:565,68,0,328
BRDA:565,68,1,0
BRDA:565,68,2,0
BRDA:583,69,0,328
BRDA:583,69,1,163
BRDA:583,69,2,1
BRDA:599,70,0,328
BRDA:599,70,1,163
BRDA:599,70,2,162
BRDA:610,71,0,328
BRDA:610,71,1,169
BRDA:632,72,0,1
BRDA:632,72,1,0
BRDA:635,73,0,1
BRDA:635,73,1,0
BRDA:640,74,0,1
BRDA:640,74,1,0
BRDA:640,74,2,0
BRDA:649,75,0,0
BRDA:649,75,1,0
BRDA:654,76,0,0
BRDA:654,76,1,0
BRDA:660,77,0,1
BRDA:660,77,1,0
BRDA:663,78,0,0
BRDA:663,78,1,0
BRF:172
BRH:85
end_of_record
TN:
SF:src/components/InventoryModal.css
FNF:0
FNH:0
LF:0
LH:0
BRF:0
BRH:0
end_of_record
TN:
SF:src/components/InventoryModal.tsx
FN:23,InventoryModal
FN:50,(anonymous_1)
FN:66,(anonymous_2)
FN:70,(anonymous_3)
FN:70,(anonymous_4)
FN:79,(anonymous_5)
FN:81,(anonymous_6)
FN:89,(anonymous_7)
FN:114,(anonymous_8)
FN:116,(anonymous_9)
FN:119,(anonymous_10)
FN:128,(anonymous_11)
FN:155,(anonymous_12)
FN:157,(anonymous_13)
FN:167,(anonymous_14)
FN:171,(anonymous_15)
FN:232,(anonymous_16)
FN:253,(anonymous_17)
FN:261,(anonymous_18)
FN:269,(anonymous_19)
FN:272,(anonymous_20)
FN:303,(anonymous_21)
FN:310,(anonymous_22)
FN:316,(anonymous_23)
FN:317,(anonymous_24)
FN:321,(anonymous_25)
FN:324,(anonymous_26)
FN:329,(anonymous_27)
FN:339,(anonymous_28)
FN:344,(anonymous_29)
FN:356,(anonymous_30)
FN:358,(anonymous_31)
FN:361,(anonymous_32)
FN:364,(anonymous_33)
FN:372,(anonymous_34)
FN:378,(anonymous_35)
FN:390,(anonymous_36)
FN:399,(anonymous_37)
FN:402,(anonymous_38)
FN:409,(anonymous_39)
FN:416,(anonymous_40)
FN:433,(anonymous_41)
FN:439,(anonymous_42)
FN:453,(anonymous_43)
FN:460,(anonymous_44)
FN:464,(anonymous_45)
FN:465,(anonymous_46)
FN:475,(anonymous_47)
FN:500,(anonymous_48)
FN:514,(anonymous_49)
FN:531,(anonymous_50)
FN:547,(anonymous_51)
FN:557,(anonymous_52)
FN:576,(anonymous_53)
FN:580,(anonymous_54)
FN:601,(anonymous_55)
FN:615,(anonymous_56)
FN:636,(anonymous_57)
FN:643,(anonymous_58)
FNF:59
FNH:35
FNDA:290,InventoryModal
FNDA:532,(anonymous_1)
FNDA:74,(anonymous_2)
FNDA:264,(anonymous_3)
FNDA:231,(anonymous_4)
FNDA:151,(anonymous_5)
FNDA:0,(anonymous_6)
FNDA:0,(anonymous_7)
FNDA:0,(anonymous_8)
FNDA:0,(anonymous_9)
FNDA:0,(anonymous_10)
FNDA:0,(anonymous_11)
FNDA:0,(anonymous_12)
FNDA:0,(anonymous_13)
FNDA:0,(anonymous_14)
FNDA:0,(anonymous_15)
FNDA:0,(anonymous_16)
FNDA:0,(anonymous_17)
FNDA:0,(anonymous_18)
FNDA:286,(anonymous_19)
FNDA:0,(anonymous_20)
FNDA:0,(anonymous_21)
FNDA:81,(anonymous_22)
FNDA:74,(anonymous_23)
FNDA:74,(anonymous_24)
FNDA:75,(anonymous_25)
FNDA:132,(anonymous_26)
FNDA:75,(anonymous_27)
FNDA:30,(anonymous_28)
FNDA:102,(anonymous_29)
FNDA:98,(anonymous_30)
FNDA:0,(anonymous_31)
FNDA:17,(anonymous_32)
FNDA:2,(anonymous_33)
FNDA:1,(anonymous_34)
FNDA:2,(anonymous_35)
FNDA:24,(anonymous_36)
FNDA:1,(anonymous_37)
FNDA:0,(anonymous_38)
FNDA:24,(anonymous_39)
FNDA:125,(anonymous_40)
FNDA:1,(anonymous_41)
FNDA:3,(anonymous_42)
FNDA:22,(anonymous_43)
FNDA:36,(anonymous_44)
FNDA:2,(anonymous_45)
FNDA:2,(anonymous_46)
FNDA:4,(anonymous_47)
FNDA:2,(anonymous_48)
FNDA:0,(anonymous_49)
FNDA:0,(anonymous_50)
FNDA:0,(anonymous_51)
FNDA:0,(anonymous_52)
FNDA:0,(anonymous_53)
FNDA:0,(anonymous_54)
FNDA:0,(anonymous_55)
FNDA:244,(anonymous_56)
FNDA:1,(anonymous_57)
FNDA:2,(anonymous_58)
DA:27,290
DA:28,290
DA:29,290
DA:30,290
DA:31,290
DA:34,290
DA:35,290
DA:36,290
DA:37,290
DA:38,290
DA:39,290
DA:40,290
DA:41,290
DA:42,290
DA:43,290
DA:44,290
DA:45,290
DA:47,290
DA:48,290
DA:50,290
DA:51,532
DA:52,532
DA:57,290
DA:66,290
DA:67,74
DA:68,74
DA:69,132
DA:70,264
DA:72,132
DA:73,132
DA:76,74
DA:79,290
DA:80,151
DA:81,0
DA:82,0
DA:84,151
DA:85,151
DA:86,151
DA:89,290
DA:90,0
DA:91,0
DA:92,0
DA:95,0
DA:96,0
DA:98,0
DA:99,0
DA:100,0
DA:101,0
DA:102,0
DA:103,0
DA:104,0
DA:105,0
DA:106,0
DA:108,0
DA:110,0
DA:114,290
DA:116,0
DA:117,0
DA:119,0
DA:120,0
DA:121,0
DA:123,0
DA:124,0
DA:126,0
DA:127,0
DA:128,0
DA:129,0
DA:130,0
DA:131,0
DA:133,0
DA:134,0
DA:135,0
DA:136,0
DA:137,0
DA:140,0
DA:142,0
DA:144,0
DA:147,0
DA:148,0
DA:149,0
DA:152,0
DA:153,0
DA:154,0
DA:155,0
DA:156,0
DA:157,0
DA:160,0
DA:162,0
DA:163,0
DA:167,0
DA:168,0
DA:171,290
DA:172,0
DA:173,0
DA:174,0
DA:176,0
DA:177,0
DA:179,0
DA:180,0
DA:181,0
DA:183,0
DA:184,0
DA:185,0
DA:186,0
DA:189,0
DA:190,0
DA:191,0
DA:195,0
DA:196,0
DA:197,0
DA:198,0
DA:199,0
DA:200,0
DA:205,0
DA:206,0
DA:208,0
DA:209,0
DA:210,0
DA:211,0
DA:212,0
DA:213,0
DA:214,0
DA:215,0
DA:219,0
DA:220,0
DA:221,0
DA:222,0
DA:223,0
DA:224,0
DA:228,0
DA:229,0
DA:232,290
DA:233,0
DA:234,0
DA:235,0
DA:237,0
DA:238,0
DA:239,0
DA:240,0
DA:242,0
DA:243,0
DA:246,0
DA:248,0
DA:249,0
DA:253,290
DA:254,0
DA:255,0
DA:256,0
DA:257,0
DA:261,290
DA:262,0
DA:263,0
DA:264,0
DA:269,290
DA:270,286
DA:272,0
DA:273,0
DA:274,0
DA:275,0
DA:277,0
DA:278,0
DA:279,0
DA:280,0
DA:281,0
DA:282,0
DA:283,0
DA:284,0
DA:285,0
DA:286,0
DA:287,0
DA:288,0
DA:289,0
DA:295,0
DA:300,0
DA:301,0
DA:303,0
DA:304,0
DA:305,0
DA:310,290
DA:311,81
DA:312,77
DA:316,290
DA:317,74
DA:321,290
DA:322,75
DA:323,33
DA:324,132
DA:329,290
DA:330,75
DA:331,33
DA:332,33
DA:333,33
DA:334,33
DA:335,33
DA:336,33
DA:337,33
DA:338,33
DA:339,33
DA:344,290
DA:345,102
DA:346,22
DA:347,22
DA:348,22
DA:350,80
DA:351,80
DA:356,290
DA:357,98
DA:358,17
DA:359,0
DA:361,17
DA:364,290
DA:365,2
DA:366,2
DA:367,2
DA:368,2
DA:369,2
DA:372,290
DA:373,1
DA:374,1
DA:375,1
DA:378,290
DA:379,2
DA:380,2
DA:381,2
DA:382,1
DA:383,1
DA:385,1
DA:386,1
DA:390,290
DA:391,24
DA:392,1
DA:393,0
DA:395,1
DA:397,23
DA:398,1
DA:399,1
DA:400,22
DA:401,0
DA:402,0
DA:403,22
DA:404,0
DA:405,0
DA:409,290
DA:410,24
DA:411,1
DA:415,290
DA:416,290
DA:418,290
DA:420,134
DA:433,1
DA:439,3
DA:453,22
DA:461,36
DA:464,2
DA:465,2
DA:476,4
DA:477,4
DA:478,4
DA:479,4
DA:480,4
DA:500,2
DA:514,0
DA:531,0
DA:547,0
DA:558,0
DA:559,0
DA:577,0
DA:581,0
DA:582,0
DA:583,0
DA:584,0
DA:585,0
DA:601,0
DA:616,244
DA:617,244
DA:618,244
DA:619,244
DA:636,1
DA:643,2
LF:279
LH:127
BRDA:51,0,0,0
BRDA:51,0,1,532
BRDA:52,1,0,508
BRDA:52,1,1,24
BRDA:69,2,0,132
BRDA:69,2,1,0
BRDA:72,3,0,132
BRDA:72,3,1,0
BRDA:72,4,0,132
BRDA:72,4,1,0
BRDA:80,5,0,0
BRDA:80,5,1,151
BRDA:98,6,0,0
BRDA:98,6,1,0
BRDA:99,7,0,0
BRDA:99,7,1,0
BRDA:101,8,0,0
BRDA:101,8,1,0
BRDA:101,9,0,0
BRDA:101,9,1,0
BRDA:103,10,0,0
BRDA:103,10,1,0
BRDA:103,11,0,0
BRDA:103,11,1,0
BRDA:105,12,0,0
BRDA:105,12,1,0
BRDA:120,13,0,0
BRDA:120,13,1,0
BRDA:121,14,0,0
BRDA:121,14,1,0
BRDA:124,15,0,0
BRDA:124,15,1,0
BRDA:137,16,0,0
BRDA:137,16,1,0
BRDA:142,17,0,0
BRDA:142,17,1,0
BRDA:149,18,0,0
BRDA:149,18,1,0
BRDA:156,19,0,0
BRDA:156,19,1,0
BRDA:157,20,0,0
BRDA:157,20,1,0
BRDA:160,21,0,0
BRDA:160,21,1,0
BRDA:174,22,0,0
BRDA:174,22,1,0
BRDA:174,23,0,0
BRDA:174,23,1,0
BRDA:174,23,2,0
BRDA:177,24,0,0
BRDA:177,24,1,0
BRDA:220,25,0,0
BRDA:220,25,1,0
BRDA:242,26,0,0
BRDA:242,26,1,0
BRDA:255,27,0,0
BRDA:255,27,1,0
BRDA:263,28,0,0
BRDA:263,28,1,0
BRDA:263,29,0,0
BRDA:263,29,1,0
BRDA:270,30,0,286
BRDA:270,30,1,0
BRDA:273,31,0,0
BRDA:273,31,1,0
BRDA:273,32,0,0
BRDA:273,32,1,0
BRDA:275,33,0,0
BRDA:275,33,1,0
BRDA:281,34,0,0
BRDA:281,34,1,0
BRDA:284,35,0,0
BRDA:284,35,1,0
BRDA:311,36,0,77
BRDA:311,36,1,4
BRDA:311,37,0,81
BRDA:311,37,1,39
BRDA:322,38,0,33
BRDA:322,38,1,42
BRDA:330,39,0,33
BRDA:330,39,1,42
BRDA:345,40,0,22
BRDA:345,40,1,80
BRDA:357,41,0,81
BRDA:357,41,1,17
BRDA:357,42,0,98
BRDA:357,42,1,22
BRDA:366,43,0,2
BRDA:366,43,1,2
BRDA:374,44,0,1
BRDA:374,44,1,0
BRDA:380,45,0,2
BRDA:380,45,1,0
BRDA:381,46,0,1
BRDA:381,46,1,1
BRDA:391,47,0,1
BRDA:391,47,1,23
BRDA:392,48,0,0
BRDA:392,48,1,1
BRDA:397,49,0,1
BRDA:397,49,1,22
BRDA:400,50,0,0
BRDA:400,50,1,22
BRDA:403,51,0,0
BRDA:403,51,1,22
BRDA:403,52,0,22
BRDA:403,52,1,0
BRDA:410,53,0,1
BRDA:410,53,1,23
BRDA:418,54,0,156
BRDA:418,54,1,134
BRDA:432,55,0,128
BRDA:432,55,1,6
BRDA:438,56,0,6
BRDA:438,56,1,128
BRDA:446,57,0,290
BRDA:446,57,1,130
BRDA:458,58,0,130
BRDA:458,58,1,46
BRDA:458,58,2,36
BRDA:463,59,0,36
BRDA:463,59,1,0
BRDA:488,60,0,290
BRDA:488,60,1,4
BRDA:505,61,0,4
BRDA:505,61,1,4
BRDA:505,61,2,4
BRDA:505,61,3,4
BRDA:522,62,0,4
BRDA:522,62,1,0
BRDA:522,62,2,0
BRDA:539,63,0,4
BRDA:539,63,1,0
BRDA:550,64,0,0
BRDA:550,64,1,0
BRDA:567,65,0,4
BRDA:567,65,1,0
BRDA:567,65,2,0
BRDA:573,66,0,4
BRDA:573,66,1,0
BRDA:594,67,0,4
BRDA:594,67,1,0
BRDA:594,67,2,0
BRDA:594,67,3,0
BRDA:610,68,0,290
BRDA:610,68,1,130
BRDA:612,69,0,5
BRDA:612,69,1,125
BRDA:617,70,0,244
BRDA:617,70,1,0
BRDA:622,71,0,244
BRDA:622,71,1,0
BRDA:627,72,0,244
BRDA:627,72,1,244
BRF:154
BRH:69
end_of_record
TN:
SF:src/components/Tutorial.css
FNF:0
FNH:0
LF:0
LH:0
BRF:0
BRH:0
end_of_record
TN:
SF:src/components/Tutorial.tsx
FN:90,Tutorial
FN:101,(anonymous_1)
FN:108,(anonymous_2)
FN:111,(anonymous_3)
FN:119,(anonymous_4)
FN:123,(anonymous_5)
FN:128,(anonymous_6)
FN:131,(anonymous_7)
FN:139,(anonymous_8)
FN:143,(anonymous_9)
FN:148,(anonymous_10)
FN:157,(anonymous_11)
FN:162,(anonymous_12)
FN:171,(anonymous_13)
FN:175,(anonymous_14)
FN:178,(anonymous_15)
FN:188,(anonymous_16)
FN:195,(anonymous_17)
FN:232,(anonymous_18)
FN:238,(anonymous_19)
FN:248,(anonymous_20)
FN:252,(anonymous_21)
FN:254,(anonymous_22)
FN:258,(anonymous_23)
FN:264,(anonymous_24)
FN:271,(anonymous_25)
FNF:26
FNH:23
FNDA:257,Tutorial
FNDA:69,(anonymous_1)
FNDA:70,(anonymous_2)
FNDA:65,(anonymous_3)
FNDA:1,(anonymous_4)
FNDA:84,(anonymous_5)
FNDA:85,(anonymous_6)
FNDA:11,(anonymous_7)
FNDA:76,(anonymous_8)
FNDA:85,(anonymous_9)
FNDA:4,(anonymous_10)
FNDA:12,(anonymous_11)
FNDA:0,(anonymous_12)
FNDA:0,(anonymous_13)
FNDA:85,(anonymous_14)
FNDA:95,(anonymous_15)
FNDA:0,(anonymous_16)
FNDA:16,(anonymous_17)
FNDA:76,(anonymous_18)
FNDA:12,(anonymous_19)
FNDA:12,(anonymous_20)
FNDA:4,(anonymous_21)
FNDA:4,(anonymous_22)
FNDA:7,(anonymous_23)
FNDA:7,(anonymous_24)
FNDA:248,(anonymous_25)
DA:17,2
DA:91,257
DA:92,257
DA:93,257
DA:94,257
DA:96,257
DA:97,257
DA:98,257
DA:101,257
DA:102,69
DA:103,60
DA:108,257
DA:109,70
DA:111,1
DA:112,65
DA:113,65
DA:116,1
DA:117,1
DA:119,1
DA:123,257
DA:124,84
DA:128,257
DA:129,85
DA:131,76
DA:132,11
DA:133,2
DA:134,2
DA:138,76
DA:139,76
DA:143,257
DA:144,85
DA:147,76
DA:148,12
DA:149,4
DA:151,4
DA:152,0
DA:156,12
DA:157,12
DA:161,64
DA:162,0
DA:163,0
DA:165,0
DA:166,0
DA:170,0
DA:171,0
DA:175,257
DA:176,85
DA:178,76
DA:180,95
DA:182,15
DA:184,15
DA:185,0
DA:186,0
DA:187,0
DA:188,0
DA:192,15
DA:195,15
DA:196,16
DA:197,16
DA:198,16
DA:205,15
DA:207,4
DA:211,15
DA:212,4
DA:214,4
DA:216,11
DA:219,80
DA:224,76
DA:227,76
DA:230,76
DA:232,76
DA:233,76
DA:234,76
DA:238,257
DA:240,12
DA:241,12
DA:242,0
DA:245,12
DA:246,0
DA:248,12
DA:252,257
DA:253,4
DA:254,4
DA:258,257
DA:260,7
DA:261,7
DA:264,257
DA:265,7
DA:268,257
DA:271,248
DA:272,248
DA:273,248
DA:280,0
DA:281,0
DA:283,0
DA:285,0
DA:286,0
DA:287,0
DA:288,0
DA:290,0
DA:291,0
DA:292,0
DA:293,0
DA:295,0
DA:296,0
DA:297,0
DA:298,0
DA:300,0
DA:301,0
DA:302,0
DA:303,0
DA:305,0
DA:306,0
DA:307,0
DA:310,0
DA:313,248
LF:116
LH:80
BRDA:102,0,0,60
BRDA:102,0,1,9
BRDA:109,1,0,69
BRDA:109,1,1,1
BRDA:109,2,0,70
BRDA:109,2,1,61
BRDA:129,3,0,9
BRDA:129,3,1,76
BRDA:132,4,0,2
BRDA:132,4,1,9
BRDA:132,5,0,11
BRDA:132,5,1,9
BRDA:144,6,0,9
BRDA:144,6,1,76
BRDA:147,7,0,12
BRDA:147,7,1,64
BRDA:151,8,0,0
BRDA:151,8,1,4
BRDA:151,9,0,4
BRDA:151,9,1,4
BRDA:161,10,0,0
BRDA:161,10,1,64
BRDA:165,11,0,0
BRDA:165,11,1,0
BRDA:165,12,0,0
BRDA:165,12,1,0
BRDA:176,13,0,9
BRDA:176,13,1,76
BRDA:180,14,0,15
BRDA:180,14,1,80
BRDA:184,15,0,0
BRDA:184,15,1,15
BRDA:186,16,0,0
BRDA:186,16,1,0
BRDA:188,17,0,0
BRDA:188,17,1,0
BRDA:195,18,0,15
BRDA:195,18,1,15
BRDA:198,19,0,16
BRDA:198,19,1,0
BRDA:198,19,2,0
BRDA:198,19,3,0
BRDA:198,19,4,0
BRDA:205,20,0,4
BRDA:205,20,1,11
BRDA:205,21,0,15
BRDA:205,21,1,15
BRDA:211,22,0,4
BRDA:211,22,1,11
BRDA:240,23,0,12
BRDA:240,23,1,12
BRDA:241,24,0,0
BRDA:241,24,1,12
BRDA:241,25,0,12
BRDA:241,25,1,0
BRDA:245,26,0,0
BRDA:245,26,1,12
BRDA:253,27,0,4
BRDA:253,27,1,0
BRDA:268,28,0,9
BRDA:268,28,1,248
BRDA:272,29,0,248
BRDA:272,29,1,0
BRDA:272,30,0,248
BRDA:272,30,1,73
BRDA:283,31,0,0
BRDA:283,31,1,0
BRDA:283,31,2,0
BRDA:283,31,3,0
BRDA:283,31,4,0
BRDA:314,32,0,175
BRDA:314,32,1,73
BRDA:315,33,0,257
BRDA:315,33,1,73
BRDA:315,33,2,72
BRDA:344,34,0,257
BRDA:344,34,1,97
BRDA:344,34,2,97
BRDA:352,35,0,257
BRDA:352,35,1,151
BRDA:352,35,2,97
BRDA:354,36,0,0
BRDA:354,36,1,248
BRF:83
BRH:57
end_of_record
TN:
SF:src/data/glossary.json
FNF:0
FNH:0
LF:0
LH:0
BRF:0
BRH:0
end_of_record
TN:
SF:src/data/wiki-index.json
FNF:0
FNH:0
LF:0
LH:0
BRF:0
BRH:0
end_of_record
TN:
SF:src/utils/glossarySearch.ts
FN:17,searchGlossary
FN:37,(anonymous_1)
FN:45,searchCategories
FN:66,(anonymous_3)
FN:70,calculateScore
FN:127,fuzzyMatch
FN:143,escapeRegex
FN:150,getTermsByCategory
FNF:8
FNH:6
FNDA:74,searchGlossary
FNDA:34,(anonymous_1)
FNDA:139,searchCategories
FNDA:0,(anonymous_3)
FNDA:243,calculateScore
FNDA:362,fuzzyMatch
FNDA:193,escapeRegex
FNDA:0,getTermsByCategory
DA:22,74
DA:23,2
DA:26,72
DA:27,72
DA:29,72
DA:30,243
DA:31,243
DA:32,71
DA:37,72
DA:39,72
DA:49,139
DA:51,138
DA:52,138
DA:54,138
DA:55,418
DA:57,418
DA:58,3
DA:59,415
DA:60,15
DA:61,400
DA:62,7
DA:66,138
DA:67,138
DA:71,243
DA:73,243
DA:76,243
DA:77,7
DA:81,236
DA:82,43
DA:86,193
DA:87,0
DA:91,193
DA:92,193
DA:93,0
DA:97,193
DA:98,0
DA:102,193
DA:103,11
DA:107,182
DA:108,182
DA:109,2
DA:113,180
DA:114,180
DA:115,5
DA:119,175
DA:120,175
DA:121,3
DA:124,172
DA:128,362
DA:129,362
DA:130,362
DA:132,362
DA:133,3743
DA:134,308
DA:135,308
DA:137,3743
DA:140,362
DA:144,193
DA:151,0
DA:153,0
DA:154,0
DA:155,0
DA:156,0
DA:158,0
DA:161,0
LF:65
LH:55
BRDA:20,0,0,74
BRDA:22,1,0,2
BRDA:22,1,1,72
BRDA:31,2,0,71
BRDA:31,2,1,172
BRDA:49,3,0,1
BRDA:49,3,1,138
BRDA:57,4,0,3
BRDA:57,4,1,415
BRDA:59,5,0,15
BRDA:59,5,1,400
BRDA:61,6,0,7
BRDA:61,6,1,393
BRDA:76,7,0,7
BRDA:76,7,1,236
BRDA:76,8,0,243
BRDA:76,8,1,239
BRDA:81,9,0,43
BRDA:81,9,1,193
BRDA:86,10,0,0
BRDA:86,10,1,193
BRDA:92,11,0,0
BRDA:92,11,1,193
BRDA:97,12,0,0
BRDA:97,12,1,193
BRDA:102,13,0,11
BRDA:102,13,1,182
BRDA:108,14,0,2
BRDA:108,14,1,180
BRDA:114,15,0,5
BRDA:114,15,1,175
BRDA:120,16,0,3
BRDA:120,16,1,172
BRDA:132,17,0,362
BRDA:132,17,1,3750
BRDA:133,18,0,308
BRDA:133,18,1,3435
BRDA:140,19,0,7
BRDA:140,19,1,355
BRDA:154,20,0,0
BRDA:154,20,1,0
BRDA:155,21,0,0
BRDA:155,21,1,0
BRF:43
BRH:36
end_of_record
